INFO:__main__:Opening local tar: C:\Users\PC_6276\Desktop\datas\Adsb_historical\v2026.01.14-planes-readsb-prod-0.tar
INFO:__main__:v2026.01.14-planes-readsb-prod-0.tar: 65549 trace member(s) found
INFO:__main__:  Progress: 300/65549 members
INFO:__main__:Silver part 00000: 397634 rows (total 397634 so far)
INFO:__main__:  Progress: 600/65549 members
INFO:__main__:Silver part 00001: 431915 rows (total 829549 so far)
INFO:__main__:  Progress: 900/65549 members
INFO:__main__:Silver part 00002: 358942 rows (total 1188491 so far)
INFO:__main__:  Progress: 1200/65549 members
INFO:__main__:Silver part 00003: 366675 rows (total 1555166 so far)
INFO:__main__:  Progress: 1500/65549 members
INFO:__main__:Silver part 00004: 382347 rows (total 1937513 so far)
INFO:__main__:  Progress: 1800/65549 members
INFO:__main__:Silver part 00005: 389050 rows (total 2326563 so far)
INFO:__main__:  Progress: 2100/65549 members
INFO:__main__:Silver part 00006: 412569 rows (total 2739132 so far)
INFO:__main__:  Progress: 2400/65549 members
INFO:__main__:Silver part 00007: 439648 rows (total 3178780 so far)
INFO:__main__:  Progress: 2700/65549 members
INFO:__main__:Silver part 00008: 378097 rows (total 3556877 so far)
INFO:__main__:  Progress: 3000/65549 members
INFO:__main__:Silver part 00009: 364488 rows (total 3921365 so far)
INFO:__main__:  Progress: 3300/65549 members
INFO:__main__:Silver part 00010: 364483 rows (total 4285848 so far)
INFO:__main__:  Progress: 3600/65549 members
INFO:__main__:Silver part 00011: 370342 rows (total 4656190 so far)
INFO:__main__:  Progress: 3900/65549 members
INFO:__main__:Silver part 00012: 356162 rows (total 5012352 so far)
INFO:__main__:  Progress: 4200/65549 members
INFO:__main__:Silver part 00013: 423189 rows (total 5435541 so far)
INFO:__main__:  Progress: 4500/65549 members
INFO:__main__:Silver part 00014: 346153 rows (total 5781694 so far)
INFO:__main__:  Progress: 4800/65549 members
INFO:__main__:Silver part 00015: 410321 rows (total 6192015 so far)
INFO:__main__:  Progress: 5100/65549 members
INFO:__main__:Silver part 00016: 362784 rows (total 6554799 so far)
INFO:__main__:  Progress: 5400/65549 members
INFO:__main__:Silver part 00017: 393185 rows (total 6947984 so far)
INFO:__main__:  Progress: 5700/65549 members
INFO:__main__:Silver part 00018: 378510 rows (total 7326494 so far)
INFO:__main__:  Progress: 6000/65549 members
INFO:__main__:Silver part 00019: 373902 rows (total 7700396 so far)
INFO:__main__:  Progress: 6300/65549 members
INFO:__main__:Silver part 00020: 369396 rows (total 8069792 so far)
INFO:__main__:  Progress: 6600/65549 members
INFO:__main__:Silver part 00021: 424379 rows (total 8494171 so far)
INFO:__main__:  Progress: 6900/65549 members
INFO:__main__:Silver part 00022: 401738 rows (total 8895909 so far)
INFO:__main__:  Progress: 7200/65549 members
INFO:__main__:Silver part 00023: 407591 rows (total 9303500 so far)
INFO:__main__:  Progress: 7500/65549 members
INFO:__main__:Silver part 00024: 387276 rows (total 9690776 so far)
INFO:__main__:  Progress: 7800/65549 members
INFO:__main__:Silver part 00025: 372210 rows (total 10062986 so far)
INFO:__main__:  Progress: 8100/65549 members
INFO:__main__:Silver part 00026: 424667 rows (total 10487653 so far)
INFO:__main__:  Progress: 8400/65549 members
INFO:__main__:Silver part 00027: 415849 rows (total 10903502 so far)
INFO:__main__:  Progress: 8700/65549 members
INFO:__main__:Silver part 00028: 415481 rows (total 11318983 so far)
INFO:__main__:  Progress: 9000/65549 members
INFO:__main__:Silver part 00029: 422464 rows (total 11741447 so far)
INFO:__main__:  Progress: 9300/65549 members
INFO:__main__:Silver part 00030: 336766 rows (total 12078213 so far)
INFO:__main__:  Progress: 9600/65549 members
INFO:__main__:Silver part 00031: 392147 rows (total 12470360 so far)
INFO:__main__:  Progress: 9900/65549 members
INFO:__main__:Silver part 00032: 426821 rows (total 12897181 so far)
INFO:__main__:  Progress: 10200/65549 members
INFO:__main__:Silver part 00033: 399367 rows (total 13296548 so far)
INFO:__main__:  Progress: 10500/65549 members
INFO:__main__:Silver part 00034: 331250 rows (total 13627798 so far)
INFO:__main__:  Progress: 10800/65549 members
INFO:__main__:Silver part 00035: 393504 rows (total 14021302 so far)
INFO:__main__:  Progress: 11100/65549 members
INFO:__main__:Silver part 00036: 387959 rows (total 14409261 so far)
INFO:__main__:  Progress: 11400/65549 members
INFO:__main__:Silver part 00037: 396531 rows (total 14805792 so far)
INFO:__main__:  Progress: 11700/65549 members
INFO:__main__:Silver part 00038: 414037 rows (total 15219829 so far)
INFO:__main__:  Progress: 12000/65549 members
INFO:__main__:Silver part 00039: 377061 rows (total 15596890 so far)
INFO:__main__:  Progress: 12300/65549 members
INFO:__main__:Silver part 00040: 467170 rows (total 16064060 so far)
INFO:__main__:  Progress: 12600/65549 members
INFO:__main__:Silver part 00041: 383692 rows (total 16447752 so far)
INFO:__main__:  Progress: 12900/65549 members
INFO:__main__:Silver part 00042: 377464 rows (total 16825216 so far)
INFO:__main__:  Progress: 13200/65549 members
INFO:__main__:Silver part 00043: 363772 rows (total 17188988 so far)
INFO:__main__:  Progress: 13500/65549 members
INFO:__main__:Silver part 00044: 429846 rows (total 17618834 so far)
INFO:__main__:  Progress: 13800/65549 members
INFO:__main__:Silver part 00045: 370580 rows (total 17989414 so far)
INFO:__main__:  Progress: 14100/65549 members
INFO:__main__:Silver part 00046: 355216 rows (total 18344630 so far)
INFO:__main__:  Progress: 14400/65549 members
INFO:__main__:Silver part 00047: 365249 rows (total 18709879 so far)
INFO:__main__:  Progress: 14700/65549 members
INFO:__main__:Silver part 00048: 391543 rows (total 19101422 so far)
INFO:__main__:  Progress: 15000/65549 members
INFO:__main__:Silver part 00049: 362057 rows (total 19463479 so far)
INFO:__main__:  Progress: 15300/65549 members
INFO:__main__:Silver part 00050: 388764 rows (total 19852243 so far)
INFO:__main__:  Progress: 15600/65549 members
INFO:__main__:Silver part 00051: 358009 rows (total 20210252 so far)
INFO:__main__:  Progress: 15900/65549 members
INFO:__main__:Silver part 00052: 418111 rows (total 20628363 so far)
INFO:__main__:  Progress: 16200/65549 members
INFO:__main__:Silver part 00053: 371582 rows (total 20999945 so far)
INFO:__main__:  Progress: 16500/65549 members
INFO:__main__:Silver part 00054: 361257 rows (total 21361202 so far)
INFO:__main__:  Progress: 16800/65549 members
INFO:__main__:Silver part 00055: 372559 rows (total 21733761 so far)
INFO:__main__:  Progress: 17100/65549 members
INFO:__main__:Silver part 00056: 379817 rows (total 22113578 so far)
INFO:__main__:  Progress: 17400/65549 members
INFO:__main__:Silver part 00057: 369584 rows (total 22483162 so far)
INFO:__main__:  Progress: 17700/65549 members
INFO:__main__:Silver part 00058: 391095 rows (total 22874257 so far)
INFO:__main__:  Progress: 18000/65549 members
INFO:__main__:Silver part 00059: 430741 rows (total 23304998 so far)
INFO:__main__:  Progress: 18300/65549 members
INFO:__main__:Silver part 00060: 364968 rows (total 23669966 so far)
INFO:__main__:  Progress: 18600/65549 members
INFO:__main__:Silver part 00061: 416435 rows (total 24086401 so far)
INFO:__main__:  Progress: 18900/65549 members
INFO:__main__:Silver part 00062: 372140 rows (total 24458541 so far)
INFO:__main__:  Progress: 19200/65549 members
INFO:__main__:Silver part 00063: 391087 rows (total 24849628 so far)
INFO:__main__:  Progress: 19500/65549 members
INFO:__main__:Silver part 00064: 369339 rows (total 25218967 so far)
INFO:__main__:  Progress: 19800/65549 members
INFO:__main__:Silver part 00065: 401330 rows (total 25620297 so far)
INFO:__main__:  Progress: 20100/65549 members
INFO:__main__:Silver part 00066: 429589 rows (total 26049886 so far)
INFO:__main__:  Progress: 20400/65549 members
INFO:__main__:Silver part 00067: 375466 rows (total 26425352 so far)
INFO:__main__:  Progress: 20700/65549 members
INFO:__main__:Silver part 00068: 341760 rows (total 26767112 so far)
INFO:__main__:  Progress: 21000/65549 members
INFO:__main__:Silver part 00069: 377684 rows (total 27144796 so far)
INFO:__main__:  Progress: 21300/65549 members
INFO:__main__:Silver part 00070: 388589 rows (total 27533385 so far)
INFO:__main__:  Progress: 21600/65549 members
INFO:__main__:Silver part 00071: 426551 rows (total 27959936 so far)
INFO:__main__:  Progress: 21900/65549 members
INFO:__main__:Silver part 00072: 363094 rows (total 28323030 so far)
INFO:__main__:  Progress: 22200/65549 members
INFO:__main__:Silver part 00073: 392400 rows (total 28715430 so far)
INFO:__main__:  Progress: 22500/65549 members
INFO:__main__:Silver part 00074: 399447 rows (total 29114877 so far)
INFO:__main__:  Progress: 22800/65549 members
INFO:__main__:Silver part 00075: 356585 rows (total 29471462 so far)
INFO:__main__:  Progress: 23100/65549 members
INFO:__main__:Silver part 00076: 396090 rows (total 29867552 so far)
INFO:__main__:  Progress: 23400/65549 members
INFO:__main__:Silver part 00077: 347864 rows (total 30215416 so far)
INFO:__main__:  Progress: 23700/65549 members
INFO:__main__:Silver part 00078: 399743 rows (total 30615159 so far)
INFO:__main__:  Progress: 24000/65549 members
INFO:__main__:Silver part 00079: 386619 rows (total 31001778 so far)
INFO:__main__:  Progress: 24300/65549 members
INFO:__main__:Silver part 00080: 469780 rows (total 31471558 so far)
INFO:__main__:  Progress: 24600/65549 members
INFO:__main__:Silver part 00081: 476726 rows (total 31948284 so far)
INFO:__main__:  Progress: 24900/65549 members
INFO:__main__:Silver part 00082: 366416 rows (total 32314700 so far)
INFO:__main__:  Progress: 25200/65549 members
INFO:__main__:Silver part 00083: 412250 rows (total 32726950 so far)
INFO:__main__:  Progress: 25500/65549 members
INFO:__main__:Silver part 00084: 369544 rows (total 33096494 so far)
INFO:__main__:  Progress: 25800/65549 members
INFO:__main__:Silver part 00085: 404576 rows (total 33501070 so far)
INFO:__main__:  Progress: 26100/65549 members
INFO:__main__:Silver part 00086: 393051 rows (total 33894121 so far)
INFO:__main__:  Progress: 26400/65549 members
INFO:__main__:Silver part 00087: 356619 rows (total 34250740 so far)
INFO:__main__:  Progress: 26700/65549 members
INFO:__main__:Silver part 00088: 365292 rows (total 34616032 so far)
INFO:__main__:  Progress: 27000/65549 members
INFO:__main__:Silver part 00089: 363898 rows (total 34979930 so far)
INFO:__main__:  Progress: 27300/65549 members
INFO:__main__:Silver part 00090: 372580 rows (total 35352510 so far)
INFO:__main__:  Progress: 27600/65549 members
INFO:__main__:Silver part 00091: 345879 rows (total 35698389 so far)
INFO:__main__:  Progress: 27900/65549 members
INFO:__main__:Silver part 00092: 347659 rows (total 36046048 so far)
INFO:__main__:  Progress: 28200/65549 members
INFO:__main__:Silver part 00093: 395633 rows (total 36441681 so far)
INFO:__main__:  Progress: 28500/65549 members
INFO:__main__:Silver part 00094: 398853 rows (total 36840534 so far)
INFO:__main__:  Progress: 28800/65549 members
INFO:__main__:Silver part 00095: 407667 rows (total 37248201 so far)
INFO:__main__:  Progress: 29100/65549 members
INFO:__main__:Silver part 00096: 350350 rows (total 37598551 so far)
INFO:__main__:  Progress: 29400/65549 members
INFO:__main__:Silver part 00097: 426337 rows (total 38024888 so far)
INFO:__main__:  Progress: 29700/65549 members
INFO:__main__:Silver part 00098: 401368 rows (total 38426256 so far)
INFO:__main__:  Progress: 30000/65549 members
INFO:__main__:Silver part 00099: 378533 rows (total 38804789 so far)
INFO:__main__:  Progress: 30300/65549 members
INFO:__main__:Silver part 00100: 364563 rows (total 39169352 so far)
INFO:__main__:  Progress: 30600/65549 members
INFO:__main__:Silver part 00101: 385321 rows (total 39554673 so far)
INFO:__main__:  Progress: 30900/65549 members
INFO:__main__:Silver part 00102: 361469 rows (total 39916142 so far)
INFO:__main__:  Progress: 31200/65549 members
INFO:__main__:Silver part 00103: 376346 rows (total 40292488 so far)
INFO:__main__:  Progress: 31500/65549 members
INFO:__main__:Silver part 00104: 375101 rows (total 40667589 so far)
INFO:__main__:  Progress: 31800/65549 members
INFO:__main__:Silver part 00105: 413541 rows (total 41081130 so far)
INFO:__main__:  Progress: 32100/65549 members
INFO:__main__:Silver part 00106: 359796 rows (total 41440926 so far)
INFO:__main__:  Progress: 32400/65549 members
INFO:__main__:Silver part 00107: 384537 rows (total 41825463 so far)
INFO:__main__:  Progress: 32700/65549 members
INFO:__main__:Silver part 00108: 420882 rows (total 42246345 so far)
INFO:__main__:  Progress: 33000/65549 members
INFO:__main__:Silver part 00109: 382254 rows (total 42628599 so far)
INFO:__main__:  Progress: 33300/65549 members
INFO:__main__:Silver part 00110: 368235 rows (total 42996834 so far)
INFO:__main__:  Progress: 33600/65549 members
INFO:__main__:Silver part 00111: 357790 rows (total 43354624 so far)
INFO:__main__:  Progress: 33900/65549 members
INFO:__main__:Silver part 00112: 342362 rows (total 43696986 so far)
INFO:__main__:  Progress: 34200/65549 members
INFO:__main__:Silver part 00113: 353082 rows (total 44050068 so far)
INFO:__main__:  Progress: 34500/65549 members
INFO:__main__:Silver part 00114: 365919 rows (total 44415987 so far)
INFO:__main__:  Progress: 34800/65549 members
INFO:__main__:Silver part 00115: 378499 rows (total 44794486 so far)
INFO:__main__:  Progress: 35100/65549 members
INFO:__main__:Silver part 00116: 395145 rows (total 45189631 so far)
INFO:__main__:  Progress: 35400/65549 members
INFO:__main__:Silver part 00117: 370904 rows (total 45560535 so far)
INFO:__main__:  Progress: 35700/65549 members
INFO:__main__:Silver part 00118: 353826 rows (total 45914361 so far)
INFO:__main__:  Progress: 36000/65549 members
INFO:__main__:Silver part 00119: 365235 rows (total 46279596 so far)
INFO:__main__:  Progress: 36300/65549 members
INFO:__main__:Silver part 00120: 378210 rows (total 46657806 so far)
INFO:__main__:  Progress: 36600/65549 members
INFO:__main__:Silver part 00121: 418001 rows (total 47075807 so far)
INFO:__main__:  Progress: 36900/65549 members
INFO:__main__:Silver part 00122: 384821 rows (total 47460628 so far)
INFO:__main__:  Progress: 37200/65549 members
INFO:__main__:Silver part 00123: 396102 rows (total 47856730 so far)
INFO:__main__:  Progress: 37500/65549 members
INFO:__main__:Silver part 00124: 391054 rows (total 48247784 so far)
INFO:__main__:  Progress: 37800/65549 members
INFO:__main__:Silver part 00125: 396831 rows (total 48644615 so far)
INFO:__main__:  Progress: 38100/65549 members
INFO:__main__:Silver part 00126: 401102 rows (total 49045717 so far)
INFO:__main__:  Progress: 38400/65549 members
INFO:__main__:Silver part 00127: 391756 rows (total 49437473 so far)
INFO:__main__:  Progress: 38700/65549 members
INFO:__main__:Silver part 00128: 328383 rows (total 49765856 so far)
INFO:__main__:  Progress: 39000/65549 members
INFO:__main__:Silver part 00129: 389928 rows (total 50155784 so far)
INFO:__main__:  Progress: 39300/65549 members
INFO:__main__:Silver part 00130: 372873 rows (total 50528657 so far)
INFO:__main__:  Progress: 39600/65549 members
INFO:__main__:Silver part 00131: 377394 rows (total 50906051 so far)
INFO:__main__:  Progress: 39900/65549 members
INFO:__main__:Silver part 00132: 345930 rows (total 51251981 so far)
INFO:__main__:  Progress: 40200/65549 members
INFO:__main__:Silver part 00133: 390222 rows (total 51642203 so far)
INFO:__main__:  Progress: 40500/65549 members
INFO:__main__:Silver part 00134: 364573 rows (total 52006776 so far)
INFO:__main__:  Progress: 40800/65549 members
INFO:__main__:Silver part 00135: 385288 rows (total 52392064 so far)
INFO:__main__:  Progress: 41100/65549 members
INFO:__main__:Silver part 00136: 426441 rows (total 52818505 so far)
INFO:__main__:  Progress: 41400/65549 members
INFO:__main__:Silver part 00137: 352750 rows (total 53171255 so far)
INFO:__main__:  Progress: 41700/65549 members
INFO:__main__:Silver part 00138: 396033 rows (total 53567288 so far)
INFO:__main__:  Progress: 42000/65549 members
INFO:__main__:Silver part 00139: 440619 rows (total 54007907 so far)
INFO:__main__:  Progress: 42300/65549 members
INFO:__main__:Silver part 00140: 358962 rows (total 54366869 so far)
INFO:__main__:  Progress: 42600/65549 members
INFO:__main__:Silver part 00141: 415531 rows (total 54782400 so far)
INFO:__main__:  Progress: 42900/65549 members
INFO:__main__:Silver part 00142: 384514 rows (total 55166914 so far)
INFO:__main__:  Progress: 43200/65549 members
INFO:__main__:Silver part 00143: 407706 rows (total 55574620 so far)
INFO:__main__:  Progress: 43500/65549 members
INFO:__main__:Silver part 00144: 394504 rows (total 55969124 so far)
INFO:__main__:  Progress: 43800/65549 members
INFO:__main__:Silver part 00145: 380812 rows (total 56349936 so far)
INFO:__main__:  Progress: 44100/65549 members
INFO:__main__:Silver part 00146: 343259 rows (total 56693195 so far)
INFO:__main__:  Progress: 44400/65549 members
INFO:__main__:Silver part 00147: 382501 rows (total 57075696 so far)
INFO:__main__:  Progress: 44700/65549 members
INFO:__main__:Silver part 00148: 402049 rows (total 57477745 so far)
INFO:__main__:  Progress: 45000/65549 members
INFO:__main__:Silver part 00149: 364183 rows (total 57841928 so far)
INFO:__main__:  Progress: 45300/65549 members
INFO:__main__:Silver part 00150: 391069 rows (total 58232997 so far)
INFO:__main__:  Progress: 45600/65549 members
INFO:__main__:Silver part 00151: 343590 rows (total 58576587 so far)
INFO:__main__:  Progress: 45900/65549 members
INFO:__main__:Silver part 00152: 376473 rows (total 58953060 so far)
INFO:__main__:  Progress: 46200/65549 members
INFO:__main__:Silver part 00153: 398180 rows (total 59351240 so far)
INFO:__main__:  Progress: 46500/65549 members
INFO:__main__:Silver part 00154: 376722 rows (total 59727962 so far)
INFO:__main__:  Progress: 46800/65549 members
INFO:__main__:Silver part 00155: 409228 rows (total 60137190 so far)
INFO:__main__:  Progress: 47100/65549 members
INFO:__main__:Silver part 00156: 342993 rows (total 60480183 so far)
INFO:__main__:  Progress: 47400/65549 members
INFO:__main__:Silver part 00157: 397299 rows (total 60877482 so far)
INFO:__main__:  Progress: 47700/65549 members
INFO:__main__:Silver part 00158: 365566 rows (total 61243048 so far)
INFO:__main__:  Progress: 48000/65549 members
INFO:__main__:Silver part 00159: 318205 rows (total 61561253 so far)
INFO:__main__:  Progress: 48300/65549 members
INFO:__main__:Silver part 00160: 372108 rows (total 61933361 so far)
INFO:__main__:  Progress: 48600/65549 members
INFO:__main__:Silver part 00161: 400342 rows (total 62333703 so far)
INFO:__main__:  Progress: 48900/65549 members
INFO:__main__:Silver part 00162: 379229 rows (total 62712932 so far)
INFO:__main__:  Progress: 49200/65549 members
INFO:__main__:Silver part 00163: 360606 rows (total 63073538 so far)
INFO:__main__:  Progress: 49500/65549 members
INFO:__main__:Silver part 00164: 433115 rows (total 63506653 so far)
INFO:__main__:  Progress: 49800/65549 members
INFO:__main__:Silver part 00165: 407289 rows (total 63913942 so far)
INFO:__main__:  Progress: 50100/65549 members
INFO:__main__:Silver part 00166: 392653 rows (total 64306595 so far)
INFO:__main__:  Progress: 50400/65549 members
INFO:__main__:Silver part 00167: 376055 rows (total 64682650 so far)
INFO:__main__:  Progress: 50700/65549 members
INFO:__main__:Silver part 00168: 366040 rows (total 65048690 so far)
INFO:__main__:  Progress: 51000/65549 members
INFO:__main__:Silver part 00169: 370703 rows (total 65419393 so far)
INFO:__main__:  Progress: 51300/65549 members
INFO:__main__:Silver part 00170: 403187 rows (total 65822580 so far)
INFO:__main__:  Progress: 51600/65549 members
INFO:__main__:Silver part 00171: 408370 rows (total 66230950 so far)
INFO:__main__:  Progress: 51900/65549 members
INFO:__main__:Silver part 00172: 392153 rows (total 66623103 so far)
INFO:__main__:  Progress: 52200/65549 members
INFO:__main__:Silver part 00173: 377301 rows (total 67000404 so far)
INFO:__main__:  Progress: 52500/65549 members
INFO:__main__:Silver part 00174: 431808 rows (total 67432212 so far)
INFO:__main__:  Progress: 52800/65549 members
INFO:__main__:Silver part 00175: 359416 rows (total 67791628 so far)
INFO:__main__:  Progress: 53100/65549 members
INFO:__main__:Silver part 00176: 427128 rows (total 68218756 so far)
INFO:__main__:  Progress: 53400/65549 members
INFO:__main__:Silver part 00177: 302443 rows (total 68521199 so far)
INFO:__main__:  Progress: 53700/65549 members
INFO:__main__:Silver part 00178: 312324 rows (total 68833523 so far)
INFO:__main__:  Progress: 54000/65549 members
INFO:__main__:Silver part 00179: 325029 rows (total 69158552 so far)
INFO:__main__:  Progress: 54300/65549 members
INFO:__main__:Silver part 00180: 393718 rows (total 69552270 so far)
INFO:__main__:  Progress: 54600/65549 members
INFO:__main__:Silver part 00181: 405092 rows (total 69957362 so far)
INFO:__main__:  Progress: 54900/65549 members
INFO:__main__:Silver part 00182: 408460 rows (total 70365822 so far)
INFO:__main__:  Progress: 55200/65549 members
INFO:__main__:Silver part 00183: 393939 rows (total 70759761 so far)
INFO:__main__:  Progress: 55500/65549 members
INFO:__main__:Silver part 00184: 381939 rows (total 71141700 so far)
INFO:__main__:  Progress: 55800/65549 members
INFO:__main__:Silver part 00185: 364517 rows (total 71506217 so far)
INFO:__main__:  Progress: 56100/65549 members
INFO:__main__:Silver part 00186: 385900 rows (total 71892117 so far)
INFO:__main__:  Progress: 56400/65549 members
INFO:__main__:Silver part 00187: 399486 rows (total 72291603 so far)
INFO:__main__:  Progress: 56700/65549 members
INFO:__main__:Silver part 00188: 416653 rows (total 72708256 so far)
INFO:__main__:  Progress: 57000/65549 members
INFO:__main__:Silver part 00189: 420280 rows (total 73128536 so far)
INFO:__main__:  Progress: 57300/65549 members
INFO:__main__:Silver part 00190: 370739 rows (total 73499275 so far)
INFO:__main__:  Progress: 57600/65549 members
INFO:__main__:Silver part 00191: 389272 rows (total 73888547 so far)
INFO:__main__:  Progress: 57900/65549 members
INFO:__main__:Silver part 00192: 382499 rows (total 74271046 so far)
INFO:__main__:  Progress: 58200/65549 members
INFO:__main__:Silver part 00193: 390482 rows (total 74661528 so far)
INFO:__main__:  Progress: 58500/65549 members
INFO:__main__:Silver part 00194: 406107 rows (total 75067635 so far)
INFO:__main__:  Progress: 58800/65549 members
INFO:__main__:Silver part 00195: 412391 rows (total 75480026 so far)
INFO:__main__:  Progress: 59100/65549 members
INFO:__main__:Silver part 00196: 403878 rows (total 75883904 so far)
INFO:__main__:  Progress: 59400/65549 members
INFO:__main__:Silver part 00197: 370119 rows (total 76254023 so far)
INFO:__main__:  Progress: 59700/65549 members
INFO:__main__:Silver part 00198: 290686 rows (total 76544709 so far)
INFO:__main__:  Progress: 60000/65549 members
INFO:__main__:Silver part 00199: 377739 rows (total 76922448 so far)
INFO:__main__:  Progress: 60300/65549 members
INFO:__main__:Silver part 00200: 408404 rows (total 77330852 so far)
INFO:__main__:  Progress: 60600/65549 members
INFO:__main__:Silver part 00201: 324629 rows (total 77655481 so far)
INFO:__main__:  Progress: 60900/65549 members
INFO:__main__:Silver part 00202: 375052 rows (total 78030533 so far)
INFO:__main__:  Progress: 61200/65549 members
INFO:__main__:Silver part 00203: 390840 rows (total 78421373 so far)
INFO:__main__:  Progress: 61500/65549 members
INFO:__main__:Silver part 00204: 357874 rows (total 78779247 so far)
INFO:__main__:  Progress: 61800/65549 members
INFO:__main__:Silver part 00205: 395101 rows (total 79174348 so far)
INFO:__main__:  Progress: 62100/65549 members
INFO:__main__:Silver part 00206: 363344 rows (total 79537692 so far)
INFO:__main__:  Progress: 62400/65549 members
INFO:__main__:Silver part 00207: 323160 rows (total 79860852 so far)
INFO:__main__:  Progress: 62700/65549 members
INFO:__main__:Silver part 00208: 377511 rows (total 80238363 so far)
INFO:__main__:  Progress: 63000/65549 members
INFO:__main__:Silver part 00209: 372781 rows (total 80611144 so far)
INFO:__main__:  Progress: 63300/65549 members
INFO:__main__:Silver part 00210: 387939 rows (total 80999083 so far)
INFO:__main__:  Progress: 63600/65549 members
INFO:__main__:Silver part 00211: 304974 rows (total 81304057 so far)
INFO:__main__:  Progress: 63900/65549 members
INFO:__main__:Silver part 00212: 346123 rows (total 81650180 so far)
INFO:__main__:  Progress: 64200/65549 members
INFO:__main__:Silver part 00213: 389308 rows (total 82039488 so far)
INFO:__main__:  Progress: 64500/65549 members
INFO:__main__:Silver part 00214: 397567 rows (total 82437055 so far)
INFO:__main__:  Progress: 64800/65549 members
INFO:__main__:Silver part 00215: 356245 rows (total 82793300 so far)
INFO:__main__:  Progress: 65100/65549 members
INFO:__main__:Silver part 00216: 361875 rows (total 83155175 so far)
INFO:__main__:  Progress: 65400/65549 members
INFO:__main__:Silver part 00217: 394942 rows (total 83550117 so far)
INFO:__main__:Silver part 00218: 215150 rows (total 83765267 so far)
INFO:__main__:Done v2026.01.14-planes-readsb-prod-0.tar: 219 Silver part(s), 83765267 total rows, 0 error(s)
