INFO:__main__:Opening local tar: C:\Users\PC_6276\Desktop\datas\Adsb_historical\v2025.10.15-planes-readsb-prod-0.tar
INFO:__main__:v2025.10.15-planes-readsb-prod-0.tar: 54488 trace member(s) found
INFO:__main__:  Progress: 300/54488 members
INFO:__main__:Silver part 00000: 347459 rows (total 347459 so far)
INFO:__main__:  Progress: 600/54488 members
INFO:__main__:Silver part 00001: 353586 rows (total 701045 so far)
INFO:__main__:  Progress: 900/54488 members
INFO:__main__:Silver part 00002: 426474 rows (total 1127519 so far)
INFO:__main__:  Progress: 1200/54488 members
INFO:__main__:Silver part 00003: 408871 rows (total 1536390 so far)
INFO:__main__:  Progress: 1500/54488 members
INFO:__main__:Silver part 00004: 378965 rows (total 1915355 so far)
INFO:__main__:  Progress: 1800/54488 members
INFO:__main__:Silver part 00005: 432396 rows (total 2347751 so far)
INFO:__main__:  Progress: 2100/54488 members
INFO:__main__:Silver part 00006: 423372 rows (total 2771123 so far)
INFO:__main__:  Progress: 2400/54488 members
INFO:__main__:Silver part 00007: 404054 rows (total 3175177 so far)
INFO:__main__:  Progress: 2700/54488 members
INFO:__main__:Silver part 00008: 425209 rows (total 3600386 so far)
INFO:__main__:  Progress: 3000/54488 members
INFO:__main__:Silver part 00009: 380958 rows (total 3981344 so far)
INFO:__main__:  Progress: 3300/54488 members
INFO:__main__:Silver part 00010: 397967 rows (total 4379311 so far)
INFO:__main__:  Progress: 3600/54488 members
INFO:__main__:Silver part 00011: 429864 rows (total 4809175 so far)
INFO:__main__:  Progress: 3900/54488 members
INFO:__main__:Silver part 00012: 378944 rows (total 5188119 so far)
INFO:__main__:  Progress: 4200/54488 members
INFO:__main__:Silver part 00013: 408993 rows (total 5597112 so far)
INFO:__main__:  Progress: 4500/54488 members
INFO:__main__:Silver part 00014: 409230 rows (total 6006342 so far)
INFO:__main__:  Progress: 4800/54488 members
INFO:__main__:Silver part 00015: 413416 rows (total 6419758 so far)
INFO:__main__:  Progress: 5100/54488 members
INFO:__main__:Silver part 00016: 415689 rows (total 6835447 so far)
INFO:__main__:  Progress: 5400/54488 members
INFO:__main__:Silver part 00017: 397318 rows (total 7232765 so far)
INFO:__main__:  Progress: 5700/54488 members
INFO:__main__:Silver part 00018: 351632 rows (total 7584397 so far)
INFO:__main__:  Progress: 6000/54488 members
INFO:__main__:Silver part 00019: 437699 rows (total 8022096 so far)
INFO:__main__:  Progress: 6300/54488 members
INFO:__main__:Silver part 00020: 369735 rows (total 8391831 so far)
INFO:__main__:  Progress: 6600/54488 members
INFO:__main__:Silver part 00021: 386296 rows (total 8778127 so far)
INFO:__main__:  Progress: 6900/54488 members
INFO:__main__:Silver part 00022: 388618 rows (total 9166745 so far)
INFO:__main__:  Progress: 7200/54488 members
INFO:__main__:Silver part 00023: 418536 rows (total 9585281 so far)
INFO:__main__:  Progress: 7500/54488 members
INFO:__main__:Silver part 00024: 366553 rows (total 9951834 so far)
INFO:__main__:  Progress: 7800/54488 members
INFO:__main__:Silver part 00025: 345343 rows (total 10297177 so far)
INFO:__main__:  Progress: 8100/54488 members
INFO:__main__:Silver part 00026: 371430 rows (total 10668607 so far)
INFO:__main__:  Progress: 8400/54488 members
INFO:__main__:Silver part 00027: 366067 rows (total 11034674 so far)
INFO:__main__:  Progress: 8700/54488 members
INFO:__main__:Silver part 00028: 429195 rows (total 11463869 so far)
INFO:__main__:  Progress: 9000/54488 members
INFO:__main__:Silver part 00029: 384575 rows (total 11848444 so far)
INFO:__main__:  Progress: 9300/54488 members
INFO:__main__:Silver part 00030: 384908 rows (total 12233352 so far)
INFO:__main__:  Progress: 9600/54488 members
INFO:__main__:Silver part 00031: 416969 rows (total 12650321 so far)
INFO:__main__:  Progress: 9900/54488 members
INFO:__main__:Silver part 00032: 402823 rows (total 13053144 so far)
INFO:__main__:  Progress: 10200/54488 members
INFO:__main__:Silver part 00033: 382779 rows (total 13435923 so far)
INFO:__main__:  Progress: 10500/54488 members
INFO:__main__:Silver part 00034: 403528 rows (total 13839451 so far)
INFO:__main__:  Progress: 10800/54488 members
INFO:__main__:Silver part 00035: 394262 rows (total 14233713 so far)
INFO:__main__:  Progress: 11100/54488 members
INFO:__main__:Silver part 00036: 392101 rows (total 14625814 so far)
INFO:__main__:  Progress: 11400/54488 members
INFO:__main__:Silver part 00037: 361796 rows (total 14987610 so far)
INFO:__main__:  Progress: 11700/54488 members
INFO:__main__:Silver part 00038: 386431 rows (total 15374041 so far)
INFO:__main__:  Progress: 12000/54488 members
INFO:__main__:Silver part 00039: 407741 rows (total 15781782 so far)
INFO:__main__:  Progress: 12300/54488 members
INFO:__main__:Silver part 00040: 403269 rows (total 16185051 so far)
INFO:__main__:  Progress: 12600/54488 members
INFO:__main__:Silver part 00041: 375784 rows (total 16560835 so far)
INFO:__main__:  Progress: 12900/54488 members
INFO:__main__:Silver part 00042: 457376 rows (total 17018211 so far)
INFO:__main__:  Progress: 13200/54488 members
INFO:__main__:Silver part 00043: 386486 rows (total 17404697 so far)
INFO:__main__:  Progress: 13500/54488 members
INFO:__main__:Silver part 00044: 384356 rows (total 17789053 so far)
INFO:__main__:  Progress: 13800/54488 members
INFO:__main__:Silver part 00045: 413542 rows (total 18202595 so far)
INFO:__main__:  Progress: 14100/54488 members
INFO:__main__:Silver part 00046: 442070 rows (total 18644665 so far)
INFO:__main__:  Progress: 14400/54488 members
INFO:__main__:Silver part 00047: 414372 rows (total 19059037 so far)
INFO:__main__:  Progress: 14700/54488 members
INFO:__main__:Silver part 00048: 424473 rows (total 19483510 so far)
INFO:__main__:  Progress: 15000/54488 members
INFO:__main__:Silver part 00049: 408598 rows (total 19892108 so far)
INFO:__main__:  Progress: 15300/54488 members
INFO:__main__:Silver part 00050: 382098 rows (total 20274206 so far)
INFO:__main__:  Progress: 15600/54488 members
INFO:__main__:Silver part 00051: 413634 rows (total 20687840 so far)
INFO:__main__:  Progress: 15900/54488 members
INFO:__main__:Silver part 00052: 391388 rows (total 21079228 so far)
INFO:__main__:  Progress: 16200/54488 members
INFO:__main__:Silver part 00053: 365730 rows (total 21444958 so far)
INFO:__main__:  Progress: 16500/54488 members
INFO:__main__:Silver part 00054: 352543 rows (total 21797501 so far)
INFO:__main__:  Progress: 16800/54488 members
INFO:__main__:Silver part 00055: 408640 rows (total 22206141 so far)
INFO:__main__:  Progress: 17100/54488 members
INFO:__main__:Silver part 00056: 372436 rows (total 22578577 so far)
INFO:__main__:  Progress: 17400/54488 members
INFO:__main__:Silver part 00057: 383890 rows (total 22962467 so far)
INFO:__main__:  Progress: 17700/54488 members
INFO:__main__:Silver part 00058: 407641 rows (total 23370108 so far)
INFO:__main__:  Progress: 18000/54488 members
INFO:__main__:Silver part 00059: 378713 rows (total 23748821 so far)
INFO:__main__:  Progress: 18300/54488 members
INFO:__main__:Silver part 00060: 365839 rows (total 24114660 so far)
INFO:__main__:  Progress: 18600/54488 members
INFO:__main__:Silver part 00061: 384932 rows (total 24499592 so far)
INFO:__main__:  Progress: 18900/54488 members
INFO:__main__:Silver part 00062: 379333 rows (total 24878925 so far)
INFO:__main__:  Progress: 19200/54488 members
INFO:__main__:Silver part 00063: 379430 rows (total 25258355 so far)
INFO:__main__:  Progress: 19500/54488 members
INFO:__main__:Silver part 00064: 368891 rows (total 25627246 so far)
INFO:__main__:  Progress: 19800/54488 members
INFO:__main__:Silver part 00065: 395233 rows (total 26022479 so far)
INFO:__main__:  Progress: 20100/54488 members
INFO:__main__:Silver part 00066: 387027 rows (total 26409506 so far)
INFO:__main__:  Progress: 20400/54488 members
INFO:__main__:Silver part 00067: 389413 rows (total 26798919 so far)
INFO:__main__:  Progress: 20700/54488 members
INFO:__main__:Silver part 00068: 368235 rows (total 27167154 so far)
INFO:__main__:  Progress: 21000/54488 members
INFO:__main__:Silver part 00069: 402866 rows (total 27570020 so far)
INFO:__main__:  Progress: 21300/54488 members
INFO:__main__:Silver part 00070: 364887 rows (total 27934907 so far)
INFO:__main__:  Progress: 21600/54488 members
INFO:__main__:Silver part 00071: 386740 rows (total 28321647 so far)
INFO:__main__:  Progress: 21900/54488 members
INFO:__main__:Silver part 00072: 395614 rows (total 28717261 so far)
INFO:__main__:  Progress: 22200/54488 members
INFO:__main__:Silver part 00073: 418750 rows (total 29136011 so far)
INFO:__main__:  Progress: 22500/54488 members
INFO:__main__:Silver part 00074: 371437 rows (total 29507448 so far)
INFO:__main__:  Progress: 22800/54488 members
INFO:__main__:Silver part 00075: 353363 rows (total 29860811 so far)
INFO:__main__:  Progress: 23100/54488 members
INFO:__main__:Silver part 00076: 416468 rows (total 30277279 so far)
INFO:__main__:  Progress: 23400/54488 members
INFO:__main__:Silver part 00077: 446239 rows (total 30723518 so far)
INFO:__main__:  Progress: 23700/54488 members
INFO:__main__:Silver part 00078: 367641 rows (total 31091159 so far)
INFO:__main__:  Progress: 24000/54488 members
INFO:__main__:Silver part 00079: 362754 rows (total 31453913 so far)
INFO:__main__:  Progress: 24300/54488 members
INFO:__main__:Silver part 00080: 357986 rows (total 31811899 so far)
INFO:__main__:  Progress: 24600/54488 members
INFO:__main__:Silver part 00081: 390919 rows (total 32202818 so far)
INFO:__main__:  Progress: 24900/54488 members
INFO:__main__:Silver part 00082: 418487 rows (total 32621305 so far)
INFO:__main__:  Progress: 25200/54488 members
INFO:__main__:Silver part 00083: 393458 rows (total 33014763 so far)
INFO:__main__:  Progress: 25500/54488 members
INFO:__main__:Silver part 00084: 399902 rows (total 33414665 so far)
INFO:__main__:  Progress: 25800/54488 members
INFO:__main__:Silver part 00085: 353989 rows (total 33768654 so far)
INFO:__main__:  Progress: 26100/54488 members
INFO:__main__:Silver part 00086: 384729 rows (total 34153383 so far)
INFO:__main__:  Progress: 26400/54488 members
INFO:__main__:Silver part 00087: 349759 rows (total 34503142 so far)
INFO:__main__:  Progress: 26700/54488 members
INFO:__main__:Silver part 00088: 390684 rows (total 34893826 so far)
INFO:__main__:  Progress: 27000/54488 members
INFO:__main__:Silver part 00089: 387729 rows (total 35281555 so far)
INFO:__main__:  Progress: 27300/54488 members
INFO:__main__:Silver part 00090: 421476 rows (total 35703031 so far)
INFO:__main__:  Progress: 27600/54488 members
INFO:__main__:Silver part 00091: 398660 rows (total 36101691 so far)
INFO:__main__:  Progress: 27900/54488 members
INFO:__main__:Silver part 00092: 366010 rows (total 36467701 so far)
INFO:__main__:  Progress: 28200/54488 members
INFO:__main__:Silver part 00093: 406445 rows (total 36874146 so far)
INFO:__main__:  Progress: 28500/54488 members
INFO:__main__:Silver part 00094: 401554 rows (total 37275700 so far)
INFO:__main__:  Progress: 28800/54488 members
INFO:__main__:Silver part 00095: 348650 rows (total 37624350 so far)
INFO:__main__:  Progress: 29100/54488 members
INFO:__main__:Silver part 00096: 366386 rows (total 37990736 so far)
INFO:__main__:  Progress: 29400/54488 members
INFO:__main__:Silver part 00097: 345485 rows (total 38336221 so far)
INFO:__main__:  Progress: 29700/54488 members
INFO:__main__:Silver part 00098: 433152 rows (total 38769373 so far)
INFO:__main__:  Progress: 30000/54488 members
INFO:__main__:Silver part 00099: 400960 rows (total 39170333 so far)
INFO:__main__:  Progress: 30300/54488 members
INFO:__main__:Silver part 00100: 366840 rows (total 39537173 so far)
INFO:__main__:  Progress: 30600/54488 members
INFO:__main__:Silver part 00101: 447927 rows (total 39985100 so far)
INFO:__main__:  Progress: 30900/54488 members
INFO:__main__:Silver part 00102: 358367 rows (total 40343467 so far)
INFO:__main__:  Progress: 31200/54488 members
INFO:__main__:Silver part 00103: 372287 rows (total 40715754 so far)
INFO:__main__:  Progress: 31500/54488 members
INFO:__main__:Silver part 00104: 377628 rows (total 41093382 so far)
INFO:__main__:  Progress: 31800/54488 members
INFO:__main__:Silver part 00105: 395458 rows (total 41488840 so far)
INFO:__main__:  Progress: 32100/54488 members
INFO:__main__:Silver part 00106: 390626 rows (total 41879466 so far)
INFO:__main__:  Progress: 32400/54488 members
INFO:__main__:Silver part 00107: 451262 rows (total 42330728 so far)
INFO:__main__:  Progress: 32700/54488 members
INFO:__main__:Silver part 00108: 394884 rows (total 42725612 so far)
INFO:__main__:  Progress: 33000/54488 members
INFO:__main__:Silver part 00109: 405599 rows (total 43131211 so far)
INFO:__main__:  Progress: 33300/54488 members
INFO:__main__:Silver part 00110: 394217 rows (total 43525428 so far)
INFO:__main__:  Progress: 33600/54488 members
INFO:__main__:Silver part 00111: 374633 rows (total 43900061 so far)
INFO:__main__:  Progress: 33900/54488 members
INFO:__main__:Silver part 00112: 425495 rows (total 44325556 so far)
INFO:__main__:  Progress: 34200/54488 members
INFO:__main__:Silver part 00113: 386116 rows (total 44711672 so far)
INFO:__main__:  Progress: 34500/54488 members
INFO:__main__:Silver part 00114: 411601 rows (total 45123273 so far)
INFO:__main__:  Progress: 34800/54488 members
INFO:__main__:Silver part 00115: 399794 rows (total 45523067 so far)
INFO:__main__:  Progress: 35100/54488 members
INFO:__main__:Silver part 00116: 295999 rows (total 45819066 so far)
INFO:__main__:  Progress: 35400/54488 members
INFO:__main__:Silver part 00117: 451964 rows (total 46271030 so far)
INFO:__main__:  Progress: 35700/54488 members
INFO:__main__:Silver part 00118: 378007 rows (total 46649037 so far)
INFO:__main__:  Progress: 36000/54488 members
INFO:__main__:Silver part 00119: 363833 rows (total 47012870 so far)
INFO:__main__:  Progress: 36300/54488 members
INFO:__main__:Silver part 00120: 385916 rows (total 47398786 so far)
INFO:__main__:  Progress: 36600/54488 members
INFO:__main__:Silver part 00121: 376169 rows (total 47774955 so far)
INFO:__main__:  Progress: 36900/54488 members
INFO:__main__:Silver part 00122: 393953 rows (total 48168908 so far)
INFO:__main__:  Progress: 37200/54488 members
INFO:__main__:Silver part 00123: 390456 rows (total 48559364 so far)
INFO:__main__:  Progress: 37500/54488 members
INFO:__main__:Silver part 00124: 386568 rows (total 48945932 so far)
INFO:__main__:  Progress: 37800/54488 members
INFO:__main__:Silver part 00125: 371090 rows (total 49317022 so far)
INFO:__main__:  Progress: 38100/54488 members
INFO:__main__:Silver part 00126: 398074 rows (total 49715096 so far)
INFO:__main__:  Progress: 38400/54488 members
INFO:__main__:Silver part 00127: 367650 rows (total 50082746 so far)
INFO:__main__:  Progress: 38700/54488 members
INFO:__main__:Silver part 00128: 410844 rows (total 50493590 so far)
INFO:__main__:  Progress: 39000/54488 members
INFO:__main__:Silver part 00129: 432509 rows (total 50926099 so far)
INFO:__main__:  Progress: 39300/54488 members
INFO:__main__:Silver part 00130: 399463 rows (total 51325562 so far)
INFO:__main__:  Progress: 39600/54488 members
INFO:__main__:Silver part 00131: 448610 rows (total 51774172 so far)
INFO:__main__:  Progress: 39900/54488 members
INFO:__main__:Silver part 00132: 361656 rows (total 52135828 so far)
INFO:__main__:  Progress: 40200/54488 members
INFO:__main__:Silver part 00133: 407523 rows (total 52543351 so far)
INFO:__main__:  Progress: 40500/54488 members
INFO:__main__:Silver part 00134: 389483 rows (total 52932834 so far)
INFO:__main__:  Progress: 40800/54488 members
INFO:__main__:Silver part 00135: 433011 rows (total 53365845 so far)
INFO:__main__:  Progress: 41100/54488 members
INFO:__main__:Silver part 00136: 360704 rows (total 53726549 so far)
INFO:__main__:  Progress: 41400/54488 members
INFO:__main__:Silver part 00137: 366543 rows (total 54093092 so far)
INFO:__main__:  Progress: 41700/54488 members
INFO:__main__:Silver part 00138: 376791 rows (total 54469883 so far)
INFO:__main__:  Progress: 42000/54488 members
INFO:__main__:Silver part 00139: 394594 rows (total 54864477 so far)
INFO:__main__:  Progress: 42300/54488 members
INFO:__main__:Silver part 00140: 383057 rows (total 55247534 so far)
INFO:__main__:  Progress: 42600/54488 members
INFO:__main__:Silver part 00141: 417646 rows (total 55665180 so far)
INFO:__main__:  Progress: 42900/54488 members
INFO:__main__:Silver part 00142: 486999 rows (total 56152179 so far)
INFO:__main__:  Progress: 43200/54488 members
INFO:__main__:Silver part 00143: 370884 rows (total 56523063 so far)
INFO:__main__:  Progress: 43500/54488 members
INFO:__main__:Silver part 00144: 397634 rows (total 56920697 so far)
INFO:__main__:  Progress: 43800/54488 members
INFO:__main__:Silver part 00145: 367038 rows (total 57287735 so far)
INFO:__main__:  Progress: 44100/54488 members
INFO:__main__:Silver part 00146: 380645 rows (total 57668380 so far)
INFO:__main__:  Progress: 44400/54488 members
INFO:__main__:Silver part 00147: 381285 rows (total 58049665 so far)
INFO:__main__:  Progress: 44700/54488 members
INFO:__main__:Silver part 00148: 391362 rows (total 58441027 so far)
INFO:__main__:  Progress: 45000/54488 members
INFO:__main__:Silver part 00149: 391619 rows (total 58832646 so far)
INFO:__main__:  Progress: 45300/54488 members
INFO:__main__:Silver part 00150: 397051 rows (total 59229697 so far)
INFO:__main__:  Progress: 45600/54488 members
INFO:__main__:Silver part 00151: 410563 rows (total 59640260 so far)
INFO:__main__:  Progress: 45900/54488 members
INFO:__main__:Silver part 00152: 427031 rows (total 60067291 so far)
INFO:__main__:  Progress: 46200/54488 members
INFO:__main__:Silver part 00153: 393093 rows (total 60460384 so far)
INFO:__main__:  Progress: 46500/54488 members
INFO:__main__:Silver part 00154: 421392 rows (total 60881776 so far)
INFO:__main__:  Progress: 46800/54488 members
INFO:__main__:Silver part 00155: 451613 rows (total 61333389 so far)
INFO:__main__:  Progress: 47100/54488 members
INFO:__main__:Silver part 00156: 384299 rows (total 61717688 so far)
INFO:__main__:  Progress: 47400/54488 members
INFO:__main__:Silver part 00157: 375274 rows (total 62092962 so far)
INFO:__main__:  Progress: 47700/54488 members
INFO:__main__:Silver part 00158: 401629 rows (total 62494591 so far)
INFO:__main__:  Progress: 48000/54488 members
INFO:__main__:Silver part 00159: 433260 rows (total 62927851 so far)
INFO:__main__:  Progress: 48300/54488 members
INFO:__main__:Silver part 00160: 363891 rows (total 63291742 so far)
INFO:__main__:  Progress: 48600/54488 members
INFO:__main__:Silver part 00161: 381340 rows (total 63673082 so far)
INFO:__main__:  Progress: 48900/54488 members
INFO:__main__:Silver part 00162: 397217 rows (total 64070299 so far)
INFO:__main__:  Progress: 49200/54488 members
INFO:__main__:Silver part 00163: 409268 rows (total 64479567 so far)
INFO:__main__:  Progress: 49500/54488 members
INFO:__main__:Silver part 00164: 351373 rows (total 64830940 so far)
INFO:__main__:  Progress: 49800/54488 members
INFO:__main__:Silver part 00165: 339898 rows (total 65170838 so far)
INFO:__main__:  Progress: 50100/54488 members
INFO:__main__:Silver part 00166: 404582 rows (total 65575420 so far)
INFO:__main__:  Progress: 50400/54488 members
INFO:__main__:Silver part 00167: 386971 rows (total 65962391 so far)
INFO:__main__:  Progress: 50700/54488 members
INFO:__main__:Silver part 00168: 428086 rows (total 66390477 so far)
INFO:__main__:  Progress: 51000/54488 members
INFO:__main__:Silver part 00169: 388394 rows (total 66778871 so far)
INFO:__main__:  Progress: 51300/54488 members
INFO:__main__:Silver part 00170: 367726 rows (total 67146597 so far)
INFO:__main__:  Progress: 51600/54488 members
INFO:__main__:Silver part 00171: 391311 rows (total 67537908 so far)
INFO:__main__:  Progress: 51900/54488 members
INFO:__main__:Silver part 00172: 411948 rows (total 67949856 so far)
INFO:__main__:  Progress: 52200/54488 members
INFO:__main__:Silver part 00173: 356929 rows (total 68306785 so far)
INFO:__main__:  Progress: 52500/54488 members
INFO:__main__:Silver part 00174: 440773 rows (total 68747558 so far)
INFO:__main__:  Progress: 52800/54488 members
INFO:__main__:Silver part 00175: 395685 rows (total 69143243 so far)
INFO:__main__:  Progress: 53100/54488 members
INFO:__main__:Silver part 00176: 393518 rows (total 69536761 so far)
INFO:__main__:  Progress: 53400/54488 members
INFO:__main__:Silver part 00177: 452530 rows (total 69989291 so far)
INFO:__main__:  Progress: 53700/54488 members
INFO:__main__:Silver part 00178: 388319 rows (total 70377610 so far)
INFO:__main__:  Progress: 54000/54488 members
INFO:__main__:Silver part 00179: 393099 rows (total 70770709 so far)
INFO:__main__:  Progress: 54300/54488 members
INFO:__main__:Silver part 00180: 451998 rows (total 71222707 so far)
WARNING:__main__:Error parsing ./traces/e1/trace_full_a6abe1.json
Traceback (most recent call last):
  File "C:\Users\PC_6276\Desktop\github\AnomalyDetection\src\silver\parse_adsblol_historical.py", line 159, in _parse_tar_fileobj
    df = parse_trace_bytes(f.read())
  File "C:\Users\PC_6276\Desktop\github\AnomalyDetection\src\silver\parse_adsblol_historical.py", line 56, in parse_trace_bytes
    data = json.loads(gzip.decompress(raw))
                      ~~~~~~~~~~~~~~~^^^^^
  File "C:\Users\PC_6276\AppData\Local\Python\pythoncore-3.14-64\Lib\gzip.py", line 655, in decompress
    decompressed = do.decompress(data[fp.tell():])
zlib.error: Error -3 while decompressing data: invalid distance too far back
INFO:__main__:Silver part 00181: 225260 rows (total 71447967 so far)
INFO:__main__:Done v2025.10.15-planes-readsb-prod-0.tar: 182 Silver part(s), 71447967 total rows, 1 error(s)
