Traceback (most recent call last):
  File "C:\Users\PC_5812_YD26\Desktop\GitHub\AnomalyDetection\scripts\run_rfly_full_v2_supervised_development_sweep.py", line 12, in <module>
    main()
    ~~~~^^
  File "C:\Users\PC_5812_YD26\Desktop\GitHub\AnomalyDetection\rfly_full\supervised_sweep.py", line 316, in main
    print(run_sweep(caps=caps))
          ~~~~~~~~~^^^^^^^^^^^
  File "C:\Users\PC_5812_YD26\Desktop\GitHub\AnomalyDetection\rfly_full\supervised_sweep.py", line 305, in run_sweep
    _write_outputs(state)
    ~~~~~~~~~~~~~~^^^^^^^
  File "C:\Users\PC_5812_YD26\Desktop\GitHub\AnomalyDetection\rfly_full\supervised_sweep.py", line 227, in _write_outputs
    _atomic_json(SWEEP_ROOT / "gate_summary.json", gates)
    ~~~~~~~~~~~~^^^^^^^^^^^^^^^^^^^^^^^^^^^^^^^^^^^^^^^^^
  File "C:\Users\PC_5812_YD26\Desktop\GitHub\AnomalyDetection\rfly_full\pipeline.py", line 55, in _atomic_json
    temporary.write_text(json.dumps(payload, indent=2, ensure_ascii=False), encoding="utf-8")
                         ~~~~~~~~~~^^^^^^^^^^^^^^^^^^^^^^^^^^^^^^^^^^^^^^^
  File "C:\Users\PC_5812_YD26\AppData\Local\Programs\Python\Python314\Lib\json\__init__.py", line 242, in dumps
    **kw).encode(obj)
          ~~~~~~^^^^^
  File "C:\Users\PC_5812_YD26\AppData\Local\Programs\Python\Python314\Lib\json\encoder.py", line 202, in encode
    chunks = self.iterencode(o, _one_shot=True)
  File "C:\Users\PC_5812_YD26\AppData\Local\Programs\Python\Python314\Lib\json\encoder.py", line 263, in iterencode
    return _iterencode(o, 0)
  File "C:\Users\PC_5812_YD26\AppData\Local\Programs\Python\Python314\Lib\json\encoder.py", line 182, in default
    raise TypeError(f'Object of type {o.__class__.__name__} '
                    f'is not JSON serializable')
TypeError: Object of type bool is not JSON serializable
when serializing dict item 'recall_mean_ge_0_50'
when serializing dict item 'conditions'
when serializing dict item 'critical_development_gate'
