ML-16 Kol N [lstm] artifact: C:\Users\PC_5812_YD26\Desktop\GitHub\AnomalyDetection\artifacts\ml16_kol_n\lstm\full_matrix
{
  "gate_a": {
    "status": "passed",
    "rule": "blind holdout never read (development-set assertion below); no .fit(/train_lstm_autoencoder/train_dense_autoencoder/train_usad/fit_modular_iforest/fit_scaler_params call anywhere in this scoring path (verified statically in tests/test_ml16_kol_n_magnitude_normalized_scoring.py); masked_mse_per_channel sums to masked_mse exactly (same test file). No frozen-CSV byte-identity determinism check this round -- these are NEW scores, nothing existing to reproduce.",
    "blind_holdout_flights": 200,
    "blind_holdout_read": false
  },
  "gate_b": {
    "status": "failed",
    "rule": "any of {lstm,dense_ae,usad}_{relerr,rankpct} x {threshold,k_of_n,cusum}: critical recall >=0.30 @ FA<=2 or advisory recall >=0.50 @ FA<=12",
    "evaluated_seed_count": 5,
    "candidates": [
      {
        "architecture": "lstm",
        "score_source": "lstm_rankpct",
        "decision": "cusum",
        "budget": "advisory",
        "mean_event_onset_recall": 0.20407124681933841,
        "mean_false_alarms_per_hour": 16.19242527895626,
        "passed": false
      },
      {
        "architecture": "lstm",
        "score_source": "lstm_rankpct",
        "decision": "cusum",
        "budget": "critical",
        "mean_event_onset_recall": 0.08142493638676845,
        "mean_false_alarms_per_hour": 4.561388301560427,
        "passed": false
      },
      {
        "architecture": "lstm",
        "score_source": "lstm_rankpct",
        "decision": "k_of_n",
        "budget": "advisory",
        "mean_event_onset_recall": 0.1984732824427481,
        "mean_false_alarms_per_hour": 22.98110766260372,
        "passed": false
      },
      {
        "architecture": "lstm",
        "score_source": "lstm_rankpct",
        "decision": "k_of_n",
        "budget": "critical",
        "mean_event_onset_recall": 0.13638676844783712,
        "mean_false_alarms_per_hour": 11.327794138307555,
        "passed": false
      },
      {
        "architecture": "lstm",
        "score_source": "lstm_rankpct",
        "decision": "threshold",
        "budget": "advisory",
        "mean_event_onset_recall": 0.2697201017811705,
        "mean_false_alarms_per_hour": 40.57712901933802,
        "passed": false
      },
      {
        "architecture": "lstm",
        "score_source": "lstm_rankpct",
        "decision": "threshold",
        "budget": "critical",
        "mean_event_onset_recall": 0.15216284987277354,
        "mean_false_alarms_per_hour": 16.2755098233853,
        "passed": false
      },
      {
        "architecture": "lstm",
        "score_source": "lstm_relerr",
        "decision": "cusum",
        "budget": "advisory",
        "mean_event_onset_recall": 0.1430025445292621,
        "mean_false_alarms_per_hour": 20.054941980898803,
        "passed": false
      },
      {
        "architecture": "lstm",
        "score_source": "lstm_relerr",
        "decision": "cusum",
        "budget": "critical",
        "mean_event_onset_recall": 0.05496183206106871,
        "mean_false_alarms_per_hour": 7.534950955169852,
        "passed": false
      },
      {
        "architecture": "lstm",
        "score_source": "lstm_relerr",
        "decision": "k_of_n",
        "budget": "advisory",
        "mean_event_onset_recall": 0.08702290076335878,
        "mean_false_alarms_per_hour": 22.204952138364852,
        "passed": false
      },
      {
        "architecture": "lstm",
        "score_source": "lstm_relerr",
        "decision": "k_of_n",
        "budget": "critical",
        "mean_event_onset_recall": 0.02188295165394402,
        "mean_false_alarms_per_hour": 6.121464294127581,
        "passed": false
      },
      {
        "architecture": "lstm",
        "score_source": "lstm_relerr",
        "decision": "threshold",
        "budget": "advisory",
        "mean_event_onset_recall": 0.072264631043257,
        "mean_false_alarms_per_hour": 19.852905673983106,
        "passed": false
      },
      {
        "architecture": "lstm",
        "score_source": "lstm_relerr",
        "decision": "threshold",
        "budget": "critical",
        "mean_event_onset_recall": 0.02391857506361323,
        "mean_false_alarms_per_hour": 5.651936153778732,
        "passed": false
      }
    ]
  }
}
ML-16 Kol N [dense_ae] artifact: C:\Users\PC_5812_YD26\Desktop\GitHub\AnomalyDetection\artifacts\ml16_kol_n\dense_ae\full_matrix
{
  "gate_a": {
    "status": "passed",
    "rule": "blind holdout never read (development-set assertion below); no .fit(/train_lstm_autoencoder/train_dense_autoencoder/train_usad/fit_modular_iforest/fit_scaler_params call anywhere in this scoring path (verified statically in tests/test_ml16_kol_n_magnitude_normalized_scoring.py); masked_mse_per_channel sums to masked_mse exactly (same test file). No frozen-CSV byte-identity determinism check this round -- these are NEW scores, nothing existing to reproduce.",
    "blind_holdout_flights": 200,
    "blind_holdout_read": false
  },
  "gate_b": {
    "status": "failed",
    "rule": "any of {lstm,dense_ae,usad}_{relerr,rankpct} x {threshold,k_of_n,cusum}: critical recall >=0.30 @ FA<=2 or advisory recall >=0.50 @ FA<=12",
    "evaluated_seed_count": 5,
    "candidates": [
      {
        "architecture": "dense_ae",
        "score_source": "dense_ae_rankpct",
        "decision": "cusum",
        "budget": "advisory",
        "mean_event_onset_recall": 0.28651399491094154,
        "mean_false_alarms_per_hour": 16.877511637983023,
        "passed": false
      },
      {
        "architecture": "dense_ae",
        "score_source": "dense_ae_rankpct",
        "decision": "cusum",
        "budget": "critical",
        "mean_event_onset_recall": 0.12620865139949108,
        "mean_false_alarms_per_hour": 4.112081148261733,
        "passed": false
      },
      {
        "architecture": "dense_ae",
        "score_source": "dense_ae_rankpct",
        "decision": "k_of_n",
        "budget": "advisory",
        "mean_event_onset_recall": 0.21526717557251906,
        "mean_false_alarms_per_hour": 22.274810625968616,
        "passed": false
      },
      {
        "architecture": "dense_ae",
        "score_source": "dense_ae_rankpct",
        "decision": "k_of_n",
        "budget": "critical",
        "mean_event_onset_recall": 0.21526717557251912,
        "mean_false_alarms_per_hour": 8.195111016874748,
        "passed": false
      },
      {
        "architecture": "dense_ae",
        "score_source": "dense_ae_rankpct",
        "decision": "threshold",
        "budget": "advisory",
        "mean_event_onset_recall": 0.2712468193384224,
        "mean_false_alarms_per_hour": 28.52952867789697,
        "passed": false
      },
      {
        "architecture": "dense_ae",
        "score_source": "dense_ae_rankpct",
        "decision": "threshold",
        "budget": "critical",
        "mean_event_onset_recall": 0.27022900763358776,
        "mean_false_alarms_per_hour": 8.667332932764342,
        "passed": false
      },
      {
        "architecture": "dense_ae",
        "score_source": "dense_ae_relerr",
        "decision": "cusum",
        "budget": "advisory",
        "mean_event_onset_recall": 0.24783715012722646,
        "mean_false_alarms_per_hour": 16.314084373182492,
        "passed": false
      },
      {
        "architecture": "dense_ae",
        "score_source": "dense_ae_relerr",
        "decision": "cusum",
        "budget": "critical",
        "mean_event_onset_recall": 0.11450381679389314,
        "mean_false_alarms_per_hour": 3.9907034159394392,
        "passed": false
      },
      {
        "architecture": "dense_ae",
        "score_source": "dense_ae_relerr",
        "decision": "k_of_n",
        "budget": "advisory",
        "mean_event_onset_recall": 0.19796437659033078,
        "mean_false_alarms_per_hour": 17.971629056939776,
        "passed": false
      },
      {
        "architecture": "dense_ae",
        "score_source": "dense_ae_relerr",
        "decision": "k_of_n",
        "budget": "critical",
        "mean_event_onset_recall": 0.17404580152671753,
        "mean_false_alarms_per_hour": 7.514950894365606,
        "passed": false
      },
      {
        "architecture": "dense_ae",
        "score_source": "dense_ae_relerr",
        "decision": "threshold",
        "budget": "advisory",
        "mean_event_onset_recall": 0.24987277353689566,
        "mean_false_alarms_per_hour": 21.787769675823164,
        "passed": false
      },
      {
        "architecture": "dense_ae",
        "score_source": "dense_ae_relerr",
        "decision": "threshold",
        "budget": "critical",
        "mean_event_onset_recall": 0.22188295165394406,
        "mean_false_alarms_per_hour": 8.485216477963528,
        "passed": false
      }
    ]
  }
}
ML-16 Kol N [usad] artifact: C:\Users\PC_5812_YD26\Desktop\GitHub\AnomalyDetection\artifacts\ml16_kol_n\usad\full_matrix
{
  "gate_a": {
    "status": "passed",
    "rule": "blind holdout never read (development-set assertion below); no .fit(/train_lstm_autoencoder/train_dense_autoencoder/train_usad/fit_modular_iforest/fit_scaler_params call anywhere in this scoring path (verified statically in tests/test_ml16_kol_n_magnitude_normalized_scoring.py); masked_mse_per_channel sums to masked_mse exactly (same test file). No frozen-CSV byte-identity determinism check this round -- these are NEW scores, nothing existing to reproduce.",
    "blind_holdout_flights": 200,
    "blind_holdout_read": false
  },
  "gate_b": {
    "status": "failed",
    "rule": "any of {lstm,dense_ae,usad}_{relerr,rankpct} x {threshold,k_of_n,cusum}: critical recall >=0.30 @ FA<=2 or advisory recall >=0.50 @ FA<=12",
    "evaluated_seed_count": 5,
    "candidates": [
      {
        "architecture": "usad",
        "score_source": "usad_rankpct",
        "decision": "cusum",
        "budget": "advisory",
        "mean_event_onset_recall": 0.2865139949109415,
        "mean_false_alarms_per_hour": 19.28377501158946,
        "passed": false
      },
      {
        "architecture": "usad",
        "score_source": "usad_rankpct",
        "decision": "cusum",
        "budget": "critical",
        "mean_event_onset_recall": 0.12111959287531808,
        "mean_false_alarms_per_hour": 4.854647632833204,
        "passed": false
      },
      {
        "architecture": "usad",
        "score_source": "usad_rankpct",
        "decision": "k_of_n",
        "budget": "advisory",
        "mean_event_onset_recall": 0.21068702290076335,
        "mean_false_alarms_per_hour": 20.70814112497461,
        "passed": false
      },
      {
        "architecture": "usad",
        "score_source": "usad_rankpct",
        "decision": "k_of_n",
        "budget": "critical",
        "mean_event_onset_recall": 0.1989821882951654,
        "mean_false_alarms_per_hour": 10.713352266173787,
        "passed": false
      },
      {
        "architecture": "usad",
        "score_source": "usad_rankpct",
        "decision": "threshold",
        "budget": "advisory",
        "mean_event_onset_recall": 0.2687022900763359,
        "mean_false_alarms_per_hour": 27.423137181376056,
        "passed": false
      },
      {
        "architecture": "usad",
        "score_source": "usad_rankpct",
        "decision": "threshold",
        "budget": "critical",
        "mean_event_onset_recall": 0.233587786259542,
        "mean_false_alarms_per_hour": 7.98172916371838,
        "passed": false
      },
      {
        "architecture": "usad",
        "score_source": "usad_relerr",
        "decision": "cusum",
        "budget": "advisory",
        "mean_event_onset_recall": 0.25801526717557255,
        "mean_false_alarms_per_hour": 22.519458511672013,
        "passed": false
      },
      {
        "architecture": "usad",
        "score_source": "usad_relerr",
        "decision": "cusum",
        "budget": "critical",
        "mean_event_onset_recall": 0.11755725190839694,
        "mean_false_alarms_per_hour": 6.030304806631609,
        "passed": false
      },
      {
        "architecture": "usad",
        "score_source": "usad_relerr",
        "decision": "k_of_n",
        "budget": "advisory",
        "mean_event_onset_recall": 0.19796437659033078,
        "mean_false_alarms_per_hour": 19.403678370356097,
        "passed": false
      },
      {
        "architecture": "usad",
        "score_source": "usad_relerr",
        "decision": "k_of_n",
        "budget": "critical",
        "mean_event_onset_recall": 0.19694656488549617,
        "mean_false_alarms_per_hour": 11.076500530109257,
        "passed": false
      },
      {
        "architecture": "usad",
        "score_source": "usad_relerr",
        "decision": "threshold",
        "budget": "advisory",
        "mean_event_onset_recall": 0.24936386768447835,
        "mean_false_alarms_per_hour": 25.647021051017116,
        "passed": false
      },
      {
        "architecture": "usad",
        "score_source": "usad_relerr",
        "decision": "threshold",
        "budget": "critical",
        "mean_event_onset_recall": 0.22697201017811705,
        "mean_false_alarms_per_hour": 10.081088734806526,
        "passed": false
      }
    ]
  }
}
