INFO:__main__:Opening local tar: C:\Users\PC_6276\Desktop\datas\Adsb_historical\v2026.04.16-planes-readsb-prod-0.tar
INFO:__main__:v2026.04.16-planes-readsb-prod-0.tar: 72070 trace member(s) found
INFO:__main__:  Progress: 300/72070 members
INFO:__main__:Silver part 00000: 431366 rows (total 431366 so far)
INFO:__main__:  Progress: 600/72070 members
INFO:__main__:Silver part 00001: 433444 rows (total 864810 so far)
INFO:__main__:  Progress: 900/72070 members
INFO:__main__:Silver part 00002: 423552 rows (total 1288362 so far)
INFO:__main__:  Progress: 1200/72070 members
INFO:__main__:Silver part 00003: 372913 rows (total 1661275 so far)
INFO:__main__:  Progress: 1500/72070 members
INFO:__main__:Silver part 00004: 454113 rows (total 2115388 so far)
INFO:__main__:  Progress: 1800/72070 members
INFO:__main__:Silver part 00005: 424301 rows (total 2539689 so far)
INFO:__main__:  Progress: 2100/72070 members
INFO:__main__:Silver part 00006: 442388 rows (total 2982077 so far)
INFO:__main__:  Progress: 2400/72070 members
INFO:__main__:Silver part 00007: 429702 rows (total 3411779 so far)
INFO:__main__:  Progress: 2700/72070 members
INFO:__main__:Silver part 00008: 436026 rows (total 3847805 so far)
INFO:__main__:  Progress: 3000/72070 members
INFO:__main__:Silver part 00009: 442127 rows (total 4289932 so far)
INFO:__main__:  Progress: 3300/72070 members
INFO:__main__:Silver part 00010: 399971 rows (total 4689903 so far)
INFO:__main__:  Progress: 3600/72070 members
INFO:__main__:Silver part 00011: 370534 rows (total 5060437 so far)
INFO:__main__:  Progress: 3900/72070 members
INFO:__main__:Silver part 00012: 398891 rows (total 5459328 so far)
INFO:__main__:  Progress: 4200/72070 members
INFO:__main__:Silver part 00013: 375080 rows (total 5834408 so far)
INFO:__main__:  Progress: 4500/72070 members
INFO:__main__:Silver part 00014: 402790 rows (total 6237198 so far)
INFO:__main__:  Progress: 4800/72070 members
INFO:__main__:Silver part 00015: 420193 rows (total 6657391 so far)
INFO:__main__:  Progress: 5100/72070 members
INFO:__main__:Silver part 00016: 396611 rows (total 7054002 so far)
INFO:__main__:  Progress: 5400/72070 members
INFO:__main__:Silver part 00017: 428964 rows (total 7482966 so far)
INFO:__main__:  Progress: 5700/72070 members
INFO:__main__:Silver part 00018: 377011 rows (total 7859977 so far)
INFO:__main__:  Progress: 6000/72070 members
INFO:__main__:Silver part 00019: 418744 rows (total 8278721 so far)
INFO:__main__:  Progress: 6300/72070 members
INFO:__main__:Silver part 00020: 407455 rows (total 8686176 so far)
INFO:__main__:  Progress: 6600/72070 members
INFO:__main__:Silver part 00021: 403436 rows (total 9089612 so far)
INFO:__main__:  Progress: 6900/72070 members
INFO:__main__:Silver part 00022: 392978 rows (total 9482590 so far)
INFO:__main__:  Progress: 7200/72070 members
INFO:__main__:Silver part 00023: 434797 rows (total 9917387 so far)
INFO:__main__:  Progress: 7500/72070 members
INFO:__main__:Silver part 00024: 362221 rows (total 10279608 so far)
INFO:__main__:  Progress: 7800/72070 members
INFO:__main__:Silver part 00025: 386443 rows (total 10666051 so far)
INFO:__main__:  Progress: 8100/72070 members
INFO:__main__:Silver part 00026: 375160 rows (total 11041211 so far)
INFO:__main__:  Progress: 8400/72070 members
INFO:__main__:Silver part 00027: 410898 rows (total 11452109 so far)
INFO:__main__:  Progress: 8700/72070 members
INFO:__main__:Silver part 00028: 421743 rows (total 11873852 so far)
INFO:__main__:  Progress: 9000/72070 members
INFO:__main__:Silver part 00029: 393426 rows (total 12267278 so far)
INFO:__main__:  Progress: 9300/72070 members
INFO:__main__:Silver part 00030: 437721 rows (total 12704999 so far)
INFO:__main__:  Progress: 9600/72070 members
INFO:__main__:Silver part 00031: 391108 rows (total 13096107 so far)
INFO:__main__:  Progress: 9900/72070 members
INFO:__main__:Silver part 00032: 397046 rows (total 13493153 so far)
INFO:__main__:  Progress: 10200/72070 members
INFO:__main__:Silver part 00033: 399705 rows (total 13892858 so far)
INFO:__main__:  Progress: 10500/72070 members
INFO:__main__:Silver part 00034: 402892 rows (total 14295750 so far)
INFO:__main__:  Progress: 10800/72070 members
INFO:__main__:Silver part 00035: 396001 rows (total 14691751 so far)
INFO:__main__:  Progress: 11100/72070 members
INFO:__main__:Silver part 00036: 347475 rows (total 15039226 so far)
INFO:__main__:  Progress: 11400/72070 members
INFO:__main__:Silver part 00037: 392992 rows (total 15432218 so far)
INFO:__main__:  Progress: 11700/72070 members
INFO:__main__:Silver part 00038: 383958 rows (total 15816176 so far)
INFO:__main__:  Progress: 12000/72070 members
INFO:__main__:Silver part 00039: 405853 rows (total 16222029 so far)
INFO:__main__:  Progress: 12300/72070 members
INFO:__main__:Silver part 00040: 382406 rows (total 16604435 so far)
INFO:__main__:  Progress: 12600/72070 members
INFO:__main__:Silver part 00041: 423931 rows (total 17028366 so far)
INFO:__main__:  Progress: 12900/72070 members
INFO:__main__:Silver part 00042: 406346 rows (total 17434712 so far)
INFO:__main__:  Progress: 13200/72070 members
INFO:__main__:Silver part 00043: 389348 rows (total 17824060 so far)
INFO:__main__:  Progress: 13500/72070 members
INFO:__main__:Silver part 00044: 380850 rows (total 18204910 so far)
INFO:__main__:  Progress: 13800/72070 members
INFO:__main__:Silver part 00045: 436295 rows (total 18641205 so far)
INFO:__main__:  Progress: 14100/72070 members
INFO:__main__:Silver part 00046: 410152 rows (total 19051357 so far)
INFO:__main__:  Progress: 14400/72070 members
INFO:__main__:Silver part 00047: 405432 rows (total 19456789 so far)
INFO:__main__:  Progress: 14700/72070 members
INFO:__main__:Silver part 00048: 391540 rows (total 19848329 so far)
INFO:__main__:  Progress: 15000/72070 members
INFO:__main__:Silver part 00049: 337787 rows (total 20186116 so far)
INFO:__main__:  Progress: 15300/72070 members
INFO:__main__:Silver part 00050: 369777 rows (total 20555893 so far)
INFO:__main__:  Progress: 15600/72070 members
INFO:__main__:Silver part 00051: 354449 rows (total 20910342 so far)
INFO:__main__:  Progress: 15900/72070 members
INFO:__main__:Silver part 00052: 378520 rows (total 21288862 so far)
INFO:__main__:  Progress: 16200/72070 members
INFO:__main__:Silver part 00053: 380355 rows (total 21669217 so far)
INFO:__main__:  Progress: 16500/72070 members
INFO:__main__:Silver part 00054: 419071 rows (total 22088288 so far)
INFO:__main__:  Progress: 16800/72070 members
INFO:__main__:Silver part 00055: 391851 rows (total 22480139 so far)
INFO:__main__:  Progress: 17100/72070 members
INFO:__main__:Silver part 00056: 408643 rows (total 22888782 so far)
INFO:__main__:  Progress: 17400/72070 members
INFO:__main__:Silver part 00057: 393585 rows (total 23282367 so far)
INFO:__main__:  Progress: 17700/72070 members
INFO:__main__:Silver part 00058: 434899 rows (total 23717266 so far)
INFO:__main__:  Progress: 18000/72070 members
INFO:__main__:Silver part 00059: 385963 rows (total 24103229 so far)
INFO:__main__:  Progress: 18300/72070 members
INFO:__main__:Silver part 00060: 430678 rows (total 24533907 so far)
INFO:__main__:  Progress: 18600/72070 members
INFO:__main__:Silver part 00061: 444360 rows (total 24978267 so far)
INFO:__main__:  Progress: 18900/72070 members
INFO:__main__:Silver part 00062: 392349 rows (total 25370616 so far)
INFO:__main__:  Progress: 19200/72070 members
INFO:__main__:Silver part 00063: 403510 rows (total 25774126 so far)
INFO:__main__:  Progress: 19500/72070 members
INFO:__main__:Silver part 00064: 417324 rows (total 26191450 so far)
INFO:__main__:  Progress: 19800/72070 members
INFO:__main__:Silver part 00065: 425380 rows (total 26616830 so far)
INFO:__main__:  Progress: 20100/72070 members
INFO:__main__:Silver part 00066: 403115 rows (total 27019945 so far)
INFO:__main__:  Progress: 20400/72070 members
INFO:__main__:Silver part 00067: 441487 rows (total 27461432 so far)
INFO:__main__:  Progress: 20700/72070 members
INFO:__main__:Silver part 00068: 423662 rows (total 27885094 so far)
INFO:__main__:  Progress: 21000/72070 members
INFO:__main__:Silver part 00069: 397816 rows (total 28282910 so far)
INFO:__main__:  Progress: 21300/72070 members
INFO:__main__:Silver part 00070: 350918 rows (total 28633828 so far)
INFO:__main__:  Progress: 21600/72070 members
INFO:__main__:Silver part 00071: 355859 rows (total 28989687 so far)
INFO:__main__:  Progress: 21900/72070 members
INFO:__main__:Silver part 00072: 412422 rows (total 29402109 so far)
INFO:__main__:  Progress: 22200/72070 members
INFO:__main__:Silver part 00073: 372165 rows (total 29774274 so far)
INFO:__main__:  Progress: 22500/72070 members
INFO:__main__:Silver part 00074: 398617 rows (total 30172891 so far)
INFO:__main__:  Progress: 22800/72070 members
INFO:__main__:Silver part 00075: 403432 rows (total 30576323 so far)
INFO:__main__:  Progress: 23100/72070 members
INFO:__main__:Silver part 00076: 413707 rows (total 30990030 so far)
INFO:__main__:  Progress: 23400/72070 members
INFO:__main__:Silver part 00077: 364091 rows (total 31354121 so far)
INFO:__main__:  Progress: 23700/72070 members
INFO:__main__:Silver part 00078: 378696 rows (total 31732817 so far)
INFO:__main__:  Progress: 24000/72070 members
INFO:__main__:Silver part 00079: 364939 rows (total 32097756 so far)
INFO:__main__:  Progress: 24300/72070 members
INFO:__main__:Silver part 00080: 355507 rows (total 32453263 so far)
INFO:__main__:  Progress: 24600/72070 members
INFO:__main__:Silver part 00081: 428539 rows (total 32881802 so far)
INFO:__main__:  Progress: 24900/72070 members
INFO:__main__:Silver part 00082: 350635 rows (total 33232437 so far)
INFO:__main__:  Progress: 25200/72070 members
INFO:__main__:Silver part 00083: 403014 rows (total 33635451 so far)
INFO:__main__:  Progress: 25500/72070 members
INFO:__main__:Silver part 00084: 348886 rows (total 33984337 so far)
INFO:__main__:  Progress: 25800/72070 members
INFO:__main__:Silver part 00085: 407440 rows (total 34391777 so far)
INFO:__main__:  Progress: 26100/72070 members
INFO:__main__:Silver part 00086: 394967 rows (total 34786744 so far)
INFO:__main__:  Progress: 26400/72070 members
INFO:__main__:Silver part 00087: 397691 rows (total 35184435 so far)
INFO:__main__:  Progress: 26700/72070 members
INFO:__main__:Silver part 00088: 396763 rows (total 35581198 so far)
INFO:__main__:  Progress: 27000/72070 members
INFO:__main__:Silver part 00089: 387615 rows (total 35968813 so far)
INFO:__main__:  Progress: 27300/72070 members
INFO:__main__:Silver part 00090: 464519 rows (total 36433332 so far)
INFO:__main__:  Progress: 27600/72070 members
INFO:__main__:Silver part 00091: 401489 rows (total 36834821 so far)
INFO:__main__:  Progress: 27900/72070 members
INFO:__main__:Silver part 00092: 425902 rows (total 37260723 so far)
INFO:__main__:  Progress: 28200/72070 members
INFO:__main__:Silver part 00093: 386157 rows (total 37646880 so far)
INFO:__main__:  Progress: 28500/72070 members
INFO:__main__:Silver part 00094: 423330 rows (total 38070210 so far)
INFO:__main__:  Progress: 28800/72070 members
INFO:__main__:Silver part 00095: 403768 rows (total 38473978 so far)
INFO:__main__:  Progress: 29100/72070 members
INFO:__main__:Silver part 00096: 419759 rows (total 38893737 so far)
INFO:__main__:  Progress: 29400/72070 members
INFO:__main__:Silver part 00097: 395030 rows (total 39288767 so far)
INFO:__main__:  Progress: 29700/72070 members
INFO:__main__:Silver part 00098: 353655 rows (total 39642422 so far)
INFO:__main__:  Progress: 30000/72070 members
INFO:__main__:Silver part 00099: 384989 rows (total 40027411 so far)
INFO:__main__:  Progress: 30300/72070 members
INFO:__main__:Silver part 00100: 390918 rows (total 40418329 so far)
INFO:__main__:  Progress: 30600/72070 members
INFO:__main__:Silver part 00101: 371704 rows (total 40790033 so far)
INFO:__main__:  Progress: 30900/72070 members
INFO:__main__:Silver part 00102: 360789 rows (total 41150822 so far)
INFO:__main__:  Progress: 31200/72070 members
INFO:__main__:Silver part 00103: 405249 rows (total 41556071 so far)
INFO:__main__:  Progress: 31500/72070 members
INFO:__main__:Silver part 00104: 368744 rows (total 41924815 so far)
INFO:__main__:  Progress: 31800/72070 members
INFO:__main__:Silver part 00105: 380432 rows (total 42305247 so far)
INFO:__main__:  Progress: 32100/72070 members
INFO:__main__:Silver part 00106: 398842 rows (total 42704089 so far)
INFO:__main__:  Progress: 32400/72070 members
INFO:__main__:Silver part 00107: 365045 rows (total 43069134 so far)
INFO:__main__:  Progress: 32700/72070 members
INFO:__main__:Silver part 00108: 446522 rows (total 43515656 so far)
INFO:__main__:  Progress: 33000/72070 members
INFO:__main__:Silver part 00109: 396407 rows (total 43912063 so far)
INFO:__main__:  Progress: 33300/72070 members
INFO:__main__:Silver part 00110: 423073 rows (total 44335136 so far)
INFO:__main__:  Progress: 33600/72070 members
INFO:__main__:Silver part 00111: 416717 rows (total 44751853 so far)
INFO:__main__:  Progress: 33900/72070 members
INFO:__main__:Silver part 00112: 385391 rows (total 45137244 so far)
INFO:__main__:  Progress: 34200/72070 members
INFO:__main__:Silver part 00113: 444390 rows (total 45581634 so far)
INFO:__main__:  Progress: 34500/72070 members
INFO:__main__:Silver part 00114: 430170 rows (total 46011804 so far)
INFO:__main__:  Progress: 34800/72070 members
INFO:__main__:Silver part 00115: 407773 rows (total 46419577 so far)
INFO:__main__:  Progress: 35100/72070 members
INFO:__main__:Silver part 00116: 370739 rows (total 46790316 so far)
INFO:__main__:  Progress: 35400/72070 members
INFO:__main__:Silver part 00117: 427237 rows (total 47217553 so far)
INFO:__main__:  Progress: 35700/72070 members
INFO:__main__:Silver part 00118: 379117 rows (total 47596670 so far)
INFO:__main__:  Progress: 36000/72070 members
INFO:__main__:Silver part 00119: 370579 rows (total 47967249 so far)
INFO:__main__:  Progress: 36300/72070 members
INFO:__main__:Silver part 00120: 418995 rows (total 48386244 so far)
INFO:__main__:  Progress: 36600/72070 members
INFO:__main__:Silver part 00121: 393714 rows (total 48779958 so far)
INFO:__main__:  Progress: 36900/72070 members
INFO:__main__:Silver part 00122: 432918 rows (total 49212876 so far)
INFO:__main__:  Progress: 37200/72070 members
INFO:__main__:Silver part 00123: 451561 rows (total 49664437 so far)
INFO:__main__:  Progress: 37500/72070 members
INFO:__main__:Silver part 00124: 429485 rows (total 50093922 so far)
INFO:__main__:  Progress: 37800/72070 members
INFO:__main__:Silver part 00125: 390006 rows (total 50483928 so far)
INFO:__main__:  Progress: 38100/72070 members
INFO:__main__:Silver part 00126: 379243 rows (total 50863171 so far)
INFO:__main__:  Progress: 38400/72070 members
INFO:__main__:Silver part 00127: 402250 rows (total 51265421 so far)
INFO:__main__:  Progress: 38700/72070 members
INFO:__main__:Silver part 00128: 401093 rows (total 51666514 so far)
INFO:__main__:  Progress: 39000/72070 members
INFO:__main__:Silver part 00129: 379119 rows (total 52045633 so far)
INFO:__main__:  Progress: 39300/72070 members
INFO:__main__:Silver part 00130: 365548 rows (total 52411181 so far)
INFO:__main__:  Progress: 39600/72070 members
INFO:__main__:Silver part 00131: 388464 rows (total 52799645 so far)
INFO:__main__:  Progress: 39900/72070 members
INFO:__main__:Silver part 00132: 435261 rows (total 53234906 so far)
INFO:__main__:  Progress: 40200/72070 members
INFO:__main__:Silver part 00133: 410576 rows (total 53645482 so far)
INFO:__main__:  Progress: 40500/72070 members
INFO:__main__:Silver part 00134: 371839 rows (total 54017321 so far)
INFO:__main__:  Progress: 40800/72070 members
INFO:__main__:Silver part 00135: 331765 rows (total 54349086 so far)
INFO:__main__:  Progress: 41100/72070 members
INFO:__main__:Silver part 00136: 427222 rows (total 54776308 so far)
INFO:__main__:  Progress: 41400/72070 members
INFO:__main__:Silver part 00137: 369347 rows (total 55145655 so far)
INFO:__main__:  Progress: 41700/72070 members
INFO:__main__:Silver part 00138: 452788 rows (total 55598443 so far)
INFO:__main__:  Progress: 42000/72070 members
INFO:__main__:Silver part 00139: 365656 rows (total 55964099 so far)
INFO:__main__:  Progress: 42300/72070 members
INFO:__main__:Silver part 00140: 438565 rows (total 56402664 so far)
INFO:__main__:  Progress: 42600/72070 members
INFO:__main__:Silver part 00141: 444019 rows (total 56846683 so far)
INFO:__main__:  Progress: 42900/72070 members
INFO:__main__:Silver part 00142: 392289 rows (total 57238972 so far)
INFO:__main__:  Progress: 43200/72070 members
INFO:__main__:Silver part 00143: 412342 rows (total 57651314 so far)
INFO:__main__:  Progress: 43500/72070 members
INFO:__main__:Silver part 00144: 401154 rows (total 58052468 so far)
INFO:__main__:  Progress: 43800/72070 members
INFO:__main__:Silver part 00145: 369608 rows (total 58422076 so far)
INFO:__main__:  Progress: 44100/72070 members
INFO:__main__:Silver part 00146: 336128 rows (total 58758204 so far)
INFO:__main__:  Progress: 44400/72070 members
INFO:__main__:Silver part 00147: 442388 rows (total 59200592 so far)
INFO:__main__:  Progress: 44700/72070 members
INFO:__main__:Silver part 00148: 395044 rows (total 59595636 so far)
INFO:__main__:  Progress: 45000/72070 members
INFO:__main__:Silver part 00149: 380818 rows (total 59976454 so far)
INFO:__main__:  Progress: 45300/72070 members
INFO:__main__:Silver part 00150: 384589 rows (total 60361043 so far)
INFO:__main__:  Progress: 45600/72070 members
INFO:__main__:Silver part 00151: 376318 rows (total 60737361 so far)
INFO:__main__:  Progress: 45900/72070 members
INFO:__main__:Silver part 00152: 432670 rows (total 61170031 so far)
INFO:__main__:  Progress: 46200/72070 members
INFO:__main__:Silver part 00153: 379286 rows (total 61549317 so far)
INFO:__main__:  Progress: 46500/72070 members
INFO:__main__:Silver part 00154: 358461 rows (total 61907778 so far)
INFO:__main__:  Progress: 46800/72070 members
INFO:__main__:Silver part 00155: 388577 rows (total 62296355 so far)
INFO:__main__:  Progress: 47100/72070 members
INFO:__main__:Silver part 00156: 371151 rows (total 62667506 so far)
INFO:__main__:  Progress: 47400/72070 members
INFO:__main__:Silver part 00157: 371064 rows (total 63038570 so far)
INFO:__main__:  Progress: 47700/72070 members
INFO:__main__:Silver part 00158: 384590 rows (total 63423160 so far)
INFO:__main__:  Progress: 48000/72070 members
INFO:__main__:Silver part 00159: 430101 rows (total 63853261 so far)
INFO:__main__:  Progress: 48300/72070 members
INFO:__main__:Silver part 00160: 396573 rows (total 64249834 so far)
INFO:__main__:  Progress: 48600/72070 members
INFO:__main__:Silver part 00161: 368229 rows (total 64618063 so far)
INFO:__main__:  Progress: 48900/72070 members
INFO:__main__:Silver part 00162: 346651 rows (total 64964714 so far)
INFO:__main__:  Progress: 49200/72070 members
INFO:__main__:Silver part 00163: 400516 rows (total 65365230 so far)
INFO:__main__:  Progress: 49500/72070 members
INFO:__main__:Silver part 00164: 395921 rows (total 65761151 so far)
INFO:__main__:  Progress: 49800/72070 members
INFO:__main__:Silver part 00165: 375414 rows (total 66136565 so far)
INFO:__main__:  Progress: 50100/72070 members
INFO:__main__:Silver part 00166: 377694 rows (total 66514259 so far)
INFO:__main__:  Progress: 50400/72070 members
INFO:__main__:Silver part 00167: 397080 rows (total 66911339 so far)
INFO:__main__:  Progress: 50700/72070 members
INFO:__main__:Silver part 00168: 404893 rows (total 67316232 so far)
INFO:__main__:  Progress: 51000/72070 members
INFO:__main__:Silver part 00169: 388802 rows (total 67705034 so far)
INFO:__main__:  Progress: 51300/72070 members
INFO:__main__:Silver part 00170: 410359 rows (total 68115393 so far)
INFO:__main__:  Progress: 51600/72070 members
INFO:__main__:Silver part 00171: 422923 rows (total 68538316 so far)
INFO:__main__:  Progress: 51900/72070 members
INFO:__main__:Silver part 00172: 357557 rows (total 68895873 so far)
INFO:__main__:  Progress: 52200/72070 members
INFO:__main__:Silver part 00173: 366433 rows (total 69262306 so far)
INFO:__main__:  Progress: 52500/72070 members
INFO:__main__:Silver part 00174: 383438 rows (total 69645744 so far)
INFO:__main__:  Progress: 52800/72070 members
INFO:__main__:Silver part 00175: 389798 rows (total 70035542 so far)
INFO:__main__:  Progress: 53100/72070 members
INFO:__main__:Silver part 00176: 403117 rows (total 70438659 so far)
INFO:__main__:  Progress: 53400/72070 members
INFO:__main__:Silver part 00177: 419063 rows (total 70857722 so far)
INFO:__main__:  Progress: 53700/72070 members
INFO:__main__:Silver part 00178: 405938 rows (total 71263660 so far)
INFO:__main__:  Progress: 54000/72070 members
INFO:__main__:Silver part 00179: 359702 rows (total 71623362 so far)
INFO:__main__:  Progress: 54300/72070 members
INFO:__main__:Silver part 00180: 343722 rows (total 71967084 so far)
INFO:__main__:  Progress: 54600/72070 members
INFO:__main__:Silver part 00181: 428996 rows (total 72396080 so far)
INFO:__main__:  Progress: 54900/72070 members
INFO:__main__:Silver part 00182: 398534 rows (total 72794614 so far)
INFO:__main__:  Progress: 55200/72070 members
INFO:__main__:Silver part 00183: 362729 rows (total 73157343 so far)
INFO:__main__:  Progress: 55500/72070 members
INFO:__main__:Silver part 00184: 445795 rows (total 73603138 so far)
INFO:__main__:  Progress: 55800/72070 members
INFO:__main__:Silver part 00185: 390006 rows (total 73993144 so far)
INFO:__main__:  Progress: 56100/72070 members
INFO:__main__:Silver part 00186: 444282 rows (total 74437426 so far)
INFO:__main__:  Progress: 56400/72070 members
INFO:__main__:Silver part 00187: 401787 rows (total 74839213 so far)
INFO:__main__:  Progress: 56700/72070 members
INFO:__main__:Silver part 00188: 364190 rows (total 75203403 so far)
INFO:__main__:  Progress: 57000/72070 members
INFO:__main__:Silver part 00189: 373790 rows (total 75577193 so far)
INFO:__main__:  Progress: 57300/72070 members
INFO:__main__:Silver part 00190: 409871 rows (total 75987064 so far)
INFO:__main__:  Progress: 57600/72070 members
INFO:__main__:Silver part 00191: 418961 rows (total 76406025 so far)
INFO:__main__:  Progress: 57900/72070 members
INFO:__main__:Silver part 00192: 366453 rows (total 76772478 so far)
INFO:__main__:  Progress: 58200/72070 members
INFO:__main__:Silver part 00193: 386148 rows (total 77158626 so far)
INFO:__main__:  Progress: 58500/72070 members
INFO:__main__:Silver part 00194: 430978 rows (total 77589604 so far)
INFO:__main__:  Progress: 58800/72070 members
INFO:__main__:Silver part 00195: 399992 rows (total 77989596 so far)
INFO:__main__:  Progress: 59100/72070 members
INFO:__main__:Silver part 00196: 332259 rows (total 78321855 so far)
INFO:__main__:  Progress: 59400/72070 members
INFO:__main__:Silver part 00197: 412821 rows (total 78734676 so far)
INFO:__main__:  Progress: 59700/72070 members
INFO:__main__:Silver part 00198: 436390 rows (total 79171066 so far)
INFO:__main__:  Progress: 60000/72070 members
INFO:__main__:Silver part 00199: 448756 rows (total 79619822 so far)
INFO:__main__:  Progress: 60300/72070 members
INFO:__main__:Silver part 00200: 405641 rows (total 80025463 so far)
INFO:__main__:  Progress: 60600/72070 members
INFO:__main__:Silver part 00201: 436959 rows (total 80462422 so far)
INFO:__main__:  Progress: 60900/72070 members
INFO:__main__:Silver part 00202: 376959 rows (total 80839381 so far)
INFO:__main__:  Progress: 61200/72070 members
INFO:__main__:Silver part 00203: 396199 rows (total 81235580 so far)
INFO:__main__:  Progress: 61500/72070 members
INFO:__main__:Silver part 00204: 394068 rows (total 81629648 so far)
INFO:__main__:  Progress: 61800/72070 members
INFO:__main__:Silver part 00205: 425378 rows (total 82055026 so far)
INFO:__main__:  Progress: 62100/72070 members
INFO:__main__:Silver part 00206: 449854 rows (total 82504880 so far)
INFO:__main__:  Progress: 62400/72070 members
INFO:__main__:Silver part 00207: 409517 rows (total 82914397 so far)
INFO:__main__:  Progress: 62700/72070 members
INFO:__main__:Silver part 00208: 384688 rows (total 83299085 so far)
INFO:__main__:  Progress: 63000/72070 members
INFO:__main__:Silver part 00209: 423201 rows (total 83722286 so far)
INFO:__main__:  Progress: 63300/72070 members
INFO:__main__:Silver part 00210: 408411 rows (total 84130697 so far)
INFO:__main__:  Progress: 63600/72070 members
INFO:__main__:Silver part 00211: 401621 rows (total 84532318 so far)
INFO:__main__:  Progress: 63900/72070 members
INFO:__main__:Silver part 00212: 405926 rows (total 84938244 so far)
INFO:__main__:  Progress: 64200/72070 members
INFO:__main__:Silver part 00213: 325578 rows (total 85263822 so far)
INFO:__main__:  Progress: 64500/72070 members
INFO:__main__:Silver part 00214: 447285 rows (total 85711107 so far)
INFO:__main__:  Progress: 64800/72070 members
INFO:__main__:Silver part 00215: 399293 rows (total 86110400 so far)
INFO:__main__:  Progress: 65100/72070 members
INFO:__main__:Silver part 00216: 430517 rows (total 86540917 so far)
INFO:__main__:  Progress: 65400/72070 members
INFO:__main__:Silver part 00217: 442952 rows (total 86983869 so far)
INFO:__main__:  Progress: 65700/72070 members
INFO:__main__:Silver part 00218: 414725 rows (total 87398594 so far)
INFO:__main__:  Progress: 66000/72070 members
INFO:__main__:Silver part 00219: 394710 rows (total 87793304 so far)
INFO:__main__:  Progress: 66300/72070 members
INFO:__main__:Silver part 00220: 394171 rows (total 88187475 so far)
INFO:__main__:  Progress: 66600/72070 members
INFO:__main__:Silver part 00221: 374221 rows (total 88561696 so far)
INFO:__main__:  Progress: 66900/72070 members
INFO:__main__:Silver part 00222: 368004 rows (total 88929700 so far)
INFO:__main__:  Progress: 67200/72070 members
INFO:__main__:Silver part 00223: 395102 rows (total 89324802 so far)
INFO:__main__:  Progress: 67500/72070 members
INFO:__main__:Silver part 00224: 376994 rows (total 89701796 so far)
INFO:__main__:  Progress: 67800/72070 members
INFO:__main__:Silver part 00225: 377175 rows (total 90078971 so far)
INFO:__main__:  Progress: 68100/72070 members
INFO:__main__:Silver part 00226: 374813 rows (total 90453784 so far)
INFO:__main__:  Progress: 68400/72070 members
INFO:__main__:Silver part 00227: 377539 rows (total 90831323 so far)
INFO:__main__:  Progress: 68700/72070 members
INFO:__main__:Silver part 00228: 426332 rows (total 91257655 so far)
INFO:__main__:  Progress: 69000/72070 members
INFO:__main__:Silver part 00229: 402981 rows (total 91660636 so far)
INFO:__main__:  Progress: 69300/72070 members
INFO:__main__:Silver part 00230: 421000 rows (total 92081636 so far)
INFO:__main__:  Progress: 69600/72070 members
INFO:__main__:Silver part 00231: 391130 rows (total 92472766 so far)
INFO:__main__:  Progress: 69900/72070 members
INFO:__main__:Silver part 00232: 403335 rows (total 92876101 so far)
INFO:__main__:  Progress: 70200/72070 members
INFO:__main__:Silver part 00233: 397531 rows (total 93273632 so far)
INFO:__main__:  Progress: 70500/72070 members
INFO:__main__:Silver part 00234: 399735 rows (total 93673367 so far)
INFO:__main__:  Progress: 70800/72070 members
INFO:__main__:Silver part 00235: 411349 rows (total 94084716 so far)
INFO:__main__:  Progress: 71100/72070 members
INFO:__main__:Silver part 00236: 378274 rows (total 94462990 so far)
INFO:__main__:  Progress: 71400/72070 members
INFO:__main__:Silver part 00237: 396283 rows (total 94859273 so far)
INFO:__main__:  Progress: 71700/72070 members
INFO:__main__:Silver part 00238: 356882 rows (total 95216155 so far)
INFO:__main__:  Progress: 72000/72070 members
INFO:__main__:Silver part 00239: 394681 rows (total 95610836 so far)
INFO:__main__:Silver part 00240: 85863 rows (total 95696699 so far)
INFO:__main__:Done v2026.04.16-planes-readsb-prod-0.tar: 241 Silver part(s), 95696699 total rows, 0 error(s)
