INFO:__main__:Opening local tar: C:\Users\PC_6276\Desktop\datas\Adsb_historical\v2026.02.13-planes-readsb-prod-0.tar
INFO:__main__:v2026.02.13-planes-readsb-prod-0.tar: 75410 trace member(s) found
INFO:__main__:  Progress: 300/75410 members
INFO:__main__:Silver part 00000: 390536 rows (total 390536 so far)
INFO:__main__:  Progress: 600/75410 members
INFO:__main__:Silver part 00001: 398000 rows (total 788536 so far)
INFO:__main__:  Progress: 900/75410 members
INFO:__main__:Silver part 00002: 473448 rows (total 1261984 so far)
INFO:__main__:  Progress: 1200/75410 members
INFO:__main__:Silver part 00003: 368870 rows (total 1630854 so far)
INFO:__main__:  Progress: 1500/75410 members
INFO:__main__:Silver part 00004: 414123 rows (total 2044977 so far)
INFO:__main__:  Progress: 1800/75410 members
INFO:__main__:Silver part 00005: 412281 rows (total 2457258 so far)
INFO:__main__:  Progress: 2100/75410 members
INFO:__main__:Silver part 00006: 368216 rows (total 2825474 so far)
INFO:__main__:  Progress: 2400/75410 members
INFO:__main__:Silver part 00007: 425222 rows (total 3250696 so far)
INFO:__main__:  Progress: 2700/75410 members
INFO:__main__:Silver part 00008: 387988 rows (total 3638684 so far)
INFO:__main__:  Progress: 3000/75410 members
INFO:__main__:Silver part 00009: 360926 rows (total 3999610 so far)
INFO:__main__:  Progress: 3300/75410 members
INFO:__main__:Silver part 00010: 384250 rows (total 4383860 so far)
INFO:__main__:  Progress: 3600/75410 members
INFO:__main__:Silver part 00011: 404716 rows (total 4788576 so far)
INFO:__main__:  Progress: 3900/75410 members
INFO:__main__:Silver part 00012: 433077 rows (total 5221653 so far)
INFO:__main__:  Progress: 4200/75410 members
INFO:__main__:Silver part 00013: 403449 rows (total 5625102 so far)
INFO:__main__:  Progress: 4500/75410 members
INFO:__main__:Silver part 00014: 391884 rows (total 6016986 so far)
INFO:__main__:  Progress: 4800/75410 members
INFO:__main__:Silver part 00015: 381243 rows (total 6398229 so far)
INFO:__main__:  Progress: 5100/75410 members
INFO:__main__:Silver part 00016: 414630 rows (total 6812859 so far)
INFO:__main__:  Progress: 5400/75410 members
INFO:__main__:Silver part 00017: 467156 rows (total 7280015 so far)
INFO:__main__:  Progress: 5700/75410 members
INFO:__main__:Silver part 00018: 451814 rows (total 7731829 so far)
INFO:__main__:  Progress: 6000/75410 members
INFO:__main__:Silver part 00019: 392186 rows (total 8124015 so far)
INFO:__main__:  Progress: 6300/75410 members
INFO:__main__:Silver part 00020: 452033 rows (total 8576048 so far)
INFO:__main__:  Progress: 6600/75410 members
INFO:__main__:Silver part 00021: 368336 rows (total 8944384 so far)
INFO:__main__:  Progress: 6900/75410 members
INFO:__main__:Silver part 00022: 428948 rows (total 9373332 so far)
INFO:__main__:  Progress: 7200/75410 members
INFO:__main__:Silver part 00023: 387372 rows (total 9760704 so far)
INFO:__main__:  Progress: 7500/75410 members
INFO:__main__:Silver part 00024: 423188 rows (total 10183892 so far)
INFO:__main__:  Progress: 7800/75410 members
INFO:__main__:Silver part 00025: 373926 rows (total 10557818 so far)
INFO:__main__:  Progress: 8100/75410 members
INFO:__main__:Silver part 00026: 398201 rows (total 10956019 so far)
INFO:__main__:  Progress: 8400/75410 members
INFO:__main__:Silver part 00027: 394124 rows (total 11350143 so far)
INFO:__main__:  Progress: 8700/75410 members
INFO:__main__:Silver part 00028: 467486 rows (total 11817629 so far)
INFO:__main__:  Progress: 9000/75410 members
INFO:__main__:Silver part 00029: 443431 rows (total 12261060 so far)
INFO:__main__:  Progress: 9300/75410 members
INFO:__main__:Silver part 00030: 380755 rows (total 12641815 so far)
INFO:__main__:  Progress: 9600/75410 members
INFO:__main__:Silver part 00031: 403901 rows (total 13045716 so far)
INFO:__main__:  Progress: 9900/75410 members
INFO:__main__:Silver part 00032: 388797 rows (total 13434513 so far)
INFO:__main__:  Progress: 10200/75410 members
INFO:__main__:Silver part 00033: 398749 rows (total 13833262 so far)
INFO:__main__:  Progress: 10500/75410 members
INFO:__main__:Silver part 00034: 387564 rows (total 14220826 so far)
INFO:__main__:  Progress: 10800/75410 members
INFO:__main__:Silver part 00035: 435268 rows (total 14656094 so far)
INFO:__main__:  Progress: 11100/75410 members
INFO:__main__:Silver part 00036: 395403 rows (total 15051497 so far)
INFO:__main__:  Progress: 11400/75410 members
INFO:__main__:Silver part 00037: 375903 rows (total 15427400 so far)
INFO:__main__:  Progress: 11700/75410 members
INFO:__main__:Silver part 00038: 423473 rows (total 15850873 so far)
INFO:__main__:  Progress: 12000/75410 members
INFO:__main__:Silver part 00039: 376167 rows (total 16227040 so far)
INFO:__main__:  Progress: 12300/75410 members
INFO:__main__:Silver part 00040: 454030 rows (total 16681070 so far)
INFO:__main__:  Progress: 12600/75410 members
INFO:__main__:Silver part 00041: 433486 rows (total 17114556 so far)
INFO:__main__:  Progress: 12900/75410 members
INFO:__main__:Silver part 00042: 409310 rows (total 17523866 so far)
INFO:__main__:  Progress: 13200/75410 members
INFO:__main__:Silver part 00043: 424027 rows (total 17947893 so far)
INFO:__main__:  Progress: 13500/75410 members
INFO:__main__:Silver part 00044: 415014 rows (total 18362907 so far)
INFO:__main__:  Progress: 13800/75410 members
INFO:__main__:Silver part 00045: 415898 rows (total 18778805 so far)
INFO:__main__:  Progress: 14100/75410 members
INFO:__main__:Silver part 00046: 413543 rows (total 19192348 so far)
INFO:__main__:  Progress: 14400/75410 members
INFO:__main__:Silver part 00047: 389609 rows (total 19581957 so far)
INFO:__main__:  Progress: 14700/75410 members
INFO:__main__:Silver part 00048: 414746 rows (total 19996703 so far)
INFO:__main__:  Progress: 15000/75410 members
INFO:__main__:Silver part 00049: 416086 rows (total 20412789 so far)
INFO:__main__:  Progress: 15300/75410 members
INFO:__main__:Silver part 00050: 420710 rows (total 20833499 so far)
INFO:__main__:  Progress: 15600/75410 members
INFO:__main__:Silver part 00051: 466427 rows (total 21299926 so far)
INFO:__main__:  Progress: 15900/75410 members
INFO:__main__:Silver part 00052: 347066 rows (total 21646992 so far)
INFO:__main__:  Progress: 16200/75410 members
INFO:__main__:Silver part 00053: 434629 rows (total 22081621 so far)
INFO:__main__:  Progress: 16500/75410 members
INFO:__main__:Silver part 00054: 430330 rows (total 22511951 so far)
INFO:__main__:  Progress: 16800/75410 members
INFO:__main__:Silver part 00055: 441737 rows (total 22953688 so far)
INFO:__main__:  Progress: 17100/75410 members
INFO:__main__:Silver part 00056: 392699 rows (total 23346387 so far)
INFO:__main__:  Progress: 17400/75410 members
INFO:__main__:Silver part 00057: 415366 rows (total 23761753 so far)
INFO:__main__:  Progress: 17700/75410 members
INFO:__main__:Silver part 00058: 386550 rows (total 24148303 so far)
INFO:__main__:  Progress: 18000/75410 members
INFO:__main__:Silver part 00059: 397587 rows (total 24545890 so far)
INFO:__main__:  Progress: 18300/75410 members
INFO:__main__:Silver part 00060: 412457 rows (total 24958347 so far)
INFO:__main__:  Progress: 18600/75410 members
INFO:__main__:Silver part 00061: 415045 rows (total 25373392 so far)
INFO:__main__:  Progress: 18900/75410 members
INFO:__main__:Silver part 00062: 396974 rows (total 25770366 so far)
INFO:__main__:  Progress: 19200/75410 members
INFO:__main__:Silver part 00063: 418402 rows (total 26188768 so far)
INFO:__main__:  Progress: 19500/75410 members
INFO:__main__:Silver part 00064: 395057 rows (total 26583825 so far)
INFO:__main__:  Progress: 19800/75410 members
INFO:__main__:Silver part 00065: 395316 rows (total 26979141 so far)
INFO:__main__:  Progress: 20100/75410 members
INFO:__main__:Silver part 00066: 437172 rows (total 27416313 so far)
INFO:__main__:  Progress: 20400/75410 members
INFO:__main__:Silver part 00067: 381809 rows (total 27798122 so far)
INFO:__main__:  Progress: 20700/75410 members
INFO:__main__:Silver part 00068: 389305 rows (total 28187427 so far)
INFO:__main__:  Progress: 21000/75410 members
INFO:__main__:Silver part 00069: 377216 rows (total 28564643 so far)
INFO:__main__:  Progress: 21300/75410 members
INFO:__main__:Silver part 00070: 406121 rows (total 28970764 so far)
INFO:__main__:  Progress: 21600/75410 members
INFO:__main__:Silver part 00071: 424857 rows (total 29395621 so far)
INFO:__main__:  Progress: 21900/75410 members
INFO:__main__:Silver part 00072: 441261 rows (total 29836882 so far)
INFO:__main__:  Progress: 22200/75410 members
INFO:__main__:Silver part 00073: 379428 rows (total 30216310 so far)
INFO:__main__:  Progress: 22500/75410 members
INFO:__main__:Silver part 00074: 391463 rows (total 30607773 so far)
INFO:__main__:  Progress: 22800/75410 members
INFO:__main__:Silver part 00075: 414197 rows (total 31021970 so far)
INFO:__main__:  Progress: 23100/75410 members
INFO:__main__:Silver part 00076: 383893 rows (total 31405863 so far)
INFO:__main__:  Progress: 23400/75410 members
INFO:__main__:Silver part 00077: 379652 rows (total 31785515 so far)
INFO:__main__:  Progress: 23700/75410 members
INFO:__main__:Silver part 00078: 419069 rows (total 32204584 so far)
INFO:__main__:  Progress: 24000/75410 members
INFO:__main__:Silver part 00079: 425116 rows (total 32629700 so far)
INFO:__main__:  Progress: 24300/75410 members
INFO:__main__:Silver part 00080: 375283 rows (total 33004983 so far)
INFO:__main__:  Progress: 24600/75410 members
INFO:__main__:Silver part 00081: 457305 rows (total 33462288 so far)
INFO:__main__:  Progress: 24900/75410 members
INFO:__main__:Silver part 00082: 381539 rows (total 33843827 so far)
INFO:__main__:  Progress: 25200/75410 members
INFO:__main__:Silver part 00083: 404153 rows (total 34247980 so far)
INFO:__main__:  Progress: 25500/75410 members
INFO:__main__:Silver part 00084: 318466 rows (total 34566446 so far)
INFO:__main__:  Progress: 25800/75410 members
INFO:__main__:Silver part 00085: 400379 rows (total 34966825 so far)
INFO:__main__:  Progress: 26100/75410 members
INFO:__main__:Silver part 00086: 395003 rows (total 35361828 so far)
INFO:__main__:  Progress: 26400/75410 members
INFO:__main__:Silver part 00087: 448684 rows (total 35810512 so far)
INFO:__main__:  Progress: 26700/75410 members
INFO:__main__:Silver part 00088: 421153 rows (total 36231665 so far)
INFO:__main__:  Progress: 27000/75410 members
INFO:__main__:Silver part 00089: 418590 rows (total 36650255 so far)
INFO:__main__:  Progress: 27300/75410 members
INFO:__main__:Silver part 00090: 435111 rows (total 37085366 so far)
INFO:__main__:  Progress: 27600/75410 members
INFO:__main__:Silver part 00091: 400013 rows (total 37485379 so far)
INFO:__main__:  Progress: 27900/75410 members
INFO:__main__:Silver part 00092: 391098 rows (total 37876477 so far)
INFO:__main__:  Progress: 28200/75410 members
INFO:__main__:Silver part 00093: 416843 rows (total 38293320 so far)
INFO:__main__:  Progress: 28500/75410 members
INFO:__main__:Silver part 00094: 412755 rows (total 38706075 so far)
INFO:__main__:  Progress: 28800/75410 members
INFO:__main__:Silver part 00095: 353003 rows (total 39059078 so far)
INFO:__main__:  Progress: 29100/75410 members
INFO:__main__:Silver part 00096: 410002 rows (total 39469080 so far)
INFO:__main__:  Progress: 29400/75410 members
INFO:__main__:Silver part 00097: 402442 rows (total 39871522 so far)
INFO:__main__:  Progress: 29700/75410 members
INFO:__main__:Silver part 00098: 445828 rows (total 40317350 so far)
INFO:__main__:  Progress: 30000/75410 members
INFO:__main__:Silver part 00099: 415544 rows (total 40732894 so far)
INFO:__main__:  Progress: 30300/75410 members
INFO:__main__:Silver part 00100: 418673 rows (total 41151567 so far)
INFO:__main__:  Progress: 30600/75410 members
INFO:__main__:Silver part 00101: 426284 rows (total 41577851 so far)
INFO:__main__:  Progress: 30900/75410 members
INFO:__main__:Silver part 00102: 374079 rows (total 41951930 so far)
INFO:__main__:  Progress: 31200/75410 members
INFO:__main__:Silver part 00103: 378837 rows (total 42330767 so far)
INFO:__main__:  Progress: 31500/75410 members
INFO:__main__:Silver part 00104: 399646 rows (total 42730413 so far)
INFO:__main__:  Progress: 31800/75410 members
INFO:__main__:Silver part 00105: 431057 rows (total 43161470 so far)
INFO:__main__:  Progress: 32100/75410 members
INFO:__main__:Silver part 00106: 393712 rows (total 43555182 so far)
INFO:__main__:  Progress: 32400/75410 members
INFO:__main__:Silver part 00107: 436693 rows (total 43991875 so far)
INFO:__main__:  Progress: 32700/75410 members
INFO:__main__:Silver part 00108: 376708 rows (total 44368583 so far)
INFO:__main__:  Progress: 33000/75410 members
INFO:__main__:Silver part 00109: 437852 rows (total 44806435 so far)
INFO:__main__:  Progress: 33300/75410 members
INFO:__main__:Silver part 00110: 422829 rows (total 45229264 so far)
INFO:__main__:  Progress: 33600/75410 members
INFO:__main__:Silver part 00111: 389543 rows (total 45618807 so far)
INFO:__main__:  Progress: 33900/75410 members
INFO:__main__:Silver part 00112: 401846 rows (total 46020653 so far)
INFO:__main__:  Progress: 34200/75410 members
INFO:__main__:Silver part 00113: 407923 rows (total 46428576 so far)
INFO:__main__:  Progress: 34500/75410 members
INFO:__main__:Silver part 00114: 439355 rows (total 46867931 so far)
INFO:__main__:  Progress: 34800/75410 members
INFO:__main__:Silver part 00115: 426672 rows (total 47294603 so far)
INFO:__main__:  Progress: 35100/75410 members
INFO:__main__:Silver part 00116: 371272 rows (total 47665875 so far)
INFO:__main__:  Progress: 35400/75410 members
INFO:__main__:Silver part 00117: 363878 rows (total 48029753 so far)
INFO:__main__:  Progress: 35700/75410 members
INFO:__main__:Silver part 00118: 400895 rows (total 48430648 so far)
INFO:__main__:  Progress: 36000/75410 members
INFO:__main__:Silver part 00119: 413137 rows (total 48843785 so far)
INFO:__main__:  Progress: 36300/75410 members
INFO:__main__:Silver part 00120: 431925 rows (total 49275710 so far)
INFO:__main__:  Progress: 36600/75410 members
INFO:__main__:Silver part 00121: 430244 rows (total 49705954 so far)
INFO:__main__:  Progress: 36900/75410 members
INFO:__main__:Silver part 00122: 412513 rows (total 50118467 so far)
INFO:__main__:  Progress: 37200/75410 members
INFO:__main__:Silver part 00123: 392733 rows (total 50511200 so far)
INFO:__main__:  Progress: 37500/75410 members
INFO:__main__:Silver part 00124: 439105 rows (total 50950305 so far)
INFO:__main__:  Progress: 37800/75410 members
INFO:__main__:Silver part 00125: 406769 rows (total 51357074 so far)
INFO:__main__:  Progress: 38100/75410 members
INFO:__main__:Silver part 00126: 410949 rows (total 51768023 so far)
INFO:__main__:  Progress: 38400/75410 members
INFO:__main__:Silver part 00127: 427139 rows (total 52195162 so far)
INFO:__main__:  Progress: 38700/75410 members
INFO:__main__:Silver part 00128: 419620 rows (total 52614782 so far)
INFO:__main__:  Progress: 39000/75410 members
INFO:__main__:Silver part 00129: 396104 rows (total 53010886 so far)
INFO:__main__:  Progress: 39300/75410 members
INFO:__main__:Silver part 00130: 349521 rows (total 53360407 so far)
INFO:__main__:  Progress: 39600/75410 members
INFO:__main__:Silver part 00131: 435321 rows (total 53795728 so far)
INFO:__main__:  Progress: 39900/75410 members
INFO:__main__:Silver part 00132: 350103 rows (total 54145831 so far)
INFO:__main__:  Progress: 40200/75410 members
INFO:__main__:Silver part 00133: 361075 rows (total 54506906 so far)
INFO:__main__:  Progress: 40500/75410 members
INFO:__main__:Silver part 00134: 388502 rows (total 54895408 so far)
INFO:__main__:  Progress: 40800/75410 members
INFO:__main__:Silver part 00135: 393324 rows (total 55288732 so far)
INFO:__main__:  Progress: 41100/75410 members
INFO:__main__:Silver part 00136: 434041 rows (total 55722773 so far)
INFO:__main__:  Progress: 41400/75410 members
INFO:__main__:Silver part 00137: 382976 rows (total 56105749 so far)
INFO:__main__:  Progress: 41700/75410 members
INFO:__main__:Silver part 00138: 411254 rows (total 56517003 so far)
INFO:__main__:  Progress: 42000/75410 members
INFO:__main__:Silver part 00139: 455747 rows (total 56972750 so far)
INFO:__main__:  Progress: 42300/75410 members
INFO:__main__:Silver part 00140: 425669 rows (total 57398419 so far)
INFO:__main__:  Progress: 42600/75410 members
INFO:__main__:Silver part 00141: 414579 rows (total 57812998 so far)
INFO:__main__:  Progress: 42900/75410 members
INFO:__main__:Silver part 00142: 407011 rows (total 58220009 so far)
INFO:__main__:  Progress: 43200/75410 members
INFO:__main__:Silver part 00143: 394134 rows (total 58614143 so far)
INFO:__main__:  Progress: 43500/75410 members
INFO:__main__:Silver part 00144: 477534 rows (total 59091677 so far)
INFO:__main__:  Progress: 43800/75410 members
INFO:__main__:Silver part 00145: 425479 rows (total 59517156 so far)
INFO:__main__:  Progress: 44100/75410 members
INFO:__main__:Silver part 00146: 360271 rows (total 59877427 so far)
INFO:__main__:  Progress: 44400/75410 members
INFO:__main__:Silver part 00147: 388389 rows (total 60265816 so far)
INFO:__main__:  Progress: 44700/75410 members
INFO:__main__:Silver part 00148: 411322 rows (total 60677138 so far)
INFO:__main__:  Progress: 45000/75410 members
INFO:__main__:Silver part 00149: 410054 rows (total 61087192 so far)
INFO:__main__:  Progress: 45300/75410 members
INFO:__main__:Silver part 00150: 398548 rows (total 61485740 so far)
INFO:__main__:  Progress: 45600/75410 members
INFO:__main__:Silver part 00151: 355815 rows (total 61841555 so far)
INFO:__main__:  Progress: 45900/75410 members
INFO:__main__:Silver part 00152: 382312 rows (total 62223867 so far)
INFO:__main__:  Progress: 46200/75410 members
INFO:__main__:Silver part 00153: 396715 rows (total 62620582 so far)
INFO:__main__:  Progress: 46500/75410 members
INFO:__main__:Silver part 00154: 391329 rows (total 63011911 so far)
INFO:__main__:  Progress: 46800/75410 members
INFO:__main__:Silver part 00155: 398803 rows (total 63410714 so far)
INFO:__main__:  Progress: 47100/75410 members
INFO:__main__:Silver part 00156: 380856 rows (total 63791570 so far)
INFO:__main__:  Progress: 47400/75410 members
INFO:__main__:Silver part 00157: 434489 rows (total 64226059 so far)
INFO:__main__:  Progress: 47700/75410 members
INFO:__main__:Silver part 00158: 400882 rows (total 64626941 so far)
INFO:__main__:  Progress: 48000/75410 members
INFO:__main__:Silver part 00159: 364682 rows (total 64991623 so far)
INFO:__main__:  Progress: 48300/75410 members
INFO:__main__:Silver part 00160: 371874 rows (total 65363497 so far)
INFO:__main__:  Progress: 48600/75410 members
INFO:__main__:Silver part 00161: 393990 rows (total 65757487 so far)
INFO:__main__:  Progress: 48900/75410 members
INFO:__main__:Silver part 00162: 352190 rows (total 66109677 so far)
INFO:__main__:  Progress: 49200/75410 members
INFO:__main__:Silver part 00163: 434968 rows (total 66544645 so far)
INFO:__main__:  Progress: 49500/75410 members
INFO:__main__:Silver part 00164: 406006 rows (total 66950651 so far)
INFO:__main__:  Progress: 49800/75410 members
INFO:__main__:Silver part 00165: 412268 rows (total 67362919 so far)
INFO:__main__:  Progress: 50100/75410 members
INFO:__main__:Silver part 00166: 390811 rows (total 67753730 so far)
INFO:__main__:  Progress: 50400/75410 members
INFO:__main__:Silver part 00167: 394814 rows (total 68148544 so far)
INFO:__main__:  Progress: 50700/75410 members
INFO:__main__:Silver part 00168: 440423 rows (total 68588967 so far)
INFO:__main__:  Progress: 51000/75410 members
INFO:__main__:Silver part 00169: 374473 rows (total 68963440 so far)
INFO:__main__:  Progress: 51300/75410 members
INFO:__main__:Silver part 00170: 422867 rows (total 69386307 so far)
INFO:__main__:  Progress: 51600/75410 members
INFO:__main__:Silver part 00171: 392039 rows (total 69778346 so far)
INFO:__main__:  Progress: 51900/75410 members
INFO:__main__:Silver part 00172: 424092 rows (total 70202438 so far)
INFO:__main__:  Progress: 52200/75410 members
INFO:__main__:Silver part 00173: 411177 rows (total 70613615 so far)
INFO:__main__:  Progress: 52500/75410 members
INFO:__main__:Silver part 00174: 370409 rows (total 70984024 so far)
INFO:__main__:  Progress: 52800/75410 members
INFO:__main__:Silver part 00175: 433136 rows (total 71417160 so far)
INFO:__main__:  Progress: 53100/75410 members
INFO:__main__:Silver part 00176: 437148 rows (total 71854308 so far)
INFO:__main__:  Progress: 53400/75410 members
INFO:__main__:Silver part 00177: 413506 rows (total 72267814 so far)
INFO:__main__:  Progress: 53700/75410 members
INFO:__main__:Silver part 00178: 393071 rows (total 72660885 so far)
INFO:__main__:  Progress: 54000/75410 members
INFO:__main__:Silver part 00179: 406581 rows (total 73067466 so far)
INFO:__main__:  Progress: 54300/75410 members
INFO:__main__:Silver part 00180: 346856 rows (total 73414322 so far)
INFO:__main__:  Progress: 54600/75410 members
INFO:__main__:Silver part 00181: 399044 rows (total 73813366 so far)
INFO:__main__:  Progress: 54900/75410 members
INFO:__main__:Silver part 00182: 360057 rows (total 74173423 so far)
INFO:__main__:  Progress: 55200/75410 members
INFO:__main__:Silver part 00183: 426225 rows (total 74599648 so far)
INFO:__main__:  Progress: 55500/75410 members
INFO:__main__:Silver part 00184: 407379 rows (total 75007027 so far)
INFO:__main__:  Progress: 55800/75410 members
INFO:__main__:Silver part 00185: 455657 rows (total 75462684 so far)
INFO:__main__:  Progress: 56100/75410 members
INFO:__main__:Silver part 00186: 402465 rows (total 75865149 so far)
INFO:__main__:  Progress: 56400/75410 members
INFO:__main__:Silver part 00187: 390502 rows (total 76255651 so far)
INFO:__main__:  Progress: 56700/75410 members
INFO:__main__:Silver part 00188: 419954 rows (total 76675605 so far)
INFO:__main__:  Progress: 57000/75410 members
INFO:__main__:Silver part 00189: 397526 rows (total 77073131 so far)
INFO:__main__:  Progress: 57300/75410 members
INFO:__main__:Silver part 00190: 420925 rows (total 77494056 so far)
INFO:__main__:  Progress: 57600/75410 members
INFO:__main__:Silver part 00191: 395801 rows (total 77889857 so far)
INFO:__main__:  Progress: 57900/75410 members
INFO:__main__:Silver part 00192: 374170 rows (total 78264027 so far)
INFO:__main__:  Progress: 58200/75410 members
INFO:__main__:Silver part 00193: 426228 rows (total 78690255 so far)
INFO:__main__:  Progress: 58500/75410 members
INFO:__main__:Silver part 00194: 359214 rows (total 79049469 so far)
INFO:__main__:  Progress: 58800/75410 members
INFO:__main__:Silver part 00195: 397678 rows (total 79447147 so far)
INFO:__main__:  Progress: 59100/75410 members
INFO:__main__:Silver part 00196: 376439 rows (total 79823586 so far)
INFO:__main__:  Progress: 59400/75410 members
INFO:__main__:Silver part 00197: 415375 rows (total 80238961 so far)
INFO:__main__:  Progress: 59700/75410 members
INFO:__main__:Silver part 00198: 390268 rows (total 80629229 so far)
INFO:__main__:  Progress: 60000/75410 members
INFO:__main__:Silver part 00199: 373712 rows (total 81002941 so far)
INFO:__main__:  Progress: 60300/75410 members
INFO:__main__:Silver part 00200: 397837 rows (total 81400778 so far)
INFO:__main__:  Progress: 60600/75410 members
INFO:__main__:Silver part 00201: 389505 rows (total 81790283 so far)
INFO:__main__:  Progress: 60900/75410 members
INFO:__main__:Silver part 00202: 426435 rows (total 82216718 so far)
INFO:__main__:  Progress: 61200/75410 members
INFO:__main__:Silver part 00203: 390829 rows (total 82607547 so far)
INFO:__main__:  Progress: 61500/75410 members
INFO:__main__:Silver part 00204: 431324 rows (total 83038871 so far)
INFO:__main__:  Progress: 61800/75410 members
INFO:__main__:Silver part 00205: 373792 rows (total 83412663 so far)
INFO:__main__:  Progress: 62100/75410 members
INFO:__main__:Silver part 00206: 392429 rows (total 83805092 so far)
INFO:__main__:  Progress: 62400/75410 members
INFO:__main__:Silver part 00207: 419213 rows (total 84224305 so far)
INFO:__main__:  Progress: 62700/75410 members
INFO:__main__:Silver part 00208: 402469 rows (total 84626774 so far)
INFO:__main__:  Progress: 63000/75410 members
INFO:__main__:Silver part 00209: 400337 rows (total 85027111 so far)
INFO:__main__:  Progress: 63300/75410 members
INFO:__main__:Silver part 00210: 408220 rows (total 85435331 so far)
INFO:__main__:  Progress: 63600/75410 members
INFO:__main__:Silver part 00211: 406710 rows (total 85842041 so far)
INFO:__main__:  Progress: 63900/75410 members
INFO:__main__:Silver part 00212: 402465 rows (total 86244506 so far)
INFO:__main__:  Progress: 64200/75410 members
INFO:__main__:Silver part 00213: 404208 rows (total 86648714 so far)
INFO:__main__:  Progress: 64500/75410 members
INFO:__main__:Silver part 00214: 378420 rows (total 87027134 so far)
INFO:__main__:  Progress: 64800/75410 members
INFO:__main__:Silver part 00215: 420470 rows (total 87447604 so far)
INFO:__main__:  Progress: 65100/75410 members
INFO:__main__:Silver part 00216: 406706 rows (total 87854310 so far)
INFO:__main__:  Progress: 65400/75410 members
INFO:__main__:Silver part 00217: 428845 rows (total 88283155 so far)
INFO:__main__:  Progress: 65700/75410 members
INFO:__main__:Silver part 00218: 403393 rows (total 88686548 so far)
INFO:__main__:  Progress: 66000/75410 members
INFO:__main__:Silver part 00219: 338357 rows (total 89024905 so far)
INFO:__main__:  Progress: 66300/75410 members
INFO:__main__:Silver part 00220: 358792 rows (total 89383697 so far)
INFO:__main__:  Progress: 66600/75410 members
INFO:__main__:Silver part 00221: 378309 rows (total 89762006 so far)
INFO:__main__:  Progress: 66900/75410 members
INFO:__main__:Silver part 00222: 417170 rows (total 90179176 so far)
INFO:__main__:  Progress: 67200/75410 members
INFO:__main__:Silver part 00223: 387668 rows (total 90566844 so far)
INFO:__main__:  Progress: 67500/75410 members
INFO:__main__:Silver part 00224: 391955 rows (total 90958799 so far)
INFO:__main__:  Progress: 67800/75410 members
INFO:__main__:Silver part 00225: 385873 rows (total 91344672 so far)
INFO:__main__:  Progress: 68100/75410 members
INFO:__main__:Silver part 00226: 403802 rows (total 91748474 so far)
INFO:__main__:  Progress: 68400/75410 members
INFO:__main__:Silver part 00227: 403343 rows (total 92151817 so far)
INFO:__main__:  Progress: 68700/75410 members
INFO:__main__:Silver part 00228: 407777 rows (total 92559594 so far)
INFO:__main__:  Progress: 69000/75410 members
INFO:__main__:Silver part 00229: 396640 rows (total 92956234 so far)
INFO:__main__:  Progress: 69300/75410 members
INFO:__main__:Silver part 00230: 419071 rows (total 93375305 so far)
INFO:__main__:  Progress: 69600/75410 members
INFO:__main__:Silver part 00231: 418629 rows (total 93793934 so far)
INFO:__main__:  Progress: 69900/75410 members
INFO:__main__:Silver part 00232: 430123 rows (total 94224057 so far)
INFO:__main__:  Progress: 70200/75410 members
INFO:__main__:Silver part 00233: 414805 rows (total 94638862 so far)
INFO:__main__:  Progress: 70500/75410 members
INFO:__main__:Silver part 00234: 429661 rows (total 95068523 so far)
INFO:__main__:  Progress: 70800/75410 members
INFO:__main__:Silver part 00235: 370750 rows (total 95439273 so far)
INFO:__main__:  Progress: 71100/75410 members
INFO:__main__:Silver part 00236: 406078 rows (total 95845351 so far)
INFO:__main__:  Progress: 71400/75410 members
INFO:__main__:Silver part 00237: 426454 rows (total 96271805 so far)
INFO:__main__:  Progress: 71700/75410 members
INFO:__main__:Silver part 00238: 408973 rows (total 96680778 so far)
INFO:__main__:  Progress: 72000/75410 members
INFO:__main__:Silver part 00239: 358321 rows (total 97039099 so far)
INFO:__main__:  Progress: 72300/75410 members
INFO:__main__:Silver part 00240: 408639 rows (total 97447738 so far)
INFO:__main__:  Progress: 72600/75410 members
INFO:__main__:Silver part 00241: 443758 rows (total 97891496 so far)
INFO:__main__:  Progress: 72900/75410 members
INFO:__main__:Silver part 00242: 375510 rows (total 98267006 so far)
INFO:__main__:  Progress: 73200/75410 members
INFO:__main__:Silver part 00243: 371577 rows (total 98638583 so far)
INFO:__main__:  Progress: 73500/75410 members
INFO:__main__:Silver part 00244: 389745 rows (total 99028328 so far)
INFO:__main__:  Progress: 73800/75410 members
INFO:__main__:Silver part 00245: 425125 rows (total 99453453 so far)
INFO:__main__:  Progress: 74100/75410 members
INFO:__main__:Silver part 00246: 400351 rows (total 99853804 so far)
INFO:__main__:  Progress: 74400/75410 members
INFO:__main__:Silver part 00247: 417796 rows (total 100271600 so far)
INFO:__main__:  Progress: 74700/75410 members
INFO:__main__:Silver part 00248: 398745 rows (total 100670345 so far)
INFO:__main__:  Progress: 75000/75410 members
INFO:__main__:Silver part 00249: 435179 rows (total 101105524 so far)
INFO:__main__:  Progress: 75300/75410 members
INFO:__main__:Silver part 00250: 399838 rows (total 101505362 so far)
INFO:__main__:Silver part 00251: 139031 rows (total 101644393 so far)
INFO:__main__:Done v2026.02.13-planes-readsb-prod-0.tar: 252 Silver part(s), 101644393 total rows, 0 error(s)
