INFO:__main__:Opening local tar: C:\Users\PC_6276\Desktop\datas\Adsb_historical\v2026.03.01-planes-readsb-prod-0.tar
INFO:__main__:v2026.03.01-planes-readsb-prod-0.tar: 64566 trace member(s) found
INFO:__main__:  Progress: 300/64566 members
INFO:__main__:Silver part 00000: 360268 rows (total 360268 so far)
INFO:__main__:  Progress: 600/64566 members
INFO:__main__:Silver part 00001: 411049 rows (total 771317 so far)
INFO:__main__:  Progress: 900/64566 members
INFO:__main__:Silver part 00002: 409374 rows (total 1180691 so far)
INFO:__main__:  Progress: 1200/64566 members
INFO:__main__:Silver part 00003: 369880 rows (total 1550571 so far)
INFO:__main__:  Progress: 1500/64566 members
INFO:__main__:Silver part 00004: 351318 rows (total 1901889 so far)
INFO:__main__:  Progress: 1800/64566 members
INFO:__main__:Silver part 00005: 351125 rows (total 2253014 so far)
INFO:__main__:  Progress: 2100/64566 members
INFO:__main__:Silver part 00006: 381860 rows (total 2634874 so far)
INFO:__main__:  Progress: 2400/64566 members
INFO:__main__:Silver part 00007: 402251 rows (total 3037125 so far)
INFO:__main__:  Progress: 2700/64566 members
INFO:__main__:Silver part 00008: 335818 rows (total 3372943 so far)
INFO:__main__:  Progress: 3000/64566 members
INFO:__main__:Silver part 00009: 380530 rows (total 3753473 so far)
INFO:__main__:  Progress: 3300/64566 members
INFO:__main__:Silver part 00010: 389554 rows (total 4143027 so far)
INFO:__main__:  Progress: 3600/64566 members
INFO:__main__:Silver part 00011: 413704 rows (total 4556731 so far)
INFO:__main__:  Progress: 3900/64566 members
INFO:__main__:Silver part 00012: 355958 rows (total 4912689 so far)
INFO:__main__:  Progress: 4200/64566 members
INFO:__main__:Silver part 00013: 397105 rows (total 5309794 so far)
INFO:__main__:  Progress: 4500/64566 members
INFO:__main__:Silver part 00014: 426085 rows (total 5735879 so far)
INFO:__main__:  Progress: 4800/64566 members
INFO:__main__:Silver part 00015: 423413 rows (total 6159292 so far)
INFO:__main__:  Progress: 5100/64566 members
INFO:__main__:Silver part 00016: 403805 rows (total 6563097 so far)
INFO:__main__:  Progress: 5400/64566 members
INFO:__main__:Silver part 00017: 422182 rows (total 6985279 so far)
INFO:__main__:  Progress: 5700/64566 members
INFO:__main__:Silver part 00018: 406827 rows (total 7392106 so far)
INFO:__main__:  Progress: 6000/64566 members
INFO:__main__:Silver part 00019: 371372 rows (total 7763478 so far)
INFO:__main__:  Progress: 6300/64566 members
INFO:__main__:Silver part 00020: 388700 rows (total 8152178 so far)
INFO:__main__:  Progress: 6600/64566 members
INFO:__main__:Silver part 00021: 385155 rows (total 8537333 so far)
INFO:__main__:  Progress: 6900/64566 members
INFO:__main__:Silver part 00022: 304115 rows (total 8841448 so far)
INFO:__main__:  Progress: 7200/64566 members
INFO:__main__:Silver part 00023: 426522 rows (total 9267970 so far)
INFO:__main__:  Progress: 7500/64566 members
INFO:__main__:Silver part 00024: 416994 rows (total 9684964 so far)
INFO:__main__:  Progress: 7800/64566 members
INFO:__main__:Silver part 00025: 407478 rows (total 10092442 so far)
INFO:__main__:  Progress: 8100/64566 members
INFO:__main__:Silver part 00026: 367025 rows (total 10459467 so far)
INFO:__main__:  Progress: 8400/64566 members
INFO:__main__:Silver part 00027: 370141 rows (total 10829608 so far)
INFO:__main__:  Progress: 8700/64566 members
INFO:__main__:Silver part 00028: 394013 rows (total 11223621 so far)
INFO:__main__:  Progress: 9000/64566 members
INFO:__main__:Silver part 00029: 435453 rows (total 11659074 so far)
INFO:__main__:  Progress: 9300/64566 members
INFO:__main__:Silver part 00030: 389309 rows (total 12048383 so far)
INFO:__main__:  Progress: 9600/64566 members
INFO:__main__:Silver part 00031: 427462 rows (total 12475845 so far)
INFO:__main__:  Progress: 9900/64566 members
INFO:__main__:Silver part 00032: 390295 rows (total 12866140 so far)
INFO:__main__:  Progress: 10200/64566 members
INFO:__main__:Silver part 00033: 422622 rows (total 13288762 so far)
INFO:__main__:  Progress: 10500/64566 members
INFO:__main__:Silver part 00034: 436656 rows (total 13725418 so far)
INFO:__main__:  Progress: 10800/64566 members
INFO:__main__:Silver part 00035: 410719 rows (total 14136137 so far)
INFO:__main__:  Progress: 11100/64566 members
INFO:__main__:Silver part 00036: 398499 rows (total 14534636 so far)
INFO:__main__:  Progress: 11400/64566 members
INFO:__main__:Silver part 00037: 443814 rows (total 14978450 so far)
INFO:__main__:  Progress: 11700/64566 members
INFO:__main__:Silver part 00038: 330275 rows (total 15308725 so far)
INFO:__main__:  Progress: 12000/64566 members
INFO:__main__:Silver part 00039: 393500 rows (total 15702225 so far)
INFO:__main__:  Progress: 12300/64566 members
INFO:__main__:Silver part 00040: 399215 rows (total 16101440 so far)
INFO:__main__:  Progress: 12600/64566 members
INFO:__main__:Silver part 00041: 447835 rows (total 16549275 so far)
INFO:__main__:  Progress: 12900/64566 members
INFO:__main__:Silver part 00042: 382641 rows (total 16931916 so far)
INFO:__main__:  Progress: 13200/64566 members
INFO:__main__:Silver part 00043: 386900 rows (total 17318816 so far)
INFO:__main__:  Progress: 13500/64566 members
INFO:__main__:Silver part 00044: 408875 rows (total 17727691 so far)
INFO:__main__:  Progress: 13800/64566 members
INFO:__main__:Silver part 00045: 434828 rows (total 18162519 so far)
INFO:__main__:  Progress: 14100/64566 members
INFO:__main__:Silver part 00046: 399920 rows (total 18562439 so far)
INFO:__main__:  Progress: 14400/64566 members
INFO:__main__:Silver part 00047: 404499 rows (total 18966938 so far)
INFO:__main__:  Progress: 14700/64566 members
INFO:__main__:Silver part 00048: 373327 rows (total 19340265 so far)
INFO:__main__:  Progress: 15000/64566 members
INFO:__main__:Silver part 00049: 364040 rows (total 19704305 so far)
INFO:__main__:  Progress: 15300/64566 members
INFO:__main__:Silver part 00050: 348126 rows (total 20052431 so far)
INFO:__main__:  Progress: 15600/64566 members
INFO:__main__:Silver part 00051: 394368 rows (total 20446799 so far)
INFO:__main__:  Progress: 15900/64566 members
INFO:__main__:Silver part 00052: 430862 rows (total 20877661 so far)
INFO:__main__:  Progress: 16200/64566 members
INFO:__main__:Silver part 00053: 391064 rows (total 21268725 so far)
INFO:__main__:  Progress: 16500/64566 members
INFO:__main__:Silver part 00054: 373237 rows (total 21641962 so far)
INFO:__main__:  Progress: 16800/64566 members
INFO:__main__:Silver part 00055: 378587 rows (total 22020549 so far)
INFO:__main__:  Progress: 17100/64566 members
INFO:__main__:Silver part 00056: 406537 rows (total 22427086 so far)
INFO:__main__:  Progress: 17400/64566 members
INFO:__main__:Silver part 00057: 376808 rows (total 22803894 so far)
INFO:__main__:  Progress: 17700/64566 members
INFO:__main__:Silver part 00058: 339166 rows (total 23143060 so far)
INFO:__main__:  Progress: 18000/64566 members
INFO:__main__:Silver part 00059: 400511 rows (total 23543571 so far)
INFO:__main__:  Progress: 18300/64566 members
INFO:__main__:Silver part 00060: 387984 rows (total 23931555 so far)
INFO:__main__:  Progress: 18600/64566 members
INFO:__main__:Silver part 00061: 398380 rows (total 24329935 so far)
INFO:__main__:  Progress: 18900/64566 members
INFO:__main__:Silver part 00062: 413788 rows (total 24743723 so far)
INFO:__main__:  Progress: 19200/64566 members
INFO:__main__:Silver part 00063: 453449 rows (total 25197172 so far)
INFO:__main__:  Progress: 19500/64566 members
INFO:__main__:Silver part 00064: 382819 rows (total 25579991 so far)
INFO:__main__:  Progress: 19800/64566 members
INFO:__main__:Silver part 00065: 420832 rows (total 26000823 so far)
INFO:__main__:  Progress: 20100/64566 members
INFO:__main__:Silver part 00066: 413807 rows (total 26414630 so far)
INFO:__main__:  Progress: 20400/64566 members
INFO:__main__:Silver part 00067: 404892 rows (total 26819522 so far)
INFO:__main__:  Progress: 20700/64566 members
INFO:__main__:Silver part 00068: 448176 rows (total 27267698 so far)
INFO:__main__:  Progress: 21000/64566 members
INFO:__main__:Silver part 00069: 429599 rows (total 27697297 so far)
INFO:__main__:  Progress: 21300/64566 members
INFO:__main__:Silver part 00070: 395852 rows (total 28093149 so far)
INFO:__main__:  Progress: 21600/64566 members
INFO:__main__:Silver part 00071: 398609 rows (total 28491758 so far)
INFO:__main__:  Progress: 21900/64566 members
INFO:__main__:Silver part 00072: 411712 rows (total 28903470 so far)
INFO:__main__:  Progress: 22200/64566 members
INFO:__main__:Silver part 00073: 393205 rows (total 29296675 so far)
INFO:__main__:  Progress: 22500/64566 members
INFO:__main__:Silver part 00074: 358587 rows (total 29655262 so far)
INFO:__main__:  Progress: 22800/64566 members
INFO:__main__:Silver part 00075: 388365 rows (total 30043627 so far)
INFO:__main__:  Progress: 23100/64566 members
INFO:__main__:Silver part 00076: 390539 rows (total 30434166 so far)
INFO:__main__:  Progress: 23400/64566 members
INFO:__main__:Silver part 00077: 344732 rows (total 30778898 so far)
INFO:__main__:  Progress: 23700/64566 members
INFO:__main__:Silver part 00078: 366904 rows (total 31145802 so far)
INFO:__main__:  Progress: 24000/64566 members
INFO:__main__:Silver part 00079: 373088 rows (total 31518890 so far)
INFO:__main__:  Progress: 24300/64566 members
INFO:__main__:Silver part 00080: 389351 rows (total 31908241 so far)
INFO:__main__:  Progress: 24600/64566 members
INFO:__main__:Silver part 00081: 350381 rows (total 32258622 so far)
INFO:__main__:  Progress: 24900/64566 members
INFO:__main__:Silver part 00082: 428023 rows (total 32686645 so far)
INFO:__main__:  Progress: 25200/64566 members
INFO:__main__:Silver part 00083: 389188 rows (total 33075833 so far)
INFO:__main__:  Progress: 25500/64566 members
INFO:__main__:Silver part 00084: 471201 rows (total 33547034 so far)
INFO:__main__:  Progress: 25800/64566 members
INFO:__main__:Silver part 00085: 401651 rows (total 33948685 so far)
INFO:__main__:  Progress: 26100/64566 members
INFO:__main__:Silver part 00086: 388722 rows (total 34337407 so far)
INFO:__main__:  Progress: 26400/64566 members
INFO:__main__:Silver part 00087: 392459 rows (total 34729866 so far)
INFO:__main__:  Progress: 26700/64566 members
INFO:__main__:Silver part 00088: 437854 rows (total 35167720 so far)
INFO:__main__:  Progress: 27000/64566 members
INFO:__main__:Silver part 00089: 383805 rows (total 35551525 so far)
INFO:__main__:  Progress: 27300/64566 members
INFO:__main__:Silver part 00090: 413948 rows (total 35965473 so far)
INFO:__main__:  Progress: 27600/64566 members
INFO:__main__:Silver part 00091: 387239 rows (total 36352712 so far)
INFO:__main__:  Progress: 27900/64566 members
INFO:__main__:Silver part 00092: 394373 rows (total 36747085 so far)
INFO:__main__:  Progress: 28200/64566 members
INFO:__main__:Silver part 00093: 415172 rows (total 37162257 so far)
INFO:__main__:  Progress: 28500/64566 members
INFO:__main__:Silver part 00094: 360654 rows (total 37522911 so far)
INFO:__main__:  Progress: 28800/64566 members
INFO:__main__:Silver part 00095: 419576 rows (total 37942487 so far)
INFO:__main__:  Progress: 29100/64566 members
INFO:__main__:Silver part 00096: 433554 rows (total 38376041 so far)
INFO:__main__:  Progress: 29400/64566 members
INFO:__main__:Silver part 00097: 372994 rows (total 38749035 so far)
INFO:__main__:  Progress: 29700/64566 members
INFO:__main__:Silver part 00098: 439169 rows (total 39188204 so far)
INFO:__main__:  Progress: 30000/64566 members
INFO:__main__:Silver part 00099: 351631 rows (total 39539835 so far)
INFO:__main__:  Progress: 30300/64566 members
INFO:__main__:Silver part 00100: 364860 rows (total 39904695 so far)
INFO:__main__:  Progress: 30600/64566 members
INFO:__main__:Silver part 00101: 402144 rows (total 40306839 so far)
INFO:__main__:  Progress: 30900/64566 members
INFO:__main__:Silver part 00102: 381536 rows (total 40688375 so far)
INFO:__main__:  Progress: 31200/64566 members
INFO:__main__:Silver part 00103: 421210 rows (total 41109585 so far)
INFO:__main__:  Progress: 31500/64566 members
INFO:__main__:Silver part 00104: 411555 rows (total 41521140 so far)
INFO:__main__:  Progress: 31800/64566 members
INFO:__main__:Silver part 00105: 386288 rows (total 41907428 so far)
INFO:__main__:  Progress: 32100/64566 members
INFO:__main__:Silver part 00106: 393582 rows (total 42301010 so far)
INFO:__main__:  Progress: 32400/64566 members
INFO:__main__:Silver part 00107: 386698 rows (total 42687708 so far)
INFO:__main__:  Progress: 32700/64566 members
INFO:__main__:Silver part 00108: 373719 rows (total 43061427 so far)
INFO:__main__:  Progress: 33000/64566 members
INFO:__main__:Silver part 00109: 391771 rows (total 43453198 so far)
INFO:__main__:  Progress: 33300/64566 members
INFO:__main__:Silver part 00110: 416195 rows (total 43869393 so far)
INFO:__main__:  Progress: 33600/64566 members
INFO:__main__:Silver part 00111: 376213 rows (total 44245606 so far)
INFO:__main__:  Progress: 33900/64566 members
INFO:__main__:Silver part 00112: 376394 rows (total 44622000 so far)
INFO:__main__:  Progress: 34200/64566 members
INFO:__main__:Silver part 00113: 410095 rows (total 45032095 so far)
INFO:__main__:  Progress: 34500/64566 members
INFO:__main__:Silver part 00114: 383579 rows (total 45415674 so far)
INFO:__main__:  Progress: 34800/64566 members
INFO:__main__:Silver part 00115: 406298 rows (total 45821972 so far)
INFO:__main__:  Progress: 35100/64566 members
INFO:__main__:Silver part 00116: 402624 rows (total 46224596 so far)
INFO:__main__:  Progress: 35400/64566 members
INFO:__main__:Silver part 00117: 398567 rows (total 46623163 so far)
INFO:__main__:  Progress: 35700/64566 members
INFO:__main__:Silver part 00118: 423732 rows (total 47046895 so far)
INFO:__main__:  Progress: 36000/64566 members
INFO:__main__:Silver part 00119: 423221 rows (total 47470116 so far)
INFO:__main__:  Progress: 36300/64566 members
INFO:__main__:Silver part 00120: 456740 rows (total 47926856 so far)
INFO:__main__:  Progress: 36600/64566 members
INFO:__main__:Silver part 00121: 400538 rows (total 48327394 so far)
INFO:__main__:  Progress: 36900/64566 members
INFO:__main__:Silver part 00122: 361244 rows (total 48688638 so far)
INFO:__main__:  Progress: 37200/64566 members
INFO:__main__:Silver part 00123: 349089 rows (total 49037727 so far)
INFO:__main__:  Progress: 37500/64566 members
INFO:__main__:Silver part 00124: 362800 rows (total 49400527 so far)
INFO:__main__:  Progress: 37800/64566 members
INFO:__main__:Silver part 00125: 361095 rows (total 49761622 so far)
INFO:__main__:  Progress: 38100/64566 members
INFO:__main__:Silver part 00126: 396023 rows (total 50157645 so far)
INFO:__main__:  Progress: 38400/64566 members
INFO:__main__:Silver part 00127: 422786 rows (total 50580431 so far)
INFO:__main__:  Progress: 38700/64566 members
INFO:__main__:Silver part 00128: 376211 rows (total 50956642 so far)
INFO:__main__:  Progress: 39000/64566 members
INFO:__main__:Silver part 00129: 434707 rows (total 51391349 so far)
INFO:__main__:  Progress: 39300/64566 members
INFO:__main__:Silver part 00130: 391512 rows (total 51782861 so far)
INFO:__main__:  Progress: 39600/64566 members
INFO:__main__:Silver part 00131: 381866 rows (total 52164727 so far)
INFO:__main__:  Progress: 39900/64566 members
INFO:__main__:Silver part 00132: 352574 rows (total 52517301 so far)
INFO:__main__:  Progress: 40200/64566 members
INFO:__main__:Silver part 00133: 425850 rows (total 52943151 so far)
INFO:__main__:  Progress: 40500/64566 members
INFO:__main__:Silver part 00134: 453278 rows (total 53396429 so far)
INFO:__main__:  Progress: 40800/64566 members
INFO:__main__:Silver part 00135: 389596 rows (total 53786025 so far)
INFO:__main__:  Progress: 41100/64566 members
INFO:__main__:Silver part 00136: 438895 rows (total 54224920 so far)
INFO:__main__:  Progress: 41400/64566 members
INFO:__main__:Silver part 00137: 419654 rows (total 54644574 so far)
INFO:__main__:  Progress: 41700/64566 members
INFO:__main__:Silver part 00138: 424788 rows (total 55069362 so far)
INFO:__main__:  Progress: 42000/64566 members
INFO:__main__:Silver part 00139: 420076 rows (total 55489438 so far)
INFO:__main__:  Progress: 42300/64566 members
INFO:__main__:Silver part 00140: 408591 rows (total 55898029 so far)
INFO:__main__:  Progress: 42600/64566 members
INFO:__main__:Silver part 00141: 377214 rows (total 56275243 so far)
INFO:__main__:  Progress: 42900/64566 members
INFO:__main__:Silver part 00142: 450843 rows (total 56726086 so far)
INFO:__main__:  Progress: 43200/64566 members
INFO:__main__:Silver part 00143: 410944 rows (total 57137030 so far)
INFO:__main__:  Progress: 43500/64566 members
INFO:__main__:Silver part 00144: 399869 rows (total 57536899 so far)
INFO:__main__:  Progress: 43800/64566 members
INFO:__main__:Silver part 00145: 401890 rows (total 57938789 so far)
INFO:__main__:  Progress: 44100/64566 members
INFO:__main__:Silver part 00146: 427709 rows (total 58366498 so far)
INFO:__main__:  Progress: 44400/64566 members
INFO:__main__:Silver part 00147: 405175 rows (total 58771673 so far)
INFO:__main__:  Progress: 44700/64566 members
INFO:__main__:Silver part 00148: 378835 rows (total 59150508 so far)
INFO:__main__:  Progress: 45000/64566 members
INFO:__main__:Silver part 00149: 401475 rows (total 59551983 so far)
INFO:__main__:  Progress: 45300/64566 members
INFO:__main__:Silver part 00150: 393696 rows (total 59945679 so far)
INFO:__main__:  Progress: 45600/64566 members
INFO:__main__:Silver part 00151: 384635 rows (total 60330314 so far)
INFO:__main__:  Progress: 45900/64566 members
INFO:__main__:Silver part 00152: 397031 rows (total 60727345 so far)
INFO:__main__:  Progress: 46200/64566 members
INFO:__main__:Silver part 00153: 397476 rows (total 61124821 so far)
INFO:__main__:  Progress: 46500/64566 members
INFO:__main__:Silver part 00154: 416412 rows (total 61541233 so far)
INFO:__main__:  Progress: 46800/64566 members
INFO:__main__:Silver part 00155: 407784 rows (total 61949017 so far)
INFO:__main__:  Progress: 47100/64566 members
INFO:__main__:Silver part 00156: 362610 rows (total 62311627 so far)
INFO:__main__:  Progress: 47400/64566 members
INFO:__main__:Silver part 00157: 387100 rows (total 62698727 so far)
INFO:__main__:  Progress: 47700/64566 members
INFO:__main__:Silver part 00158: 432518 rows (total 63131245 so far)
INFO:__main__:  Progress: 48000/64566 members
INFO:__main__:Silver part 00159: 395920 rows (total 63527165 so far)
INFO:__main__:  Progress: 48300/64566 members
INFO:__main__:Silver part 00160: 361510 rows (total 63888675 so far)
INFO:__main__:  Progress: 48600/64566 members
INFO:__main__:Silver part 00161: 406308 rows (total 64294983 so far)
INFO:__main__:  Progress: 48900/64566 members
INFO:__main__:Silver part 00162: 455115 rows (total 64750098 so far)
INFO:__main__:  Progress: 49200/64566 members
INFO:__main__:Silver part 00163: 367196 rows (total 65117294 so far)
INFO:__main__:  Progress: 49500/64566 members
INFO:__main__:Silver part 00164: 352445 rows (total 65469739 so far)
INFO:__main__:  Progress: 49800/64566 members
INFO:__main__:Silver part 00165: 400274 rows (total 65870013 so far)
INFO:__main__:  Progress: 50100/64566 members
INFO:__main__:Silver part 00166: 478237 rows (total 66348250 so far)
INFO:__main__:  Progress: 50400/64566 members
INFO:__main__:Silver part 00167: 363691 rows (total 66711941 so far)
INFO:__main__:  Progress: 50700/64566 members
INFO:__main__:Silver part 00168: 387106 rows (total 67099047 so far)
INFO:__main__:  Progress: 51000/64566 members
INFO:__main__:Silver part 00169: 344543 rows (total 67443590 so far)
INFO:__main__:  Progress: 51300/64566 members
INFO:__main__:Silver part 00170: 428599 rows (total 67872189 so far)
INFO:__main__:  Progress: 51600/64566 members
INFO:__main__:Silver part 00171: 424510 rows (total 68296699 so far)
INFO:__main__:  Progress: 51900/64566 members
INFO:__main__:Silver part 00172: 354626 rows (total 68651325 so far)
INFO:__main__:  Progress: 52200/64566 members
INFO:__main__:Silver part 00173: 392609 rows (total 69043934 so far)
INFO:__main__:  Progress: 52500/64566 members
INFO:__main__:Silver part 00174: 416509 rows (total 69460443 so far)
INFO:__main__:  Progress: 52800/64566 members
INFO:__main__:Silver part 00175: 387144 rows (total 69847587 so far)
INFO:__main__:  Progress: 53100/64566 members
INFO:__main__:Silver part 00176: 393155 rows (total 70240742 so far)
INFO:__main__:  Progress: 53400/64566 members
INFO:__main__:Silver part 00177: 393255 rows (total 70633997 so far)
INFO:__main__:  Progress: 53700/64566 members
INFO:__main__:Silver part 00178: 426030 rows (total 71060027 so far)
INFO:__main__:  Progress: 54000/64566 members
INFO:__main__:Silver part 00179: 387935 rows (total 71447962 so far)
INFO:__main__:  Progress: 54300/64566 members
INFO:__main__:Silver part 00180: 440063 rows (total 71888025 so far)
INFO:__main__:  Progress: 54600/64566 members
INFO:__main__:Silver part 00181: 441446 rows (total 72329471 so far)
INFO:__main__:  Progress: 54900/64566 members
INFO:__main__:Silver part 00182: 402169 rows (total 72731640 so far)
INFO:__main__:  Progress: 55200/64566 members
INFO:__main__:Silver part 00183: 420223 rows (total 73151863 so far)
INFO:__main__:  Progress: 55500/64566 members
INFO:__main__:Silver part 00184: 415725 rows (total 73567588 so far)
INFO:__main__:  Progress: 55800/64566 members
INFO:__main__:Silver part 00185: 379575 rows (total 73947163 so far)
INFO:__main__:  Progress: 56100/64566 members
INFO:__main__:Silver part 00186: 430633 rows (total 74377796 so far)
INFO:__main__:  Progress: 56400/64566 members
INFO:__main__:Silver part 00187: 394757 rows (total 74772553 so far)
INFO:__main__:  Progress: 56700/64566 members
INFO:__main__:Silver part 00188: 427176 rows (total 75199729 so far)
INFO:__main__:  Progress: 57000/64566 members
INFO:__main__:Silver part 00189: 388573 rows (total 75588302 so far)
INFO:__main__:  Progress: 57300/64566 members
INFO:__main__:Silver part 00190: 393085 rows (total 75981387 so far)
INFO:__main__:  Progress: 57600/64566 members
INFO:__main__:Silver part 00191: 355758 rows (total 76337145 so far)
INFO:__main__:  Progress: 57900/64566 members
INFO:__main__:Silver part 00192: 453569 rows (total 76790714 so far)
INFO:__main__:  Progress: 58200/64566 members
INFO:__main__:Silver part 00193: 402802 rows (total 77193516 so far)
INFO:__main__:  Progress: 58500/64566 members
INFO:__main__:Silver part 00194: 456194 rows (total 77649710 so far)
INFO:__main__:  Progress: 58800/64566 members
INFO:__main__:Silver part 00195: 424933 rows (total 78074643 so far)
INFO:__main__:  Progress: 59100/64566 members
INFO:__main__:Silver part 00196: 417269 rows (total 78491912 so far)
INFO:__main__:  Progress: 59400/64566 members
INFO:__main__:Silver part 00197: 400324 rows (total 78892236 so far)
INFO:__main__:  Progress: 59700/64566 members
INFO:__main__:Silver part 00198: 422196 rows (total 79314432 so far)
INFO:__main__:  Progress: 60000/64566 members
INFO:__main__:Silver part 00199: 435480 rows (total 79749912 so far)
INFO:__main__:  Progress: 60300/64566 members
INFO:__main__:Silver part 00200: 429114 rows (total 80179026 so far)
INFO:__main__:  Progress: 60600/64566 members
INFO:__main__:Silver part 00201: 423046 rows (total 80602072 so far)
INFO:__main__:  Progress: 60900/64566 members
INFO:__main__:Silver part 00202: 448346 rows (total 81050418 so far)
INFO:__main__:  Progress: 61200/64566 members
INFO:__main__:Silver part 00203: 411829 rows (total 81462247 so far)
INFO:__main__:  Progress: 61500/64566 members
INFO:__main__:Silver part 00204: 444034 rows (total 81906281 so far)
INFO:__main__:  Progress: 61800/64566 members
INFO:__main__:Silver part 00205: 413437 rows (total 82319718 so far)
INFO:__main__:  Progress: 62100/64566 members
INFO:__main__:Silver part 00206: 386726 rows (total 82706444 so far)
INFO:__main__:  Progress: 62400/64566 members
INFO:__main__:Silver part 00207: 376799 rows (total 83083243 so far)
INFO:__main__:  Progress: 62700/64566 members
INFO:__main__:Silver part 00208: 382865 rows (total 83466108 so far)
INFO:__main__:  Progress: 63000/64566 members
INFO:__main__:Silver part 00209: 422065 rows (total 83888173 so far)
INFO:__main__:  Progress: 63300/64566 members
INFO:__main__:Silver part 00210: 383701 rows (total 84271874 so far)
INFO:__main__:  Progress: 63600/64566 members
INFO:__main__:Silver part 00211: 385607 rows (total 84657481 so far)
INFO:__main__:  Progress: 63900/64566 members
INFO:__main__:Silver part 00212: 404831 rows (total 85062312 so far)
INFO:__main__:  Progress: 64200/64566 members
INFO:__main__:Silver part 00213: 403292 rows (total 85465604 so far)
INFO:__main__:  Progress: 64500/64566 members
INFO:__main__:Silver part 00214: 421940 rows (total 85887544 so far)
INFO:__main__:Silver part 00215: 103479 rows (total 85991023 so far)
INFO:__main__:Done v2026.03.01-planes-readsb-prod-0.tar: 216 Silver part(s), 85991023 total rows, 0 error(s)
