INFO:__main__:Opening local tar: C:\Users\PC_6276\Desktop\datas\Adsb_historical\v2026.05.01-planes-readsb-prod-0.tar
INFO:__main__:v2026.05.01-planes-readsb-prod-0.tar: 72507 trace member(s) found
INFO:__main__:  Progress: 300/72507 members
INFO:__main__:Silver part 00000: 398558 rows (total 398558 so far)
INFO:__main__:  Progress: 600/72507 members
INFO:__main__:Silver part 00001: 411452 rows (total 810010 so far)
INFO:__main__:  Progress: 900/72507 members
INFO:__main__:Silver part 00002: 456722 rows (total 1266732 so far)
INFO:__main__:  Progress: 1200/72507 members
INFO:__main__:Silver part 00003: 416040 rows (total 1682772 so far)
INFO:__main__:  Progress: 1500/72507 members
INFO:__main__:Silver part 00004: 389945 rows (total 2072717 so far)
INFO:__main__:  Progress: 1800/72507 members
INFO:__main__:Silver part 00005: 416086 rows (total 2488803 so far)
INFO:__main__:  Progress: 2100/72507 members
INFO:__main__:Silver part 00006: 417731 rows (total 2906534 so far)
INFO:__main__:  Progress: 2400/72507 members
INFO:__main__:Silver part 00007: 411105 rows (total 3317639 so far)
INFO:__main__:  Progress: 2700/72507 members
INFO:__main__:Silver part 00008: 399406 rows (total 3717045 so far)
INFO:__main__:  Progress: 3000/72507 members
INFO:__main__:Silver part 00009: 381005 rows (total 4098050 so far)
INFO:__main__:  Progress: 3300/72507 members
INFO:__main__:Silver part 00010: 377121 rows (total 4475171 so far)
INFO:__main__:  Progress: 3600/72507 members
INFO:__main__:Silver part 00011: 411736 rows (total 4886907 so far)
INFO:__main__:  Progress: 3900/72507 members
INFO:__main__:Silver part 00012: 374303 rows (total 5261210 so far)
INFO:__main__:  Progress: 4200/72507 members
INFO:__main__:Silver part 00013: 422936 rows (total 5684146 so far)
INFO:__main__:  Progress: 4500/72507 members
INFO:__main__:Silver part 00014: 404368 rows (total 6088514 so far)
INFO:__main__:  Progress: 4800/72507 members
INFO:__main__:Silver part 00015: 384715 rows (total 6473229 so far)
INFO:__main__:  Progress: 5100/72507 members
INFO:__main__:Silver part 00016: 365118 rows (total 6838347 so far)
INFO:__main__:  Progress: 5400/72507 members
INFO:__main__:Silver part 00017: 366456 rows (total 7204803 so far)
INFO:__main__:  Progress: 5700/72507 members
INFO:__main__:Silver part 00018: 379108 rows (total 7583911 so far)
INFO:__main__:  Progress: 6000/72507 members
INFO:__main__:Silver part 00019: 404357 rows (total 7988268 so far)
INFO:__main__:  Progress: 6300/72507 members
INFO:__main__:Silver part 00020: 439389 rows (total 8427657 so far)
INFO:__main__:  Progress: 6600/72507 members
INFO:__main__:Silver part 00021: 432043 rows (total 8859700 so far)
INFO:__main__:  Progress: 6900/72507 members
INFO:__main__:Silver part 00022: 396773 rows (total 9256473 so far)
INFO:__main__:  Progress: 7200/72507 members
INFO:__main__:Silver part 00023: 384949 rows (total 9641422 so far)
INFO:__main__:  Progress: 7500/72507 members
INFO:__main__:Silver part 00024: 427735 rows (total 10069157 so far)
INFO:__main__:  Progress: 7800/72507 members
INFO:__main__:Silver part 00025: 433733 rows (total 10502890 so far)
INFO:__main__:  Progress: 8100/72507 members
INFO:__main__:Silver part 00026: 430215 rows (total 10933105 so far)
INFO:__main__:  Progress: 8400/72507 members
INFO:__main__:Silver part 00027: 428943 rows (total 11362048 so far)
INFO:__main__:  Progress: 8700/72507 members
INFO:__main__:Silver part 00028: 421423 rows (total 11783471 so far)
INFO:__main__:  Progress: 9000/72507 members
INFO:__main__:Silver part 00029: 414071 rows (total 12197542 so far)
INFO:__main__:  Progress: 9300/72507 members
INFO:__main__:Silver part 00030: 410579 rows (total 12608121 so far)
INFO:__main__:  Progress: 9600/72507 members
INFO:__main__:Silver part 00031: 369709 rows (total 12977830 so far)
INFO:__main__:  Progress: 9900/72507 members
INFO:__main__:Silver part 00032: 473127 rows (total 13450957 so far)
INFO:__main__:  Progress: 10200/72507 members
INFO:__main__:Silver part 00033: 448132 rows (total 13899089 so far)
INFO:__main__:  Progress: 10500/72507 members
INFO:__main__:Silver part 00034: 424884 rows (total 14323973 so far)
INFO:__main__:  Progress: 10800/72507 members
INFO:__main__:Silver part 00035: 481093 rows (total 14805066 so far)
INFO:__main__:  Progress: 11100/72507 members
INFO:__main__:Silver part 00036: 407943 rows (total 15213009 so far)
INFO:__main__:  Progress: 11400/72507 members
INFO:__main__:Silver part 00037: 400782 rows (total 15613791 so far)
INFO:__main__:  Progress: 11700/72507 members
INFO:__main__:Silver part 00038: 395216 rows (total 16009007 so far)
INFO:__main__:  Progress: 12000/72507 members
INFO:__main__:Silver part 00039: 413818 rows (total 16422825 so far)
INFO:__main__:  Progress: 12300/72507 members
INFO:__main__:Silver part 00040: 411434 rows (total 16834259 so far)
INFO:__main__:  Progress: 12600/72507 members
INFO:__main__:Silver part 00041: 401927 rows (total 17236186 so far)
INFO:__main__:  Progress: 12900/72507 members
INFO:__main__:Silver part 00042: 423414 rows (total 17659600 so far)
INFO:__main__:  Progress: 13200/72507 members
INFO:__main__:Silver part 00043: 414998 rows (total 18074598 so far)
INFO:__main__:  Progress: 13500/72507 members
INFO:__main__:Silver part 00044: 434333 rows (total 18508931 so far)
INFO:__main__:  Progress: 13800/72507 members
INFO:__main__:Silver part 00045: 426480 rows (total 18935411 so far)
INFO:__main__:  Progress: 14100/72507 members
INFO:__main__:Silver part 00046: 437488 rows (total 19372899 so far)
INFO:__main__:  Progress: 14400/72507 members
INFO:__main__:Silver part 00047: 414241 rows (total 19787140 so far)
INFO:__main__:  Progress: 14700/72507 members
INFO:__main__:Silver part 00048: 384739 rows (total 20171879 so far)
INFO:__main__:  Progress: 15000/72507 members
INFO:__main__:Silver part 00049: 336761 rows (total 20508640 so far)
INFO:__main__:  Progress: 15300/72507 members
INFO:__main__:Silver part 00050: 369239 rows (total 20877879 so far)
INFO:__main__:  Progress: 15600/72507 members
INFO:__main__:Silver part 00051: 393699 rows (total 21271578 so far)
INFO:__main__:  Progress: 15900/72507 members
INFO:__main__:Silver part 00052: 481840 rows (total 21753418 so far)
INFO:__main__:  Progress: 16200/72507 members
INFO:__main__:Silver part 00053: 367569 rows (total 22120987 so far)
INFO:__main__:  Progress: 16500/72507 members
INFO:__main__:Silver part 00054: 342005 rows (total 22462992 so far)
INFO:__main__:  Progress: 16800/72507 members
INFO:__main__:Silver part 00055: 471336 rows (total 22934328 so far)
INFO:__main__:  Progress: 17100/72507 members
INFO:__main__:Silver part 00056: 406438 rows (total 23340766 so far)
INFO:__main__:  Progress: 17400/72507 members
INFO:__main__:Silver part 00057: 408030 rows (total 23748796 so far)
INFO:__main__:  Progress: 17700/72507 members
INFO:__main__:Silver part 00058: 419658 rows (total 24168454 so far)
INFO:__main__:  Progress: 18000/72507 members
INFO:__main__:Silver part 00059: 435805 rows (total 24604259 so far)
INFO:__main__:  Progress: 18300/72507 members
INFO:__main__:Silver part 00060: 394411 rows (total 24998670 so far)
INFO:__main__:  Progress: 18600/72507 members
INFO:__main__:Silver part 00061: 394586 rows (total 25393256 so far)
INFO:__main__:  Progress: 18900/72507 members
INFO:__main__:Silver part 00062: 434389 rows (total 25827645 so far)
INFO:__main__:  Progress: 19200/72507 members
INFO:__main__:Silver part 00063: 408147 rows (total 26235792 so far)
INFO:__main__:  Progress: 19500/72507 members
INFO:__main__:Silver part 00064: 402448 rows (total 26638240 so far)
INFO:__main__:  Progress: 19800/72507 members
INFO:__main__:Silver part 00065: 439017 rows (total 27077257 so far)
INFO:__main__:  Progress: 20100/72507 members
INFO:__main__:Silver part 00066: 375964 rows (total 27453221 so far)
INFO:__main__:  Progress: 20400/72507 members
INFO:__main__:Silver part 00067: 407445 rows (total 27860666 so far)
INFO:__main__:  Progress: 20700/72507 members
INFO:__main__:Silver part 00068: 403675 rows (total 28264341 so far)
INFO:__main__:  Progress: 21000/72507 members
INFO:__main__:Silver part 00069: 390556 rows (total 28654897 so far)
INFO:__main__:  Progress: 21300/72507 members
INFO:__main__:Silver part 00070: 359917 rows (total 29014814 so far)
INFO:__main__:  Progress: 21600/72507 members
INFO:__main__:Silver part 00071: 430904 rows (total 29445718 so far)
INFO:__main__:  Progress: 21900/72507 members
INFO:__main__:Silver part 00072: 383373 rows (total 29829091 so far)
INFO:__main__:  Progress: 22200/72507 members
INFO:__main__:Silver part 00073: 414527 rows (total 30243618 so far)
INFO:__main__:  Progress: 22500/72507 members
INFO:__main__:Silver part 00074: 397309 rows (total 30640927 so far)
INFO:__main__:  Progress: 22800/72507 members
INFO:__main__:Silver part 00075: 427850 rows (total 31068777 so far)
INFO:__main__:  Progress: 23100/72507 members
INFO:__main__:Silver part 00076: 424024 rows (total 31492801 so far)
INFO:__main__:  Progress: 23400/72507 members
INFO:__main__:Silver part 00077: 417726 rows (total 31910527 so far)
INFO:__main__:  Progress: 23700/72507 members
INFO:__main__:Silver part 00078: 397277 rows (total 32307804 so far)
INFO:__main__:  Progress: 24000/72507 members
INFO:__main__:Silver part 00079: 445589 rows (total 32753393 so far)
INFO:__main__:  Progress: 24300/72507 members
INFO:__main__:Silver part 00080: 399440 rows (total 33152833 so far)
INFO:__main__:  Progress: 24600/72507 members
INFO:__main__:Silver part 00081: 444284 rows (total 33597117 so far)
INFO:__main__:  Progress: 24900/72507 members
INFO:__main__:Silver part 00082: 412257 rows (total 34009374 so far)
INFO:__main__:  Progress: 25200/72507 members
INFO:__main__:Silver part 00083: 478882 rows (total 34488256 so far)
INFO:__main__:  Progress: 25500/72507 members
INFO:__main__:Silver part 00084: 443050 rows (total 34931306 so far)
INFO:__main__:  Progress: 25800/72507 members
INFO:__main__:Silver part 00085: 467962 rows (total 35399268 so far)
INFO:__main__:  Progress: 26100/72507 members
INFO:__main__:Silver part 00086: 428303 rows (total 35827571 so far)
INFO:__main__:  Progress: 26400/72507 members
INFO:__main__:Silver part 00087: 430949 rows (total 36258520 so far)
INFO:__main__:  Progress: 26700/72507 members
INFO:__main__:Silver part 00088: 474525 rows (total 36733045 so far)
INFO:__main__:  Progress: 27000/72507 members
INFO:__main__:Silver part 00089: 418536 rows (total 37151581 so far)
INFO:__main__:  Progress: 27300/72507 members
INFO:__main__:Silver part 00090: 395930 rows (total 37547511 so far)
INFO:__main__:  Progress: 27600/72507 members
INFO:__main__:Silver part 00091: 447841 rows (total 37995352 so far)
INFO:__main__:  Progress: 27900/72507 members
INFO:__main__:Silver part 00092: 415916 rows (total 38411268 so far)
INFO:__main__:  Progress: 28200/72507 members
INFO:__main__:Silver part 00093: 412873 rows (total 38824141 so far)
INFO:__main__:  Progress: 28500/72507 members
INFO:__main__:Silver part 00094: 459699 rows (total 39283840 so far)
INFO:__main__:  Progress: 28800/72507 members
INFO:__main__:Silver part 00095: 459004 rows (total 39742844 so far)
INFO:__main__:  Progress: 29100/72507 members
INFO:__main__:Silver part 00096: 418760 rows (total 40161604 so far)
INFO:__main__:  Progress: 29400/72507 members
INFO:__main__:Silver part 00097: 401846 rows (total 40563450 so far)
INFO:__main__:  Progress: 29700/72507 members
INFO:__main__:Silver part 00098: 363645 rows (total 40927095 so far)
INFO:__main__:  Progress: 30000/72507 members
INFO:__main__:Silver part 00099: 447789 rows (total 41374884 so far)
INFO:__main__:  Progress: 30300/72507 members
INFO:__main__:Silver part 00100: 437694 rows (total 41812578 so far)
INFO:__main__:  Progress: 30600/72507 members
INFO:__main__:Silver part 00101: 356228 rows (total 42168806 so far)
INFO:__main__:  Progress: 30900/72507 members
INFO:__main__:Silver part 00102: 408922 rows (total 42577728 so far)
INFO:__main__:  Progress: 31200/72507 members
INFO:__main__:Silver part 00103: 420143 rows (total 42997871 so far)
INFO:__main__:  Progress: 31500/72507 members
INFO:__main__:Silver part 00104: 407452 rows (total 43405323 so far)
INFO:__main__:  Progress: 31800/72507 members
INFO:__main__:Silver part 00105: 422658 rows (total 43827981 so far)
INFO:__main__:  Progress: 32100/72507 members
INFO:__main__:Silver part 00106: 424086 rows (total 44252067 so far)
INFO:__main__:  Progress: 32400/72507 members
INFO:__main__:Silver part 00107: 399606 rows (total 44651673 so far)
INFO:__main__:  Progress: 32700/72507 members
INFO:__main__:Silver part 00108: 384779 rows (total 45036452 so far)
INFO:__main__:  Progress: 33000/72507 members
INFO:__main__:Silver part 00109: 468554 rows (total 45505006 so far)
INFO:__main__:  Progress: 33300/72507 members
INFO:__main__:Silver part 00110: 443768 rows (total 45948774 so far)
INFO:__main__:  Progress: 33600/72507 members
INFO:__main__:Silver part 00111: 414804 rows (total 46363578 so far)
INFO:__main__:  Progress: 33900/72507 members
INFO:__main__:Silver part 00112: 389125 rows (total 46752703 so far)
INFO:__main__:  Progress: 34200/72507 members
INFO:__main__:Silver part 00113: 410102 rows (total 47162805 so far)
INFO:__main__:  Progress: 34500/72507 members
INFO:__main__:Silver part 00114: 372831 rows (total 47535636 so far)
INFO:__main__:  Progress: 34800/72507 members
INFO:__main__:Silver part 00115: 443435 rows (total 47979071 so far)
INFO:__main__:  Progress: 35100/72507 members
INFO:__main__:Silver part 00116: 388691 rows (total 48367762 so far)
INFO:__main__:  Progress: 35400/72507 members
INFO:__main__:Silver part 00117: 424377 rows (total 48792139 so far)
INFO:__main__:  Progress: 35700/72507 members
INFO:__main__:Silver part 00118: 365384 rows (total 49157523 so far)
INFO:__main__:  Progress: 36000/72507 members
INFO:__main__:Silver part 00119: 388249 rows (total 49545772 so far)
INFO:__main__:  Progress: 36300/72507 members
INFO:__main__:Silver part 00120: 441788 rows (total 49987560 so far)
INFO:__main__:  Progress: 36600/72507 members
INFO:__main__:Silver part 00121: 431355 rows (total 50418915 so far)
INFO:__main__:  Progress: 36900/72507 members
INFO:__main__:Silver part 00122: 443185 rows (total 50862100 so far)
INFO:__main__:  Progress: 37200/72507 members
INFO:__main__:Silver part 00123: 416274 rows (total 51278374 so far)
INFO:__main__:  Progress: 37500/72507 members
INFO:__main__:Silver part 00124: 428118 rows (total 51706492 so far)
INFO:__main__:  Progress: 37800/72507 members
INFO:__main__:Silver part 00125: 434442 rows (total 52140934 so far)
INFO:__main__:  Progress: 38100/72507 members
INFO:__main__:Silver part 00126: 446229 rows (total 52587163 so far)
INFO:__main__:  Progress: 38400/72507 members
INFO:__main__:Silver part 00127: 434773 rows (total 53021936 so far)
INFO:__main__:  Progress: 38700/72507 members
INFO:__main__:Silver part 00128: 377295 rows (total 53399231 so far)
INFO:__main__:  Progress: 39000/72507 members
INFO:__main__:Silver part 00129: 426758 rows (total 53825989 so far)
INFO:__main__:  Progress: 39300/72507 members
INFO:__main__:Silver part 00130: 407432 rows (total 54233421 so far)
INFO:__main__:  Progress: 39600/72507 members
INFO:__main__:Silver part 00131: 385325 rows (total 54618746 so far)
INFO:__main__:  Progress: 39900/72507 members
INFO:__main__:Silver part 00132: 429386 rows (total 55048132 so far)
INFO:__main__:  Progress: 40200/72507 members
INFO:__main__:Silver part 00133: 429113 rows (total 55477245 so far)
INFO:__main__:  Progress: 40500/72507 members
INFO:__main__:Silver part 00134: 405451 rows (total 55882696 so far)
INFO:__main__:  Progress: 40800/72507 members
INFO:__main__:Silver part 00135: 400372 rows (total 56283068 so far)
INFO:__main__:  Progress: 41100/72507 members
INFO:__main__:Silver part 00136: 426432 rows (total 56709500 so far)
INFO:__main__:  Progress: 41400/72507 members
INFO:__main__:Silver part 00137: 373826 rows (total 57083326 so far)
INFO:__main__:  Progress: 41700/72507 members
INFO:__main__:Silver part 00138: 395001 rows (total 57478327 so far)
INFO:__main__:  Progress: 42000/72507 members
INFO:__main__:Silver part 00139: 412720 rows (total 57891047 so far)
INFO:__main__:  Progress: 42300/72507 members
INFO:__main__:Silver part 00140: 409681 rows (total 58300728 so far)
INFO:__main__:  Progress: 42600/72507 members
INFO:__main__:Silver part 00141: 402575 rows (total 58703303 so far)
INFO:__main__:  Progress: 42900/72507 members
INFO:__main__:Silver part 00142: 410592 rows (total 59113895 so far)
INFO:__main__:  Progress: 43200/72507 members
INFO:__main__:Silver part 00143: 367776 rows (total 59481671 so far)
INFO:__main__:  Progress: 43500/72507 members
INFO:__main__:Silver part 00144: 375416 rows (total 59857087 so far)
INFO:__main__:  Progress: 43800/72507 members
INFO:__main__:Silver part 00145: 416518 rows (total 60273605 so far)
INFO:__main__:  Progress: 44100/72507 members
INFO:__main__:Silver part 00146: 448219 rows (total 60721824 so far)
INFO:__main__:  Progress: 44400/72507 members
INFO:__main__:Silver part 00147: 409595 rows (total 61131419 so far)
INFO:__main__:  Progress: 44700/72507 members
INFO:__main__:Silver part 00148: 391742 rows (total 61523161 so far)
INFO:__main__:  Progress: 45000/72507 members
INFO:__main__:Silver part 00149: 365174 rows (total 61888335 so far)
INFO:__main__:  Progress: 45300/72507 members
INFO:__main__:Silver part 00150: 364062 rows (total 62252397 so far)
INFO:__main__:  Progress: 45600/72507 members
INFO:__main__:Silver part 00151: 414351 rows (total 62666748 so far)
INFO:__main__:  Progress: 45900/72507 members
INFO:__main__:Silver part 00152: 409111 rows (total 63075859 so far)
INFO:__main__:  Progress: 46200/72507 members
INFO:__main__:Silver part 00153: 397274 rows (total 63473133 so far)
INFO:__main__:  Progress: 46500/72507 members
INFO:__main__:Silver part 00154: 382827 rows (total 63855960 so far)
INFO:__main__:  Progress: 46800/72507 members
INFO:__main__:Silver part 00155: 417113 rows (total 64273073 so far)
INFO:__main__:  Progress: 47100/72507 members
INFO:__main__:Silver part 00156: 371093 rows (total 64644166 so far)
INFO:__main__:  Progress: 47400/72507 members
INFO:__main__:Silver part 00157: 434237 rows (total 65078403 so far)
INFO:__main__:  Progress: 47700/72507 members
INFO:__main__:Silver part 00158: 422047 rows (total 65500450 so far)
INFO:__main__:  Progress: 48000/72507 members
INFO:__main__:Silver part 00159: 378511 rows (total 65878961 so far)
INFO:__main__:  Progress: 48300/72507 members
INFO:__main__:Silver part 00160: 421816 rows (total 66300777 so far)
INFO:__main__:  Progress: 48600/72507 members
INFO:__main__:Silver part 00161: 424076 rows (total 66724853 so far)
INFO:__main__:  Progress: 48900/72507 members
INFO:__main__:Silver part 00162: 425024 rows (total 67149877 so far)
INFO:__main__:  Progress: 49200/72507 members
INFO:__main__:Silver part 00163: 444818 rows (total 67594695 so far)
INFO:__main__:  Progress: 49500/72507 members
INFO:__main__:Silver part 00164: 431013 rows (total 68025708 so far)
INFO:__main__:  Progress: 49800/72507 members
INFO:__main__:Silver part 00165: 421290 rows (total 68446998 so far)
INFO:__main__:  Progress: 50100/72507 members
INFO:__main__:Silver part 00166: 382646 rows (total 68829644 so far)
INFO:__main__:  Progress: 50400/72507 members
INFO:__main__:Silver part 00167: 432388 rows (total 69262032 so far)
INFO:__main__:  Progress: 50700/72507 members
INFO:__main__:Silver part 00168: 428235 rows (total 69690267 so far)
INFO:__main__:  Progress: 51000/72507 members
INFO:__main__:Silver part 00169: 386371 rows (total 70076638 so far)
INFO:__main__:  Progress: 51300/72507 members
INFO:__main__:Silver part 00170: 407750 rows (total 70484388 so far)
INFO:__main__:  Progress: 51600/72507 members
INFO:__main__:Silver part 00171: 440380 rows (total 70924768 so far)
INFO:__main__:  Progress: 51900/72507 members
INFO:__main__:Silver part 00172: 507794 rows (total 71432562 so far)
INFO:__main__:  Progress: 52200/72507 members
INFO:__main__:Silver part 00173: 419876 rows (total 71852438 so far)
INFO:__main__:  Progress: 52500/72507 members
INFO:__main__:Silver part 00174: 409010 rows (total 72261448 so far)
INFO:__main__:  Progress: 52800/72507 members
INFO:__main__:Silver part 00175: 407338 rows (total 72668786 so far)
INFO:__main__:  Progress: 53100/72507 members
INFO:__main__:Silver part 00176: 440761 rows (total 73109547 so far)
INFO:__main__:  Progress: 53400/72507 members
INFO:__main__:Silver part 00177: 386336 rows (total 73495883 so far)
INFO:__main__:  Progress: 53700/72507 members
INFO:__main__:Silver part 00178: 399151 rows (total 73895034 so far)
INFO:__main__:  Progress: 54000/72507 members
INFO:__main__:Silver part 00179: 399351 rows (total 74294385 so far)
INFO:__main__:  Progress: 54300/72507 members
INFO:__main__:Silver part 00180: 397918 rows (total 74692303 so far)
INFO:__main__:  Progress: 54600/72507 members
INFO:__main__:Silver part 00181: 390463 rows (total 75082766 so far)
INFO:__main__:  Progress: 54900/72507 members
INFO:__main__:Silver part 00182: 412592 rows (total 75495358 so far)
INFO:__main__:  Progress: 55200/72507 members
INFO:__main__:Silver part 00183: 385284 rows (total 75880642 so far)
INFO:__main__:  Progress: 55500/72507 members
INFO:__main__:Silver part 00184: 387368 rows (total 76268010 so far)
INFO:__main__:  Progress: 55800/72507 members
INFO:__main__:Silver part 00185: 414782 rows (total 76682792 so far)
INFO:__main__:  Progress: 56100/72507 members
INFO:__main__:Silver part 00186: 423230 rows (total 77106022 so far)
INFO:__main__:  Progress: 56400/72507 members
INFO:__main__:Silver part 00187: 398238 rows (total 77504260 so far)
INFO:__main__:  Progress: 56700/72507 members
INFO:__main__:Silver part 00188: 429921 rows (total 77934181 so far)
INFO:__main__:  Progress: 57000/72507 members
INFO:__main__:Silver part 00189: 405331 rows (total 78339512 so far)
INFO:__main__:  Progress: 57300/72507 members
INFO:__main__:Silver part 00190: 387528 rows (total 78727040 so far)
INFO:__main__:  Progress: 57600/72507 members
INFO:__main__:Silver part 00191: 412439 rows (total 79139479 so far)
INFO:__main__:  Progress: 57900/72507 members
INFO:__main__:Silver part 00192: 379079 rows (total 79518558 so far)
INFO:__main__:  Progress: 58200/72507 members
INFO:__main__:Silver part 00193: 400024 rows (total 79918582 so far)
INFO:__main__:  Progress: 58500/72507 members
INFO:__main__:Silver part 00194: 442396 rows (total 80360978 so far)
INFO:__main__:  Progress: 58800/72507 members
INFO:__main__:Silver part 00195: 425593 rows (total 80786571 so far)
INFO:__main__:  Progress: 59100/72507 members
INFO:__main__:Silver part 00196: 428230 rows (total 81214801 so far)
INFO:__main__:  Progress: 59400/72507 members
INFO:__main__:Silver part 00197: 475040 rows (total 81689841 so far)
INFO:__main__:  Progress: 59700/72507 members
INFO:__main__:Silver part 00198: 402889 rows (total 82092730 so far)
INFO:__main__:  Progress: 60000/72507 members
INFO:__main__:Silver part 00199: 403347 rows (total 82496077 so far)
INFO:__main__:  Progress: 60300/72507 members
INFO:__main__:Silver part 00200: 378902 rows (total 82874979 so far)
INFO:__main__:  Progress: 60600/72507 members
INFO:__main__:Silver part 00201: 390426 rows (total 83265405 so far)
INFO:__main__:  Progress: 60900/72507 members
INFO:__main__:Silver part 00202: 386133 rows (total 83651538 so far)
INFO:__main__:  Progress: 61200/72507 members
INFO:__main__:Silver part 00203: 427551 rows (total 84079089 so far)
INFO:__main__:  Progress: 61500/72507 members
INFO:__main__:Silver part 00204: 398361 rows (total 84477450 so far)
INFO:__main__:  Progress: 61800/72507 members
INFO:__main__:Silver part 00205: 370589 rows (total 84848039 so far)
INFO:__main__:  Progress: 62100/72507 members
INFO:__main__:Silver part 00206: 403378 rows (total 85251417 so far)
INFO:__main__:  Progress: 62400/72507 members
INFO:__main__:Silver part 00207: 436524 rows (total 85687941 so far)
INFO:__main__:  Progress: 62700/72507 members
INFO:__main__:Silver part 00208: 409313 rows (total 86097254 so far)
INFO:__main__:  Progress: 63000/72507 members
INFO:__main__:Silver part 00209: 448348 rows (total 86545602 so far)
INFO:__main__:  Progress: 63300/72507 members
INFO:__main__:Silver part 00210: 410696 rows (total 86956298 so far)
INFO:__main__:  Progress: 63600/72507 members
INFO:__main__:Silver part 00211: 430713 rows (total 87387011 so far)
INFO:__main__:  Progress: 63900/72507 members
INFO:__main__:Silver part 00212: 432429 rows (total 87819440 so far)
INFO:__main__:  Progress: 64200/72507 members
INFO:__main__:Silver part 00213: 405415 rows (total 88224855 so far)
INFO:__main__:  Progress: 64500/72507 members
INFO:__main__:Silver part 00214: 433573 rows (total 88658428 so far)
INFO:__main__:  Progress: 64800/72507 members
INFO:__main__:Silver part 00215: 410571 rows (total 89068999 so far)
INFO:__main__:  Progress: 65100/72507 members
INFO:__main__:Silver part 00216: 435887 rows (total 89504886 so far)
INFO:__main__:  Progress: 65400/72507 members
INFO:__main__:Silver part 00217: 456051 rows (total 89960937 so far)
INFO:__main__:  Progress: 65700/72507 members
INFO:__main__:Silver part 00218: 432746 rows (total 90393683 so far)
INFO:__main__:  Progress: 66000/72507 members
INFO:__main__:Silver part 00219: 440019 rows (total 90833702 so far)
INFO:__main__:  Progress: 66300/72507 members
INFO:__main__:Silver part 00220: 408650 rows (total 91242352 so far)
INFO:__main__:  Progress: 66600/72507 members
INFO:__main__:Silver part 00221: 384487 rows (total 91626839 so far)
INFO:__main__:  Progress: 66900/72507 members
INFO:__main__:Silver part 00222: 451041 rows (total 92077880 so far)
INFO:__main__:  Progress: 67200/72507 members
INFO:__main__:Silver part 00223: 391521 rows (total 92469401 so far)
INFO:__main__:  Progress: 67500/72507 members
INFO:__main__:Silver part 00224: 436412 rows (total 92905813 so far)
INFO:__main__:  Progress: 67800/72507 members
INFO:__main__:Silver part 00225: 379898 rows (total 93285711 so far)
INFO:__main__:  Progress: 68100/72507 members
INFO:__main__:Silver part 00226: 435114 rows (total 93720825 so far)
INFO:__main__:  Progress: 68400/72507 members
INFO:__main__:Silver part 00227: 422778 rows (total 94143603 so far)
INFO:__main__:  Progress: 68700/72507 members
INFO:__main__:Silver part 00228: 404818 rows (total 94548421 so far)
INFO:__main__:  Progress: 69000/72507 members
INFO:__main__:Silver part 00229: 399697 rows (total 94948118 so far)
INFO:__main__:  Progress: 69300/72507 members
INFO:__main__:Silver part 00230: 466489 rows (total 95414607 so far)
INFO:__main__:  Progress: 69600/72507 members
INFO:__main__:Silver part 00231: 409072 rows (total 95823679 so far)
INFO:__main__:  Progress: 69900/72507 members
INFO:__main__:Silver part 00232: 388073 rows (total 96211752 so far)
INFO:__main__:  Progress: 70200/72507 members
INFO:__main__:Silver part 00233: 432109 rows (total 96643861 so far)
INFO:__main__:  Progress: 70500/72507 members
INFO:__main__:Silver part 00234: 430696 rows (total 97074557 so far)
INFO:__main__:  Progress: 70800/72507 members
INFO:__main__:Silver part 00235: 418366 rows (total 97492923 so far)
INFO:__main__:  Progress: 71100/72507 members
INFO:__main__:Silver part 00236: 411275 rows (total 97904198 so far)
INFO:__main__:  Progress: 71400/72507 members
INFO:__main__:Silver part 00237: 424748 rows (total 98328946 so far)
INFO:__main__:  Progress: 71700/72507 members
INFO:__main__:Silver part 00238: 381969 rows (total 98710915 so far)
INFO:__main__:  Progress: 72000/72507 members
INFO:__main__:Silver part 00239: 409167 rows (total 99120082 so far)
INFO:__main__:  Progress: 72300/72507 members
INFO:__main__:Silver part 00240: 450672 rows (total 99570754 so far)
INFO:__main__:Silver part 00241: 292757 rows (total 99863511 so far)
INFO:__main__:Done v2026.05.01-planes-readsb-prod-0.tar: 242 Silver part(s), 99863511 total rows, 0 error(s)
