{
  "schema_version": 2,
  "sample_hz": 10,
  "completed": [
    "rfly_0011b0d0c3adacfa8c9f",
    "rfly_0024d6d571819a804d26",
    "rfly_002a8c238bce42375339",
    "rfly_00359f8de7f5bf02011d",
    "rfly_003916259fd8c6959246",
    "rfly_0039c253b7ef732de5d9",
    "rfly_003d5d07f6a9d114aad9",
    "rfly_003f9620cc8de34d4824",
    "rfly_00458625c8b942377542",
    "rfly_0051d59b2354e02bbe00",
    "rfly_00536cf02989628c81ce",
    "rfly_0057ac87c72c80321265",
    "rfly_0058c4c30d4fc2bbc150",
    "rfly_00590dc2e8994d01fe88",
    "rfly_008d39698c76cc502712",
    "rfly_009225e6829cc4c4ae5f",
    "rfly_00941d5cb4aeb5b1e306",
    "rfly_009787717a505146e61b",
    "rfly_0098bf65dc9931bf1060",
    "rfly_00a1192f3698e39a1e50",
    "rfly_00a763807b10a4997a3b",
    "rfly_00b93f5592835bc98c7f",
    "rfly_00c35fb9c006438386ab",
    "rfly_00c5b8661f67b9c905bb",
    "rfly_00c802d3106ca5279640",
    "rfly_00c871676e5b059553b8",
    "rfly_00ceda265fe41509e842",
    "rfly_00e3e753f560b2f3ec54",
    "rfly_00e5e804f47a0d4d0d87",
    "rfly_00edf2a6b7bacc894811",
    "rfly_00ee001c99aa159cfd11",
    "rfly_00f74d1361447795f0eb",
    "rfly_011133cdac0fc130bf54",
    "rfly_0113ecaf67de028dcc2d",
    "rfly_0120e9e82a022319f894",
    "rfly_01227258036a2ceb77c0",
    "rfly_012d2a915faa0c6b2e6a",
    "rfly_013553bc9a63ecbc78b6",
    "rfly_0146c3334199531b1461",
    "rfly_014fc83ae29a8eccae33",
    "rfly_0155151d96b872102c96",
    "rfly_01572f39a72f0aee9b9b",
    "rfly_01649d3149ca761f3548",
    "rfly_0168ff77e0a0afbd686d",
    "rfly_0171dcf4b2d86f290e6f",
    "rfly_0185b66c25515c163184",
    "rfly_0185c42e179c1239a9f1",
    "rfly_0195a2c589d023683e14",
    "rfly_019b48b4c1c4639e32ac",
    "rfly_01a017f3bdf364ad2a0a",
    "rfly_01a1d52cce4638ddb386",
    "rfly_01dd9a325f8ed6a1eb56",
    "rfly_01e0819ff757c9856930",
    "rfly_01e8e344376cb1cbb3ce",
    "rfly_01f204a5d199e5a8b8fb",
    "rfly_01f8a131775520fe08d8",
    "rfly_020c7ee39b7f5a38b67e",
    "rfly_020f933505da9357e686",
    "rfly_0219c4f4d614c25966b5",
    "rfly_021ebac55c420ec9a288",
    "rfly_0225f3d7f0981e37977e",
    "rfly_02274966d49a5cabb82c",
    "rfly_0227975bd29fe3fa679a",
    "rfly_024891b8ddba1afee5f8",
    "rfly_026ad8a739c0229e7354",
    "rfly_02869208fd351f7248e7",
    "rfly_028b73e1363931c538bf",
    "rfly_028dc6db433613bbb603",
    "rfly_02a4a835fece498900fe",
    "rfly_02b2866c2e5d97010dca",
    "rfly_02b48f3e389f6f5c3e43",
    "rfly_02c2b5d22c6d03e71bba",
    "rfly_02db034abd5c21d4f81f",
    "rfly_02dfa58d953437d26aea",
    "rfly_02e05e8fc70d04e3c2de",
    "rfly_02fd3b2252199b3eca41",
    "rfly_030aca73236164c452ce",
    "rfly_0330b035e73aff99a981",
    "rfly_03312a131beda112e09d",
    "rfly_03352ead71fc4dd9bde6",
    "rfly_0337200e6181c824eb9a",
    "rfly_033cb951a1798306c771",
    "rfly_03425f6a012baf80f9da",
    "rfly_0342834fb8c40dfa3178",
    "rfly_03463002fdd13c0dafea",
    "rfly_034c0ad902bab3f8adb0",
    "rfly_034da554a9351e317f9d",
    "rfly_035bf32ac49a0eedb333",
    "rfly_036c9573c63ffbd896d2",
    "rfly_03764ceeff73f633c047",
    "rfly_039e7ec751d1cc2931d0",
    "rfly_039f654ee1ee6864ee89",
    "rfly_03a110b8128b381b96ed",
    "rfly_03a4e125ab818f534816",
    "rfly_03a7ade67c64635f4139",
    "rfly_03ac07bf2c019991f5fa",
    "rfly_03b122c85cc8a966bd81",
    "rfly_03b5f746eca179d1b296",
    "rfly_03caa547b0bcec906ab7",
    "rfly_03cee66a1e78673dad69",
    "rfly_03f227c3247f0e7be314",
    "rfly_03f34ab6f750d92144db",
    "rfly_03f3debd3183e4b827c3",
    "rfly_03f62275383c0c245179",
    "rfly_03f8881e8bac788d676d",
    "rfly_03fabe78d20d8daf2c6a",
    "rfly_0409162ae3b22431bfd9",
    "rfly_041931241a456e8fc4c6",
    "rfly_04209f22784cc292331a",
    "rfly_0433d0ebd7abda505020",
    "rfly_043863ae4089ad27a21c",
    "rfly_043a6296f1587bdc6763",
    "rfly_0451bfd1a0ee378ee8d9",
    "rfly_0455fd3ef1aef83ad483",
    "rfly_0461f96e997f9ed4600a",
    "rfly_046403fe6efab54d01ae",
    "rfly_04680a9e1cc9d31ee177",
    "rfly_0470f6f5b77c217dff08",
    "rfly_0475055b92214a09b67c",
    "rfly_0478363a13172de8d346",
    "rfly_0479fffa06458bb5f671",
    "rfly_047be55352bc3e677545",
    "rfly_047fd06698964f1282df",
    "rfly_048bf76ac1c812204757",
    "rfly_049d68ada8b8fcb14676",
    "rfly_049fbc122c031d9f1392",
    "rfly_04a2baf0ac07308b8804",
    "rfly_04a3d164da043b1c2ff9",
    "rfly_05a44e5d3204c206011a",
    "rfly_05acb6fc5d91db11bff7",
    "rfly_05e2f3d4333fa2f26b43",
    "rfly_0677fc17f64a084f3cc6",
    "rfly_06e940ba992aacec989e",
    "rfly_077914ffde89edf1a7b7",
    "rfly_07f932d34b64147d7deb",
    "rfly_08153dabb3d55d47c94f",
    "rfly_0835a19fba6323a4e1fa",
    "rfly_083ea16457112931b138",
    "rfly_087ceeafd3990ecd2a1a",
    "rfly_0a1868d09ecde3c2e447",
    "rfly_0a4aca20d158e19069ff",
    "rfly_0b175bf33cba577e1352",
    "rfly_0b84834d753608c6892c",
    "rfly_0cd04881e78888be1e15",
    "rfly_0d08bff7a43d05651966",
    "rfly_0d6ef2e1b660c9bb032b",
    "rfly_0d9af88a48bf8bc85f84",
    "rfly_0db923f0f7d13e5e73eb",
    "rfly_0dc4aeba0361440bf886",
    "rfly_0dff6a9cf86a2a4fb269",
    "rfly_0e38d0db337c675a3d33",
    "rfly_0ea04aa5cd4f8e555271",
    "rfly_0eadcff277b37493e278",
    "rfly_1058bce41fb71baacdb7",
    "rfly_109b90c8734d1a23dae8",
    "rfly_11737f8d3d24254a2743",
    "rfly_11af95bd610b3cf17fea",
    "rfly_11c412a7d9a68bd4c8b9",
    "rfly_11c7e3fb6033f1d3e1a0",
    "rfly_120cd987c761ee3488a2",
    "rfly_12bdfbeb5f2f1c79bb57",
    "rfly_12c9a680938146ece95e",
    "rfly_131f306cd7266c89234f",
    "rfly_13394d60b17179b1bc5a",
    "rfly_1383d8112620d53dcabe",
    "rfly_16f8009d30de933f226c",
    "rfly_1764ce459342b1098d44",
    "rfly_189e86c2dac4d1be5c73",
    "rfly_1996a41e83df6a6ba617",
    "rfly_1a2737c317c055337b28",
    "rfly_1ac4a84e7ae3e45127b2",
    "rfly_1adaffbc6d2408e50dd3",
    "rfly_1b0f995d6746b7effc14",
    "rfly_1c7405ab5f01c99fe3e7",
    "rfly_1cd6866b44ebde4ba7c5",
    "rfly_1cd8fcbfbcea4cf74ddf",
    "rfly_1d631ecee900012b1a2e",
    "rfly_1dde48b011a8909c432b",
    "rfly_1e7e9cc6731d55193e9a",
    "rfly_1f76ca145c8175b85e06",
    "rfly_2020f570fe5a37febfed",
    "rfly_208a2c9f1a0921cec18d",
    "rfly_20de589044153af1067f",
    "rfly_20fc9e33411bf6b65f65",
    "rfly_213f28a9fd055ec63e1e",
    "rfly_2373fe019cc1d1fde3ec",
    "rfly_246a300801f7d455fe91",
    "rfly_25503268d7df262aa7cd",
    "rfly_2589281a63f6e5c29fdc",
    "rfly_265150e803b4b3fd6891",
    "rfly_2686c769db1a3a508b00",
    "rfly_26c2339843b557d2c8d8",
    "rfly_27caab29a86670c82cb4",
    "rfly_2886f0f49db4f4f8d1f7",
    "rfly_2895725fd026042b5fc5",
    "rfly_28a0bbf2c56e37a3e1a9",
    "rfly_28a5a7f85a322dd3e6c7",
    "rfly_28ad57933de698671f87",
    "rfly_291f25af791d05a2d453",
    "rfly_2a13adef6c1e63b869ef",
    "rfly_2b1856f7d054520b050d",
    "rfly_2b4582e626ee6cf0b46a",
    "rfly_2bbea0a3e1dccc53c8ca",
    "rfly_2ca690e73f447b6305e9",
    "rfly_2d2209ed6248fa87e87e",
    "rfly_2d25ace5f2fd5470bf89",
    "rfly_2d322ae73e35b4ac8bac",
    "rfly_2e8b1534f5b0ab7d159b",
    "rfly_2f23a732bb2e068b637a",
    "rfly_2f48d2f80a27e4467084",
    "rfly_2f5e4d77e6713de7be02",
    "rfly_2f7c19259cb71b868eb5",
    "rfly_30b2c68c5155884a6a87",
    "rfly_33cc5a2f9eb15b24e8c1",
    "rfly_342667116f3f78bccfb8",
    "rfly_349292b4270a03762c14",
    "rfly_358924ebb3e2e4ba99ee",
    "rfly_35c95182ec361fe7409e",
    "rfly_35fb32889a9ba98019b8",
    "rfly_3650313fa61e979ba99e",
    "rfly_36a60b91c3769f557c5d",
    "rfly_37bf2fb1398e21164bc6",
    "rfly_37e94dd11082a978f259",
    "rfly_382cdeb38feea29da1e8",
    "rfly_3912cdbc2a92c9efbace",
    "rfly_396b52c6564287248268",
    "rfly_3a2a51b6d9fb51c39cc3",
    "rfly_3b95e100f7c91b53dd86",
    "rfly_3bd94aef565c2b7b7260",
    "rfly_3c36ade8decbe5ac239b",
    "rfly_3c53940c835cf84cec92",
    "rfly_3cf5a2e98c6bff763bd0",
    "rfly_3d237ee9551600512540",
    "rfly_3e4392bdb825edc776b9",
    "rfly_3e6e4200e81980b9aa6b",
    "rfly_3e75fe9b58e16fbbe595",
    "rfly_402c8be3d17c32a4c13d",
    "rfly_41004827b269adc46fef",
    "rfly_417286acd52a223216a6",
    "rfly_425543e041e98f52f6b2",
    "rfly_4361138f4f3612a9bdb4",
    "rfly_4366be4dcabf671dc860",
    "rfly_43b35c9f5bf5e89e9a0f",
    "rfly_44579bb0795916dc3cae",
    "rfly_448902248e850ab86368",
    "rfly_450117ed21e8ece5bc7d",
    "rfly_45fc8e990943cac80165",
    "rfly_4640a4533aefc4f84084",
    "rfly_46b86acb4ea07f774a79",
    "rfly_47c86fe1eaa067e83bd2",
    "rfly_481955ad5a4b1f92981a",
    "rfly_4831c9a8b676f06aa13c",
    "rfly_48692db8c01fb85d6418",
    "rfly_4b0eaa0256fc2d6f2749",
    "rfly_4b194fca48a8bf3a592d",
    "rfly_4b65b0c784e3d07ec72a",
    "rfly_4bd189905bc3eca7e154",
    "rfly_4c2dbbaea75979fdca09",
    "rfly_4c557046d9b00eee5571",
    "rfly_4c59ac75e80bfd8b3988",
    "rfly_4cb02b7e1899e7c92042",
    "rfly_4ccf872b125ed8582bc0",
    "rfly_4ce92ed17a36fc40f5b8",
    "rfly_4db4cd2a9c4abbb9cb4b",
    "rfly_4f3c6bddfd4b621698ae",
    "rfly_50e1f00744367d308330",
    "rfly_5175059333e1b93fe6a8",
    "rfly_51e9ba04f68089e65097",
    "rfly_52261b006ff392b18f5e",
    "rfly_5340ec4c778faa16b9ff",
    "rfly_542940bb8f5b42b9bf10",
    "rfly_5432f1c06124c048b539",
    "rfly_547aa35370cbfb6a9674",
    "rfly_54b29d39e521aeee7574",
    "rfly_5512d84267a52b08997d",
    "rfly_55a4bbb8d90cb62ac08b",
    "rfly_55d70dcfbad195ab447e",
    "rfly_55edb982668e28160cc6",
    "rfly_55fb365c61d575abe504",
    "rfly_569e4cf04c1d874d07ff",
    "rfly_56a8a24ea2f82e7d5506",
    "rfly_5758c065acad6390fa79",
    "rfly_57c6cf2b274af5b6d185",
    "rfly_5886f9fb282aa248eada",
    "rfly_599190f0c2c4f60bf8bd",
    "rfly_59980646c1f66e1e7eaf",
    "rfly_5b315af5ea3d71aa5e3c",
    "rfly_5b5733989af33dd5cbcc",
    "rfly_5bacab71b005284a5e4a",
    "rfly_5bbb61f3e84a05b41054",
    "rfly_5c026147f312c07468bf",
    "rfly_5c2e93134f6d540ae4e9",
    "rfly_5c37b45885d129216752",
    "rfly_5c5dc19d147382cc29cf",
    "rfly_5c8d4c12615ad427fdd6",
    "rfly_5d19388708bbdbcf18cf",
    "rfly_5da678b3c567daaa0608",
    "rfly_5dc45874748a9503a9b6",
    "rfly_5dfedd1a831c653b2672",
    "rfly_5e0b6b87dff807bf9181",
    "rfly_5e9449144985b60a0a23",
    "rfly_5eb3d06cbdb31dbd90bc",
    "rfly_60168a7751a7d9d1aa30",
    "rfly_603e9902a194b2beb332",
    "rfly_60828a0b8c2700356d9a",
    "rfly_60acab89bc1820771173",
    "rfly_60d8c751fc7375e401a6",
    "rfly_61a296ff866180e48613",
    "rfly_6238d1ad033c6ef394fc",
    "rfly_629f5a9c0df1ae4a14de",
    "rfly_6321fde20f7b4435624a",
    "rfly_6393c8582fe29a5f3d17",
    "rfly_640cbe771236b4cb0dc3",
    "rfly_6474274edee8535d3e72",
    "rfly_64cb8be29069701a9d59",
    "rfly_659b5ebd6a9d2e88c8db",
    "rfly_65b52dba5f2862a6da26",
    "rfly_66197508187136a0baca",
    "rfly_66475002f04c31d2603b",
    "rfly_66c9bf412a914df4be94",
    "rfly_66fc439db44447d01505",
    "rfly_66fe1cd24dd070355250",
    "rfly_671ed091627067e1fcf3",
    "rfly_6735d7ac7f348a26fc27",
    "rfly_674e2f4c4612577636ca",
    "rfly_677a29971936797f0253",
    "rfly_67f214b0dbad2ba9fc54",
    "rfly_687486229a4f7362f180",
    "rfly_68db120888c97d73cf8f",
    "rfly_6a436c50433209141b60",
    "rfly_6b71633bc5b1a45248ee",
    "rfly_6c9ae14dbc5fb3b2bc0e",
    "rfly_6d7279dd42ad8b08cf87",
    "rfly_6e7f09437138229b8994",
    "rfly_7051896c606ac55f453f",
    "rfly_706c5ebca3e6cb4af352",
    "rfly_70dfc2ee6e7afefa8549",
    "rfly_711a905fec7b654c36fe",
    "rfly_71b5dc8b73ac4ac8f835",
    "rfly_724047e719ce888e5687",
    "rfly_7259ba70d9de25cdad85",
    "rfly_73b4158515d9b02fd9f3",
    "rfly_73d035160fdcc782ab16",
    "rfly_73feb778d5af1208cc9a",
    "rfly_74c6c8dc26712e8a07bb",
    "rfly_7531ddf2d24437dc9e12",
    "rfly_75a55c59c7f7a74ca180",
    "rfly_75a656683accbb17ed81",
    "rfly_766102b2fed19001295e",
    "rfly_76c5765de4cdcef56cac",
    "rfly_7796343736be0364739a",
    "rfly_7810f6ad2b281518b7fc",
    "rfly_78365c3ad26efabce9df",
    "rfly_78554608e7fbd0a4a57b",
    "rfly_78b98e846fe159f1f8c8",
    "rfly_79308933d7eeb1cdcdeb",
    "rfly_7ac661d63627556c1734",
    "rfly_7ae2e14bd90d3000707c",
    "rfly_7b809d84307023b73c5e",
    "rfly_7bde6f46668339552f75",
    "rfly_7bff231ea5f1431132fe",
    "rfly_7c04396c31382d692413",
    "rfly_7c6d5cc8e71c30b677e5",
    "rfly_7ccd504658c8593c1d63",
    "rfly_7defd02d733397aa4d10",
    "rfly_7e19fcbd6bd108e25e8f",
    "rfly_7e7b1470ba9227c9311f",
    "rfly_7ecbc87e850d2b2d2cb7",
    "rfly_7eced51190caa2e8683e",
    "rfly_7f106b0edf8e246c73d1",
    "rfly_7f4e25c837cc4371fa43",
    "rfly_80378ed24d3344238b21",
    "rfly_807256205c389d645a10",
    "rfly_81be493ae780b45f93ea",
    "rfly_82a3be2f1f903a8e2e05",
    "rfly_83ea2f8077df41fbfe9e",
    "rfly_85afdb41ff1748887a98",
    "rfly_8740b19069a7fa67ade9",
    "rfly_88ae53523386ab2c7262",
    "rfly_88b7b7f221817b65619c",
    "rfly_88dc1bc51c7a32858a87",
    "rfly_899f7b444cf9c5cef075",
    "rfly_8b27049b6377898171b7",
    "rfly_8b803c3e154784d79f3f",
    "rfly_8b8b9e81d78e7caafe9e",
    "rfly_8ca2450533817edca296",
    "rfly_8cb557cef3015cdfa86f",
    "rfly_8cf491a109ed55b49750",
    "rfly_8ddf4add9eecb2582bd0",
    "rfly_8e25bc1a208468b8e53d",
    "rfly_8e605f7ba5a4dcbeec02",
    "rfly_8ee632ca588a45c9c994",
    "rfly_90ffa2ada11fe86e635c",
    "rfly_913b07c3948ed13ea57a",
    "rfly_921925b5cac7eeabb2c1",
    "rfly_93856df901c264c3ff95",
    "rfly_93a334156d67a74ef007",
    "rfly_951736e3319c11d8db66",
    "rfly_959f293ee2429628d62b",
    "rfly_961e146583f35b325d5d",
    "rfly_9775a21fbf9cc9dcb22f",
    "rfly_97803b3414274b1b7f49",
    "rfly_986034d6701d155bf691",
    "rfly_98652429c75c8d5efc9c",
    "rfly_98b71605ce804a6d91cc",
    "rfly_98bc4160cd2439b3f0d1",
    "rfly_99376dfd6ef4750fee03",
    "rfly_9c05de2a2b5f4d56f424",
    "rfly_9cd7c905251aa2d6466e",
    "rfly_9d09727161950aa3f972",
    "rfly_9e152bd40d3e9136d78b",
    "rfly_9e7af40e92da9c71ece7",
    "rfly_9ee6e17b2e4b0021c659",
    "rfly_9f294202b215d423de38",
    "rfly_9f76b421c0040020859f",
    "rfly_a0b0381d9c74277aafba",
    "rfly_a0bb133c8bc2c93e44a0",
    "rfly_a0dbdbca9c84c1179e46",
    "rfly_a0f090e85a7da2cb7ddb",
    "rfly_a130848a31727fa831c1",
    "rfly_a14290b2d834be605145",
    "rfly_a1be513dadd81250716b",
    "rfly_a218edcbb9cb859292ef",
    "rfly_a22e64241bc94efb06cb",
    "rfly_a29d7601dc6c9614b116",
    "rfly_a2d2ab0eb7d3bbf6b591",
    "rfly_a35b774c66be9458f1f2",
    "rfly_a3f123274913784c813e",
    "rfly_a3f37cb5c865cbef78a8",
    "rfly_a45a32dcd72cfa3a408e",
    "rfly_a519e2e2b042859bbe96",
    "rfly_a5351e38f45bca5e919a",
    "rfly_a54f130d793258b8ef85",
    "rfly_a5b46fe1efcd3bac4ffc",
    "rfly_a5c1bbbaa4d6d5105a90",
    "rfly_a6451b86b5af71605bc8",
    "rfly_a6652c69cc9e908e4081",
    "rfly_a778fd7722522315dc8a",
    "rfly_a7df7baae570eeaeda58",
    "rfly_a7e38c0297702a4a97cb",
    "rfly_a807b7145f0bc015a4a3",
    "rfly_a846a1193f63b76f4beb",
    "rfly_a8dcecb7b46828bac74f",
    "rfly_a92d206ab69d47997c67",
    "rfly_a99975f91e350c44ea94",
    "rfly_aa016d9b6d6744d59f2c",
    "rfly_ab38fba22d3ce56e0d00",
    "rfly_abb70826c6baf7965160",
    "rfly_abe66980a6193220c0f4",
    "rfly_addde7b01d65d2533d1c",
    "rfly_ade27fcd836df54e1323",
    "rfly_aea999bd429b87bf846d",
    "rfly_af391e3e89603e35a3b1",
    "rfly_af4d538fc107998cc3d8",
    "rfly_af695c59f50ec368afbe",
    "rfly_af773562a5f83e338de4",
    "rfly_afd55e3ddd63890fa1b2",
    "rfly_b00b7d0bee0c78ad47d3",
    "rfly_b0254b65298e80f54e55",
    "rfly_b1881db286cfc5aa5a99",
    "rfly_b1afba19f3e0a96c05bb",
    "rfly_b1ded5f2630afd8f73de",
    "rfly_b30c6ef8b270c731f5f3",
    "rfly_b3735d683b8ebda215fc",
    "rfly_b441cb2fffb390132854",
    "rfly_b464627dc75f97629467",
    "rfly_b4700df699a4573c9ce9",
    "rfly_b4756da38ae4a46033d6",
    "rfly_b653082f23d4366b2583",
    "rfly_b6931530b949b73c1321",
    "rfly_b6d139c00cd58b8927f0",
    "rfly_b6da56290f70ad0fb022",
    "rfly_b6e30e5642488a8a065d",
    "rfly_b731352cee363cbb6433",
    "rfly_b78ba3a24e91785f278c",
    "rfly_b78e3fe5219403d6f3d6",
    "rfly_b7b920e95724ee731447",
    "rfly_b7dac98134e323154fec",
    "rfly_b7e7958c8388a38be2dc",
    "rfly_b870288e9828c5081c36",
    "rfly_b8d4bbca502fb8f3fb8e",
    "rfly_b8f26b13bfdfdacdd8f3",
    "rfly_b9ea915e9f4759e41c7e",
    "rfly_b9fc19aeda09a419cfa0",
    "rfly_ba5ef76a5a67752ef2ff",
    "rfly_baad02790167d337c9d1",
    "rfly_bacde6d7f1194593d1ec",
    "rfly_badab7e41c8ecab226c9",
    "rfly_bb79f3305052645afc71",
    "rfly_bbd705062f13762a211a",
    "rfly_bc84b05572a2b34c4ebd",
    "rfly_bcb79b801a9aa3bbc961",
    "rfly_bcde90fa76cbbf2e51f6",
    "rfly_bcebe13be20c3774b2e3",
    "rfly_bd223bfee8d26d1e8444",
    "rfly_bd772a9843bfac6976ce",
    "rfly_bd7e3dc8431fe868bbbb",
    "rfly_be29bb5067a1252c35a9",
    "rfly_bf179394e52dc1303d26",
    "rfly_bf4d2d4456500d96ef2f",
    "rfly_bfe19f305e3433d37872",
    "rfly_c0052c677cbea41224d0",
    "rfly_c0591d79e07b5dc5c0ff",
    "rfly_c06e704d08af90ca7213",
    "rfly_c09beadadeee3b3687e3",
    "rfly_c158031359d1e3207f14",
    "rfly_c1b1734e8989dbd49b2f",
    "rfly_c1e0eaf4332b3aed0cc0",
    "rfly_c2363c7958dff10ce206",
    "rfly_c26c34828fbf487b29d6",
    "rfly_c28a474dc0bf11054fad",
    "rfly_c3154174690168d7f87b",
    "rfly_c3192f673547132da015",
    "rfly_c3b28fe487271dbe96f1",
    "rfly_c3ca42c7e201d03ccf3a",
    "rfly_c40c6168c2e2f9aa42e6",
    "rfly_c44759c2664f3462b70d",
    "rfly_c44fd57a11eba4e084ab",
    "rfly_c500c697bf8f1a7673b7",
    "rfly_c51843f83e349c19d992",
    "rfly_c523a5530323844df696",
    "rfly_c585c66339874d002823",
    "rfly_c6075d889c73a8fd133b",
    "rfly_c70de3968daaa7ce312a",
    "rfly_c711b69ad7f5d97fc513",
    "rfly_c827b599e5d12ac9d74a",
    "rfly_c85391554bfd0d17a17f",
    "rfly_cb493f6361e42ede829a",
    "rfly_cb569fabe91951686146",
    "rfly_cbf0f64d91390d8f600b",
    "rfly_cca798493bf9fa32db5e",
    "rfly_cd5b3d504cd553c26eb2",
    "rfly_cd991e7f76d91c41caa4",
    "rfly_cd9c77d4b25156fce42c",
    "rfly_ce7092d511a80ac599ea",
    "rfly_cea67d39c70d3b17c1b4",
    "rfly_cecf97e552f8cc56bb92",
    "rfly_cf913396b690b2fd1778",
    "rfly_d062aefe3ee0ed361560",
    "rfly_d0f1af3d81d78403dae7",
    "rfly_d1a7ed945657f0575c4d",
    "rfly_d1b21a519e4eccee3eaf",
    "rfly_d2278c9f6a49e04861ef",
    "rfly_d269cde8cb4710fc32bb",
    "rfly_d29e7b9366c94a7c15d6",
    "rfly_d356d97d8a64830a75c4",
    "rfly_d3e5a3cb1c9aa20bc380",
    "rfly_d490179b4d7fb967f859",
    "rfly_d494fc5ed7d02909deca",
    "rfly_d4f567e45ddbe171e419",
    "rfly_d5826c1e8e638207ed49",
    "rfly_d63ae31b604d18174034",
    "rfly_d64e1b6c6d17877b7e76",
    "rfly_d76ab72f6d4cd32bb5ff",
    "rfly_d805344bdfc680b8a3bb",
    "rfly_d856b9b54a20c749be66",
    "rfly_d9795894081a24b60e31",
    "rfly_d9c5741d3e5df1cc5768",
    "rfly_db3413ba0ff7ac9e43f2",
    "rfly_dc363d6bb22792fd3692",
    "rfly_dcd10e00f2339c39e8c6",
    "rfly_ddaf2e135e1bd7effb17",
    "rfly_ddfb462e999000a82eca",
    "rfly_de64d986012c6862db2f",
    "rfly_de9a5ee00ece70d72de3",
    "rfly_df1b7b106a7deff2ed99",
    "rfly_dfa6cf288d28fe904dfc",
    "rfly_dfaa63496adef3c2f401",
    "rfly_dfb814a4d0034e8a47c5",
    "rfly_dfd18865b206f9ec39e0",
    "rfly_e012805c59046f6263a7",
    "rfly_e03279bcd2d22bccdb10",
    "rfly_e09056ef8ab5a9fee5be",
    "rfly_e212ccb635f17c7703d2",
    "rfly_e21af99eaee532d26f28",
    "rfly_e2216cd9109e6aa80c95",
    "rfly_e245da139074361d053e",
    "rfly_e25f7b9ab28d83f095df",
    "rfly_e28a3a9ead1356a525c7",
    "rfly_e291f200f259e905e278",
    "rfly_e36fafdc316e82bb4773",
    "rfly_e39b515de8ba75e9adc6",
    "rfly_e47c4f608abe54afcd20",
    "rfly_e48cc637ab1e397284d2",
    "rfly_e4a4813fda6b5d244dc1",
    "rfly_e4c3545ccbb15a84f8a5",
    "rfly_e4d62d0766651e7e3501",
    "rfly_e518182f552bea68e938",
    "rfly_e66c179e7ca11c60013b",
    "rfly_e6de6d35a89a737bf626",
    "rfly_e720c0592ea0afb8bb5a",
    "rfly_e7332b93d8e40c821f79",
    "rfly_e7e1639b82fa6350ee09",
    "rfly_e86feaea43955d04b431",
    "rfly_ea773cd86cefbb0c1edc",
    "rfly_ea8b961702fd7022df4b",
    "rfly_eab6215be8f8bba313c3",
    "rfly_eb5d090e71283f3ab484",
    "rfly_eb7561ca061c8f8fcecc",
    "rfly_eb9a4f302e16189c5fe4",
    "rfly_ec52f18ccf9831e73ec0",
    "rfly_ecf509420eae4f128d44",
    "rfly_ed720debaeb4b3d51de6",
    "rfly_ed72e924a05e62591148",
    "rfly_edad486602ffdeb5a48e",
    "rfly_edb54a185b46de7e2d66",
    "rfly_ee12e037b2b5d327d26e",
    "rfly_ef171aa8fb84e42100df",
    "rfly_ef2f1fe8d01f5ba9676e",
    "rfly_ef4627f44024e3e217b2",
    "rfly_ef7a57c0fe9c140882c9",
    "rfly_f031926a965c8468a9fc",
    "rfly_f0e14067755835d05ff7",
    "rfly_f1065cf2acb83bf1ba6a",
    "rfly_f13f349a069e99102d1c",
    "rfly_f36364c9b47dfbcc328b",
    "rfly_f427b4c2a60bf4397ce9",
    "rfly_f43783eb3fe52df963c9",
    "rfly_f4a88d7d367f5e431c39",
    "rfly_f4d87344244dcbc98598",
    "rfly_f51534c9633c22bbab7f",
    "rfly_f5dd5600e1d142473094",
    "rfly_f622fe654a7df41bc55d",
    "rfly_f662262f006eccccd4c2",
    "rfly_f67c15f68dac27b74505",
    "rfly_f6b059a232ac108ee3e2",
    "rfly_f6b3d60547fbf34729d6",
    "rfly_f702db2da57465739061"
  ],
  "failed": {},
  "updated_at": "2026-07-21T13:00:31.326727+03:00",
  "stop_reason": "max_flights",
  "remaining": 5126,
  "canonical_flights": 5754,
  "feature_schema_version": 1
}
