2026-07-21 09:14:28,168 INFO evaluated HIL_Prop/batch_0014 flights=16 status=ok
2026-07-21 09:15:35,672 INFO evaluated HIL_Prop/batch_0015 flights=16 status=ok
2026-07-21 09:16:48,725 INFO evaluated HIL_Prop/batch_0016 flights=16 status=ok
2026-07-21 09:17:57,478 INFO evaluated HIL_Prop/batch_0017 flights=16 status=ok
2026-07-21 09:19:04,036 INFO evaluated HIL_Prop/batch_0018 flights=16 status=ok
2026-07-21 09:20:14,421 INFO evaluated HIL_Prop/batch_0019 flights=16 status=ok
2026-07-21 09:21:38,886 INFO evaluated HIL_Prop/batch_0020 flights=16 status=ok
2026-07-21 09:23:13,009 INFO evaluated HIL_Prop/batch_0021 flights=16 status=ok
2026-07-21 09:24:54,362 INFO evaluated HIL_Prop/batch_0022 flights=16 status=ok
2026-07-21 09:26:35,892 INFO evaluated HIL_Prop/batch_0023 flights=16 status=ok
2026-07-21 09:28:18,275 INFO evaluated HIL_Prop/batch_0024 flights=16 status=ok
2026-07-21 09:29:53,202 INFO evaluated HIL_Prop/batch_0025 flights=16 status=ok
2026-07-21 09:31:25,192 INFO evaluated HIL_Prop/batch_0026 flights=16 status=ok
2026-07-21 09:31:46,344 INFO evaluated HIL_Prop/batch_0027 flights=3 status=ok
2026-07-21 09:33:29,061 INFO evaluated SIL-Voltage/batch_0000 flights=16 status=ok
2026-07-21 09:34:59,680 INFO evaluated SIL-Voltage/batch_0001 flights=16 status=ok
2026-07-21 09:35:29,991 INFO evaluated SIL-Voltage/batch_0002 flights=4 status=ok
2026-07-21 09:36:50,555 INFO evaluated HIL-Voltage/batch_0000 flights=16 status=ok
2026-07-21 09:38:06,330 INFO evaluated HIL-Voltage/batch_0001 flights=16 status=ok
2026-07-21 09:38:30,914 INFO evaluated HIL-Voltage/batch_0002 flights=4 status=ok
2026-07-21 09:40:06,227 INFO evaluated SIL-Load/batch_0000 flights=16 status=ok
2026-07-21 09:41:43,077 INFO evaluated SIL-Load/batch_0001 flights=16 status=ok
2026-07-21 09:43:23,376 INFO evaluated SIL-Load/batch_0002 flights=16 status=ok
2026-07-21 09:45:13,992 INFO evaluated SIL-Load/batch_0003 flights=16 status=ok
2026-07-21 09:47:09,411 INFO evaluated SIL-Load/batch_0004 flights=16 status=ok
2026-07-21 09:49:05,790 INFO evaluated SIL-Load/batch_0005 flights=16 status=ok
2026-07-21 09:50:41,924 INFO evaluated SIL-Load/batch_0006 flights=16 status=ok
2026-07-21 09:52:19,291 INFO evaluated SIL-Load/batch_0007 flights=16 status=ok
2026-07-21 09:53:54,228 INFO evaluated SIL-Load/batch_0008 flights=16 status=ok
2026-07-21 09:55:39,481 INFO evaluated SIL-Load/batch_0009 flights=16 status=ok
2026-07-21 09:57:08,006 INFO evaluated SIL-Load/batch_0010 flights=16 status=ok
2026-07-21 09:58:30,941 INFO evaluated SIL-Load/batch_0011 flights=16 status=ok
2026-07-21 10:00:05,664 INFO evaluated SIL-Load/batch_0012 flights=16 status=ok
2026-07-21 10:01:44,122 INFO evaluated SIL-Load/batch_0013 flights=16 status=ok
2026-07-21 10:03:18,382 INFO evaluated SIL-Load/batch_0014 flights=16 status=ok
2026-07-21 10:04:50,410 INFO evaluated SIL-Load/batch_0015 flights=16 status=ok
2026-07-21 10:06:41,016 INFO evaluated SIL-Load/batch_0016 flights=16 status=ok
2026-07-21 10:08:36,910 INFO evaluated SIL-Load/batch_0017 flights=16 status=ok
2026-07-21 10:08:57,943 INFO evaluated SIL-Load/batch_0018 flights=3 status=ok
2026-07-21 10:10:20,006 INFO evaluated HIL-Load/batch_0000 flights=16 status=ok
2026-07-21 10:11:38,375 INFO evaluated HIL-Load/batch_0001 flights=16 status=ok
2026-07-21 10:12:53,894 INFO evaluated HIL-Load/batch_0002 flights=16 status=ok
2026-07-21 10:14:24,712 INFO evaluated HIL-Load/batch_0003 flights=16 status=ok
2026-07-21 10:16:06,405 INFO evaluated HIL-Load/batch_0004 flights=16 status=ok
2026-07-21 10:17:38,980 INFO evaluated HIL-Load/batch_0005 flights=16 status=ok
2026-07-21 10:19:12,602 INFO evaluated HIL-Load/batch_0006 flights=16 status=ok
2026-07-21 10:20:37,885 INFO evaluated HIL-Load/batch_0007 flights=16 status=ok
2026-07-21 10:21:57,653 INFO evaluated HIL-Load/batch_0008 flights=16 status=ok
2026-07-21 10:23:13,275 INFO evaluated HIL-Load/batch_0009 flights=16 status=ok
2026-07-21 10:24:26,162 INFO evaluated HIL-Load/batch_0010 flights=16 status=ok
2026-07-21 10:25:42,988 INFO evaluated HIL-Load/batch_0011 flights=16 status=ok
2026-07-21 10:27:01,595 INFO evaluated HIL-Load/batch_0012 flights=16 status=ok
2026-07-21 10:28:17,546 INFO evaluated HIL-Load/batch_0013 flights=16 status=ok
2026-07-21 10:29:39,556 INFO evaluated HIL-Load/batch_0014 flights=16 status=ok
2026-07-21 10:31:07,839 INFO evaluated HIL-Load/batch_0015 flights=16 status=ok
2026-07-21 10:32:44,844 INFO evaluated HIL-Load/batch_0016 flights=16 status=ok
2026-07-21 10:34:15,051 INFO evaluated HIL-Load/batch_0017 flights=16 status=ok
2026-07-21 10:34:33,609 INFO evaluated HIL-Load/batch_0018 flights=3 status=ok
