INFO:__main__:Opening local tar: C:\Users\PC_6276\Desktop\datas\Adsb_historical\v2025.12.01-planes-readsb-prod-0.tar
INFO:__main__:v2025.12.01-planes-readsb-prod-0.tar: 61399 trace member(s) found
INFO:__main__:  Progress: 300/61399 members
INFO:__main__:Silver part 00000: 446000 rows (total 446000 so far)
INFO:__main__:  Progress: 600/61399 members
INFO:__main__:Silver part 00001: 455314 rows (total 901314 so far)
INFO:__main__:  Progress: 900/61399 members
INFO:__main__:Silver part 00002: 461506 rows (total 1362820 so far)
INFO:__main__:  Progress: 1200/61399 members
INFO:__main__:Silver part 00003: 432192 rows (total 1795012 so far)
INFO:__main__:  Progress: 1500/61399 members
INFO:__main__:Silver part 00004: 459590 rows (total 2254602 so far)
INFO:__main__:  Progress: 1800/61399 members
INFO:__main__:Silver part 00005: 457297 rows (total 2711899 so far)
INFO:__main__:  Progress: 2100/61399 members
INFO:__main__:Silver part 00006: 433307 rows (total 3145206 so far)
INFO:__main__:  Progress: 2400/61399 members
INFO:__main__:Silver part 00007: 393478 rows (total 3538684 so far)
INFO:__main__:  Progress: 2700/61399 members
INFO:__main__:Silver part 00008: 412843 rows (total 3951527 so far)
INFO:__main__:  Progress: 3000/61399 members
INFO:__main__:Silver part 00009: 475645 rows (total 4427172 so far)
INFO:__main__:  Progress: 3300/61399 members
INFO:__main__:Silver part 00010: 475013 rows (total 4902185 so far)
INFO:__main__:  Progress: 3600/61399 members
INFO:__main__:Silver part 00011: 456328 rows (total 5358513 so far)
INFO:__main__:  Progress: 3900/61399 members
INFO:__main__:Silver part 00012: 410967 rows (total 5769480 so far)
INFO:__main__:  Progress: 4200/61399 members
INFO:__main__:Silver part 00013: 419595 rows (total 6189075 so far)
INFO:__main__:  Progress: 4500/61399 members
INFO:__main__:Silver part 00014: 490613 rows (total 6679688 so far)
INFO:__main__:  Progress: 4800/61399 members
INFO:__main__:Silver part 00015: 377329 rows (total 7057017 so far)
INFO:__main__:  Progress: 5100/61399 members
INFO:__main__:Silver part 00016: 448123 rows (total 7505140 so far)
INFO:__main__:  Progress: 5400/61399 members
INFO:__main__:Silver part 00017: 406606 rows (total 7911746 so far)
INFO:__main__:  Progress: 5700/61399 members
INFO:__main__:Silver part 00018: 406844 rows (total 8318590 so far)
INFO:__main__:  Progress: 6000/61399 members
INFO:__main__:Silver part 00019: 456478 rows (total 8775068 so far)
INFO:__main__:  Progress: 6300/61399 members
INFO:__main__:Silver part 00020: 444998 rows (total 9220066 so far)
INFO:__main__:  Progress: 6600/61399 members
INFO:__main__:Silver part 00021: 447391 rows (total 9667457 so far)
INFO:__main__:  Progress: 6900/61399 members
INFO:__main__:Silver part 00022: 471386 rows (total 10138843 so far)
INFO:__main__:  Progress: 7200/61399 members
INFO:__main__:Silver part 00023: 468277 rows (total 10607120 so far)
INFO:__main__:  Progress: 7500/61399 members
INFO:__main__:Silver part 00024: 422861 rows (total 11029981 so far)
INFO:__main__:  Progress: 7800/61399 members
INFO:__main__:Silver part 00025: 443288 rows (total 11473269 so far)
INFO:__main__:  Progress: 8100/61399 members
INFO:__main__:Silver part 00026: 458193 rows (total 11931462 so far)
INFO:__main__:  Progress: 8400/61399 members
INFO:__main__:Silver part 00027: 443451 rows (total 12374913 so far)
INFO:__main__:  Progress: 8700/61399 members
INFO:__main__:Silver part 00028: 457168 rows (total 12832081 so far)
INFO:__main__:  Progress: 9000/61399 members
INFO:__main__:Silver part 00029: 425131 rows (total 13257212 so far)
INFO:__main__:  Progress: 9300/61399 members
INFO:__main__:Silver part 00030: 469755 rows (total 13726967 so far)
INFO:__main__:  Progress: 9600/61399 members
INFO:__main__:Silver part 00031: 451971 rows (total 14178938 so far)
INFO:__main__:  Progress: 9900/61399 members
INFO:__main__:Silver part 00032: 447982 rows (total 14626920 so far)
INFO:__main__:  Progress: 10200/61399 members
INFO:__main__:Silver part 00033: 481544 rows (total 15108464 so far)
INFO:__main__:  Progress: 10500/61399 members
INFO:__main__:Silver part 00034: 490456 rows (total 15598920 so far)
INFO:__main__:  Progress: 10800/61399 members
INFO:__main__:Silver part 00035: 389500 rows (total 15988420 so far)
INFO:__main__:  Progress: 11100/61399 members
INFO:__main__:Silver part 00036: 421475 rows (total 16409895 so far)
INFO:__main__:  Progress: 11400/61399 members
INFO:__main__:Silver part 00037: 426618 rows (total 16836513 so far)
INFO:__main__:  Progress: 11700/61399 members
INFO:__main__:Silver part 00038: 429345 rows (total 17265858 so far)
INFO:__main__:  Progress: 12000/61399 members
INFO:__main__:Silver part 00039: 450584 rows (total 17716442 so far)
INFO:__main__:  Progress: 12300/61399 members
INFO:__main__:Silver part 00040: 446484 rows (total 18162926 so far)
INFO:__main__:  Progress: 12600/61399 members
INFO:__main__:Silver part 00041: 480978 rows (total 18643904 so far)
INFO:__main__:  Progress: 12900/61399 members
INFO:__main__:Silver part 00042: 488081 rows (total 19131985 so far)
INFO:__main__:  Progress: 13200/61399 members
INFO:__main__:Silver part 00043: 422234 rows (total 19554219 so far)
INFO:__main__:  Progress: 13500/61399 members
INFO:__main__:Silver part 00044: 419604 rows (total 19973823 so far)
INFO:__main__:  Progress: 13800/61399 members
INFO:__main__:Silver part 00045: 472722 rows (total 20446545 so far)
INFO:__main__:  Progress: 14100/61399 members
INFO:__main__:Silver part 00046: 474721 rows (total 20921266 so far)
INFO:__main__:  Progress: 14400/61399 members
INFO:__main__:Silver part 00047: 450683 rows (total 21371949 so far)
INFO:__main__:  Progress: 14700/61399 members
INFO:__main__:Silver part 00048: 446906 rows (total 21818855 so far)
INFO:__main__:  Progress: 15000/61399 members
INFO:__main__:Silver part 00049: 419199 rows (total 22238054 so far)
INFO:__main__:  Progress: 15300/61399 members
INFO:__main__:Silver part 00050: 444679 rows (total 22682733 so far)
INFO:__main__:  Progress: 15600/61399 members
INFO:__main__:Silver part 00051: 468135 rows (total 23150868 so far)
INFO:__main__:  Progress: 15900/61399 members
INFO:__main__:Silver part 00052: 436559 rows (total 23587427 so far)
INFO:__main__:  Progress: 16200/61399 members
INFO:__main__:Silver part 00053: 471296 rows (total 24058723 so far)
INFO:__main__:  Progress: 16500/61399 members
INFO:__main__:Silver part 00054: 478885 rows (total 24537608 so far)
INFO:__main__:  Progress: 16800/61399 members
INFO:__main__:Silver part 00055: 438039 rows (total 24975647 so far)
INFO:__main__:  Progress: 17100/61399 members
INFO:__main__:Silver part 00056: 433368 rows (total 25409015 so far)
INFO:__main__:  Progress: 17400/61399 members
INFO:__main__:Silver part 00057: 376136 rows (total 25785151 so far)
INFO:__main__:  Progress: 17700/61399 members
INFO:__main__:Silver part 00058: 420556 rows (total 26205707 so far)
INFO:__main__:  Progress: 18000/61399 members
INFO:__main__:Silver part 00059: 453635 rows (total 26659342 so far)
INFO:__main__:  Progress: 18300/61399 members
INFO:__main__:Silver part 00060: 386191 rows (total 27045533 so far)
INFO:__main__:  Progress: 18600/61399 members
INFO:__main__:Silver part 00061: 420613 rows (total 27466146 so far)
INFO:__main__:  Progress: 18900/61399 members
INFO:__main__:Silver part 00062: 349755 rows (total 27815901 so far)
INFO:__main__:  Progress: 19200/61399 members
INFO:__main__:Silver part 00063: 476149 rows (total 28292050 so far)
INFO:__main__:  Progress: 19500/61399 members
INFO:__main__:Silver part 00064: 418213 rows (total 28710263 so far)
INFO:__main__:  Progress: 19800/61399 members
INFO:__main__:Silver part 00065: 441490 rows (total 29151753 so far)
INFO:__main__:  Progress: 20100/61399 members
INFO:__main__:Silver part 00066: 400258 rows (total 29552011 so far)
INFO:__main__:  Progress: 20400/61399 members
INFO:__main__:Silver part 00067: 407208 rows (total 29959219 so far)
INFO:__main__:  Progress: 20700/61399 members
INFO:__main__:Silver part 00068: 381741 rows (total 30340960 so far)
INFO:__main__:  Progress: 21000/61399 members
INFO:__main__:Silver part 00069: 428756 rows (total 30769716 so far)
INFO:__main__:  Progress: 21300/61399 members
INFO:__main__:Silver part 00070: 408183 rows (total 31177899 so far)
INFO:__main__:  Progress: 21600/61399 members
INFO:__main__:Silver part 00071: 448340 rows (total 31626239 so far)
INFO:__main__:  Progress: 21900/61399 members
INFO:__main__:Silver part 00072: 455590 rows (total 32081829 so far)
INFO:__main__:  Progress: 22200/61399 members
INFO:__main__:Silver part 00073: 431437 rows (total 32513266 so far)
INFO:__main__:  Progress: 22500/61399 members
INFO:__main__:Silver part 00074: 406542 rows (total 32919808 so far)
INFO:__main__:  Progress: 22800/61399 members
INFO:__main__:Silver part 00075: 422304 rows (total 33342112 so far)
INFO:__main__:  Progress: 23100/61399 members
INFO:__main__:Silver part 00076: 454118 rows (total 33796230 so far)
INFO:__main__:  Progress: 23400/61399 members
INFO:__main__:Silver part 00077: 386473 rows (total 34182703 so far)
INFO:__main__:  Progress: 23700/61399 members
INFO:__main__:Silver part 00078: 445111 rows (total 34627814 so far)
INFO:__main__:  Progress: 24000/61399 members
INFO:__main__:Silver part 00079: 428213 rows (total 35056027 so far)
INFO:__main__:  Progress: 24300/61399 members
INFO:__main__:Silver part 00080: 424883 rows (total 35480910 so far)
INFO:__main__:  Progress: 24600/61399 members
INFO:__main__:Silver part 00081: 408760 rows (total 35889670 so far)
INFO:__main__:  Progress: 24900/61399 members
INFO:__main__:Silver part 00082: 413256 rows (total 36302926 so far)
INFO:__main__:  Progress: 25200/61399 members
INFO:__main__:Silver part 00083: 412991 rows (total 36715917 so far)
INFO:__main__:  Progress: 25500/61399 members
INFO:__main__:Silver part 00084: 424243 rows (total 37140160 so far)
INFO:__main__:  Progress: 25800/61399 members
INFO:__main__:Silver part 00085: 432868 rows (total 37573028 so far)
INFO:__main__:  Progress: 26100/61399 members
INFO:__main__:Silver part 00086: 439898 rows (total 38012926 so far)
INFO:__main__:  Progress: 26400/61399 members
INFO:__main__:Silver part 00087: 427011 rows (total 38439937 so far)
INFO:__main__:  Progress: 26700/61399 members
INFO:__main__:Silver part 00088: 432806 rows (total 38872743 so far)
INFO:__main__:  Progress: 27000/61399 members
INFO:__main__:Silver part 00089: 420305 rows (total 39293048 so far)
INFO:__main__:  Progress: 27300/61399 members
INFO:__main__:Silver part 00090: 463128 rows (total 39756176 so far)
INFO:__main__:  Progress: 27600/61399 members
INFO:__main__:Silver part 00091: 394886 rows (total 40151062 so far)
INFO:__main__:  Progress: 27900/61399 members
INFO:__main__:Silver part 00092: 432150 rows (total 40583212 so far)
INFO:__main__:  Progress: 28200/61399 members
INFO:__main__:Silver part 00093: 487423 rows (total 41070635 so far)
INFO:__main__:  Progress: 28500/61399 members
INFO:__main__:Silver part 00094: 428451 rows (total 41499086 so far)
INFO:__main__:  Progress: 28800/61399 members
INFO:__main__:Silver part 00095: 436394 rows (total 41935480 so far)
INFO:__main__:  Progress: 29100/61399 members
INFO:__main__:Silver part 00096: 443354 rows (total 42378834 so far)
INFO:__main__:  Progress: 29400/61399 members
INFO:__main__:Silver part 00097: 469411 rows (total 42848245 so far)
INFO:__main__:  Progress: 29700/61399 members
INFO:__main__:Silver part 00098: 461297 rows (total 43309542 so far)
INFO:__main__:  Progress: 30000/61399 members
INFO:__main__:Silver part 00099: 452646 rows (total 43762188 so far)
INFO:__main__:  Progress: 30300/61399 members
INFO:__main__:Silver part 00100: 448577 rows (total 44210765 so far)
INFO:__main__:  Progress: 30600/61399 members
INFO:__main__:Silver part 00101: 478419 rows (total 44689184 so far)
INFO:__main__:  Progress: 30900/61399 members
INFO:__main__:Silver part 00102: 502440 rows (total 45191624 so far)
INFO:__main__:  Progress: 31200/61399 members
INFO:__main__:Silver part 00103: 451270 rows (total 45642894 so far)
INFO:__main__:  Progress: 31500/61399 members
INFO:__main__:Silver part 00104: 410502 rows (total 46053396 so far)
INFO:__main__:  Progress: 31800/61399 members
INFO:__main__:Silver part 00105: 477823 rows (total 46531219 so far)
INFO:__main__:  Progress: 32100/61399 members
INFO:__main__:Silver part 00106: 397705 rows (total 46928924 so far)
INFO:__main__:  Progress: 32400/61399 members
INFO:__main__:Silver part 00107: 430778 rows (total 47359702 so far)
INFO:__main__:  Progress: 32700/61399 members
INFO:__main__:Silver part 00108: 457827 rows (total 47817529 so far)
INFO:__main__:  Progress: 33000/61399 members
INFO:__main__:Silver part 00109: 423815 rows (total 48241344 so far)
INFO:__main__:  Progress: 33300/61399 members
INFO:__main__:Silver part 00110: 464306 rows (total 48705650 so far)
INFO:__main__:  Progress: 33600/61399 members
INFO:__main__:Silver part 00111: 452340 rows (total 49157990 so far)
INFO:__main__:  Progress: 33900/61399 members
INFO:__main__:Silver part 00112: 413563 rows (total 49571553 so far)
INFO:__main__:  Progress: 34200/61399 members
INFO:__main__:Silver part 00113: 415302 rows (total 49986855 so far)
INFO:__main__:  Progress: 34500/61399 members
INFO:__main__:Silver part 00114: 437505 rows (total 50424360 so far)
INFO:__main__:  Progress: 34800/61399 members
INFO:__main__:Silver part 00115: 394207 rows (total 50818567 so far)
INFO:__main__:  Progress: 35100/61399 members
INFO:__main__:Silver part 00116: 446737 rows (total 51265304 so far)
INFO:__main__:  Progress: 35400/61399 members
INFO:__main__:Silver part 00117: 424271 rows (total 51689575 so far)
INFO:__main__:  Progress: 35700/61399 members
INFO:__main__:Silver part 00118: 447617 rows (total 52137192 so far)
INFO:__main__:  Progress: 36000/61399 members
INFO:__main__:Silver part 00119: 458480 rows (total 52595672 so far)
INFO:__main__:  Progress: 36300/61399 members
INFO:__main__:Silver part 00120: 455168 rows (total 53050840 so far)
INFO:__main__:  Progress: 36600/61399 members
INFO:__main__:Silver part 00121: 429311 rows (total 53480151 so far)
INFO:__main__:  Progress: 36900/61399 members
INFO:__main__:Silver part 00122: 443687 rows (total 53923838 so far)
INFO:__main__:  Progress: 37200/61399 members
INFO:__main__:Silver part 00123: 441046 rows (total 54364884 so far)
INFO:__main__:  Progress: 37500/61399 members
INFO:__main__:Silver part 00124: 425925 rows (total 54790809 so far)
INFO:__main__:  Progress: 37800/61399 members
INFO:__main__:Silver part 00125: 395964 rows (total 55186773 so far)
INFO:__main__:  Progress: 38100/61399 members
INFO:__main__:Silver part 00126: 415235 rows (total 55602008 so far)
INFO:__main__:  Progress: 38400/61399 members
INFO:__main__:Silver part 00127: 485486 rows (total 56087494 so far)
INFO:__main__:  Progress: 38700/61399 members
INFO:__main__:Silver part 00128: 423504 rows (total 56510998 so far)
INFO:__main__:  Progress: 39000/61399 members
INFO:__main__:Silver part 00129: 418184 rows (total 56929182 so far)
INFO:__main__:  Progress: 39300/61399 members
INFO:__main__:Silver part 00130: 430363 rows (total 57359545 so far)
INFO:__main__:  Progress: 39600/61399 members
INFO:__main__:Silver part 00131: 444861 rows (total 57804406 so far)
INFO:__main__:  Progress: 39900/61399 members
INFO:__main__:Silver part 00132: 452804 rows (total 58257210 so far)
INFO:__main__:  Progress: 40200/61399 members
INFO:__main__:Silver part 00133: 458026 rows (total 58715236 so far)
INFO:__main__:  Progress: 40500/61399 members
INFO:__main__:Silver part 00134: 435093 rows (total 59150329 so far)
INFO:__main__:  Progress: 40800/61399 members
INFO:__main__:Silver part 00135: 441592 rows (total 59591921 so far)
INFO:__main__:  Progress: 41100/61399 members
INFO:__main__:Silver part 00136: 432709 rows (total 60024630 so far)
INFO:__main__:  Progress: 41400/61399 members
INFO:__main__:Silver part 00137: 407206 rows (total 60431836 so far)
INFO:__main__:  Progress: 41700/61399 members
INFO:__main__:Silver part 00138: 414580 rows (total 60846416 so far)
INFO:__main__:  Progress: 42000/61399 members
INFO:__main__:Silver part 00139: 450105 rows (total 61296521 so far)
INFO:__main__:  Progress: 42300/61399 members
INFO:__main__:Silver part 00140: 430015 rows (total 61726536 so far)
INFO:__main__:  Progress: 42600/61399 members
INFO:__main__:Silver part 00141: 409973 rows (total 62136509 so far)
INFO:__main__:  Progress: 42900/61399 members
INFO:__main__:Silver part 00142: 408129 rows (total 62544638 so far)
INFO:__main__:  Progress: 43200/61399 members
INFO:__main__:Silver part 00143: 416392 rows (total 62961030 so far)
INFO:__main__:  Progress: 43500/61399 members
INFO:__main__:Silver part 00144: 440509 rows (total 63401539 so far)
INFO:__main__:  Progress: 43800/61399 members
INFO:__main__:Silver part 00145: 444161 rows (total 63845700 so far)
INFO:__main__:  Progress: 44100/61399 members
INFO:__main__:Silver part 00146: 428034 rows (total 64273734 so far)
INFO:__main__:  Progress: 44400/61399 members
INFO:__main__:Silver part 00147: 433390 rows (total 64707124 so far)
INFO:__main__:  Progress: 44700/61399 members
INFO:__main__:Silver part 00148: 467773 rows (total 65174897 so far)
INFO:__main__:  Progress: 45000/61399 members
INFO:__main__:Silver part 00149: 429840 rows (total 65604737 so far)
INFO:__main__:  Progress: 45300/61399 members
INFO:__main__:Silver part 00150: 467711 rows (total 66072448 so far)
INFO:__main__:  Progress: 45600/61399 members
INFO:__main__:Silver part 00151: 407144 rows (total 66479592 so far)
INFO:__main__:  Progress: 45900/61399 members
INFO:__main__:Silver part 00152: 430387 rows (total 66909979 so far)
INFO:__main__:  Progress: 46200/61399 members
INFO:__main__:Silver part 00153: 433212 rows (total 67343191 so far)
INFO:__main__:  Progress: 46500/61399 members
INFO:__main__:Silver part 00154: 429936 rows (total 67773127 so far)
INFO:__main__:  Progress: 46800/61399 members
INFO:__main__:Silver part 00155: 474467 rows (total 68247594 so far)
INFO:__main__:  Progress: 47100/61399 members
INFO:__main__:Silver part 00156: 403456 rows (total 68651050 so far)
INFO:__main__:  Progress: 47400/61399 members
INFO:__main__:Silver part 00157: 435507 rows (total 69086557 so far)
INFO:__main__:  Progress: 47700/61399 members
INFO:__main__:Silver part 00158: 468476 rows (total 69555033 so far)
INFO:__main__:  Progress: 48000/61399 members
INFO:__main__:Silver part 00159: 436495 rows (total 69991528 so far)
INFO:__main__:  Progress: 48300/61399 members
INFO:__main__:Silver part 00160: 454635 rows (total 70446163 so far)
INFO:__main__:  Progress: 48600/61399 members
INFO:__main__:Silver part 00161: 463419 rows (total 70909582 so far)
INFO:__main__:  Progress: 48900/61399 members
INFO:__main__:Silver part 00162: 444182 rows (total 71353764 so far)
INFO:__main__:  Progress: 49200/61399 members
INFO:__main__:Silver part 00163: 446839 rows (total 71800603 so far)
INFO:__main__:  Progress: 49500/61399 members
INFO:__main__:Silver part 00164: 451549 rows (total 72252152 so far)
INFO:__main__:  Progress: 49800/61399 members
INFO:__main__:Silver part 00165: 387297 rows (total 72639449 so far)
INFO:__main__:  Progress: 50100/61399 members
INFO:__main__:Silver part 00166: 451603 rows (total 73091052 so far)
INFO:__main__:  Progress: 50400/61399 members
INFO:__main__:Silver part 00167: 442870 rows (total 73533922 so far)
INFO:__main__:  Progress: 50700/61399 members
INFO:__main__:Silver part 00168: 427238 rows (total 73961160 so far)
INFO:__main__:  Progress: 51000/61399 members
INFO:__main__:Silver part 00169: 464859 rows (total 74426019 so far)
INFO:__main__:  Progress: 51300/61399 members
INFO:__main__:Silver part 00170: 441282 rows (total 74867301 so far)
INFO:__main__:  Progress: 51600/61399 members
INFO:__main__:Silver part 00171: 451536 rows (total 75318837 so far)
INFO:__main__:  Progress: 51900/61399 members
INFO:__main__:Silver part 00172: 458184 rows (total 75777021 so far)
INFO:__main__:  Progress: 52200/61399 members
INFO:__main__:Silver part 00173: 464677 rows (total 76241698 so far)
INFO:__main__:  Progress: 52500/61399 members
INFO:__main__:Silver part 00174: 432291 rows (total 76673989 so far)
INFO:__main__:  Progress: 52800/61399 members
INFO:__main__:Silver part 00175: 393476 rows (total 77067465 so far)
INFO:__main__:  Progress: 53100/61399 members
INFO:__main__:Silver part 00176: 464651 rows (total 77532116 so far)
INFO:__main__:  Progress: 53400/61399 members
INFO:__main__:Silver part 00177: 388301 rows (total 77920417 so far)
INFO:__main__:  Progress: 53700/61399 members
INFO:__main__:Silver part 00178: 442007 rows (total 78362424 so far)
INFO:__main__:  Progress: 54000/61399 members
INFO:__main__:Silver part 00179: 439479 rows (total 78801903 so far)
INFO:__main__:  Progress: 54300/61399 members
INFO:__main__:Silver part 00180: 427480 rows (total 79229383 so far)
INFO:__main__:  Progress: 54600/61399 members
INFO:__main__:Silver part 00181: 451391 rows (total 79680774 so far)
INFO:__main__:  Progress: 54900/61399 members
INFO:__main__:Silver part 00182: 459796 rows (total 80140570 so far)
INFO:__main__:  Progress: 55200/61399 members
INFO:__main__:Silver part 00183: 477860 rows (total 80618430 so far)
INFO:__main__:  Progress: 55500/61399 members
INFO:__main__:Silver part 00184: 432222 rows (total 81050652 so far)
INFO:__main__:  Progress: 55800/61399 members
INFO:__main__:Silver part 00185: 440703 rows (total 81491355 so far)
INFO:__main__:  Progress: 56100/61399 members
INFO:__main__:Silver part 00186: 464125 rows (total 81955480 so far)
INFO:__main__:  Progress: 56400/61399 members
INFO:__main__:Silver part 00187: 416114 rows (total 82371594 so far)
INFO:__main__:  Progress: 56700/61399 members
INFO:__main__:Silver part 00188: 491075 rows (total 82862669 so far)
INFO:__main__:  Progress: 57000/61399 members
INFO:__main__:Silver part 00189: 397507 rows (total 83260176 so far)
INFO:__main__:  Progress: 57300/61399 members
INFO:__main__:Silver part 00190: 504624 rows (total 83764800 so far)
INFO:__main__:  Progress: 57600/61399 members
INFO:__main__:Silver part 00191: 417964 rows (total 84182764 so far)
INFO:__main__:  Progress: 57900/61399 members
INFO:__main__:Silver part 00192: 424577 rows (total 84607341 so far)
INFO:__main__:  Progress: 58200/61399 members
INFO:__main__:Silver part 00193: 459919 rows (total 85067260 so far)
INFO:__main__:  Progress: 58500/61399 members
INFO:__main__:Silver part 00194: 433571 rows (total 85500831 so far)
INFO:__main__:  Progress: 58800/61399 members
INFO:__main__:Silver part 00195: 427379 rows (total 85928210 so far)
INFO:__main__:  Progress: 59100/61399 members
INFO:__main__:Silver part 00196: 453900 rows (total 86382110 so far)
INFO:__main__:  Progress: 59400/61399 members
INFO:__main__:Silver part 00197: 454409 rows (total 86836519 so far)
INFO:__main__:  Progress: 59700/61399 members
INFO:__main__:Silver part 00198: 416154 rows (total 87252673 so far)
INFO:__main__:  Progress: 60000/61399 members
INFO:__main__:Silver part 00199: 374603 rows (total 87627276 so far)
INFO:__main__:  Progress: 60300/61399 members
INFO:__main__:Silver part 00200: 454315 rows (total 88081591 so far)
INFO:__main__:  Progress: 60600/61399 members
INFO:__main__:Silver part 00201: 403780 rows (total 88485371 so far)
INFO:__main__:  Progress: 60900/61399 members
INFO:__main__:Silver part 00202: 480793 rows (total 88966164 so far)
INFO:__main__:  Progress: 61200/61399 members
INFO:__main__:Silver part 00203: 427749 rows (total 89393913 so far)
INFO:__main__:Silver part 00204: 323286 rows (total 89717199 so far)
INFO:__main__:Done v2025.12.01-planes-readsb-prod-0.tar: 205 Silver part(s), 89717199 total rows, 0 error(s)
